<?xml version="1.0" encoding="UTF-8"?>
<testsuite xmlns:xsi="http://www.w3.org/2001/XMLSchema-instance" xsi:noNamespaceSchemaLocation="https://maven.apache.org/surefire/maven-surefire-plugin/xsd/surefire-test-report-3.0.xsd" version="3.0" name="TestSuite" time="8.221" tests="8" errors="0" skipped="0" failures="0">
  <properties>
    <property name="java.specification.version" value="17"/>
    <property name="sun.cpu.isalist" value="amd64"/>
    <property name="sun.jnu.encoding" value="Cp1252"/>
    <property name="java.class.path" value="D:\Learning\SDET\RestAPI\SpotifyAPI\target\test-classes;D:\Learning\SDET\RestAPI\SpotifyAPI\target\classes;C:\WINDOWS\system32\config\systemprofile\.m2\repository\io\rest-assured\rest-assured\5.4.0\rest-assured-5.4.0.jar;C:\WINDOWS\system32\config\systemprofile\.m2\repository\org\apache\groovy\groovy\4.0.16\groovy-4.0.16.jar;C:\WINDOWS\system32\config\systemprofile\.m2\repository\org\apache\groovy\groovy-xml\4.0.16\groovy-xml-4.0.16.jar;C:\WINDOWS\system32\config\systemprofile\.m2\repository\org\apache\httpcomponents\httpclient\4.5.13\httpclient-4.5.13.jar;C:\WINDOWS\system32\config\systemprofile\.m2\repository\org\apache\httpcomponents\httpcore\4.4.13\httpcore-4.4.13.jar;C:\WINDOWS\system32\config\systemprofile\.m2\repository\commons-logging\commons-logging\1.2\commons-logging-1.2.jar;C:\WINDOWS\system32\config\systemprofile\.m2\repository\commons-codec\commons-codec\1.11\commons-codec-1.11.jar;C:\WINDOWS\system32\config\systemprofile\.m2\repository\org\apache\httpcomponents\httpmime\4.5.13\httpmime-4.5.13.jar;C:\WINDOWS\system32\config\systemprofile\.m2\repository\org\hamcrest\hamcrest\2.2\hamcrest-2.2.jar;C:\WINDOWS\system32\config\systemprofile\.m2\repository\org\ccil\cowan\tagsoup\tagsoup\1.2.1\tagsoup-1.2.1.jar;C:\WINDOWS\system32\config\systemprofile\.m2\repository\io\rest-assured\json-path\5.4.0\json-path-5.4.0.jar;C:\WINDOWS\system32\config\systemprofile\.m2\repository\org\apache\groovy\groovy-json\4.0.16\groovy-json-4.0.16.jar;C:\WINDOWS\system32\config\systemprofile\.m2\repository\io\rest-assured\rest-assured-common\5.4.0\rest-assured-common-5.4.0.jar;C:\WINDOWS\system32\config\systemprofile\.m2\repository\io\rest-assured\xml-path\5.4.0\xml-path-5.4.0.jar;C:\WINDOWS\system32\config\systemprofile\.m2\repository\org\apache\commons\commons-lang3\3.11\commons-lang3-3.11.jar;C:\WINDOWS\system32\config\systemprofile\.m2\repository\org\testng\testng\7.7.1\testng-7.7.1.jar;C:\WINDOWS\system32\config\systemprofile\.m2\repository\com\beust\jcommander\1.82\jcommander-1.82.jar;C:\WINDOWS\system32\config\systemprofile\.m2\repository\org\webjars\jquery\3.6.1\jquery-3.6.1.jar;C:\WINDOWS\system32\config\systemprofile\.m2\repository\com\google\code\gson\gson\2.10.1\gson-2.10.1.jar;C:\WINDOWS\system32\config\systemprofile\.m2\repository\org\slf4j\slf4j-api\2.0.9\slf4j-api-2.0.9.jar;C:\WINDOWS\system32\config\systemprofile\.m2\repository\ch\qos\logback\logback-classic\1.4.11\logback-classic-1.4.11.jar;C:\WINDOWS\system32\config\systemprofile\.m2\repository\ch\qos\logback\logback-core\1.4.11\logback-core-1.4.11.jar;C:\WINDOWS\system32\config\systemprofile\.m2\repository\com\aventstack\extentreports\5.0.9\extentreports-5.0.9.jar;C:\WINDOWS\system32\config\systemprofile\.m2\repository\io\reactivex\rxjava3\rxjava\3.0.4\rxjava-3.0.4.jar;C:\WINDOWS\system32\config\systemprofile\.m2\repository\org\reactivestreams\reactive-streams\1.0.3\reactive-streams-1.0.3.jar;C:\WINDOWS\system32\config\systemprofile\.m2\repository\org\freemarker\freemarker\2.3.30\freemarker-2.3.30.jar;C:\WINDOWS\system32\config\systemprofile\.m2\repository\org\projectlombok\lombok\1.18.34\lombok-1.18.34.jar;"/>
    <property name="java.vm.vendor" value="Oracle Corporation"/>
    <property name="sun.arch.data.model" value="64"/>
    <property name="user.variant" value=""/>
    <property name="java.vendor.url" value="https://java.oracle.com/"/>
    <property name="user.timezone" value="Asia/Calcutta"/>
    <property name="os.name" value="Windows 11"/>
    <property name="java.vm.specification.version" value="17"/>
    <property name="sun.java.launcher" value="SUN_STANDARD"/>
    <property name="user.country" value="IN"/>
    <property name="sun.boot.library.path" value="C:\Program Files\Java\jdk-17\bin"/>
    <property name="sun.java.command" value="C:\Windows\Temp\surefire15310302745425195684\surefirebooter-20241206040720817_3.jar C:\Windows\Temp\surefire15310302745425195684 2024-12-06T04-07-19_935-jvmRun1 surefire-20241206040720817_1tmp surefire_0-20241206040720817_2tmp"/>
    <property name="jdk.debug" value="release"/>
    <property name="surefire.test.class.path" value="D:\Learning\SDET\RestAPI\SpotifyAPI\target\test-classes;D:\Learning\SDET\RestAPI\SpotifyAPI\target\classes;C:\WINDOWS\system32\config\systemprofile\.m2\repository\io\rest-assured\rest-assured\5.4.0\rest-assured-5.4.0.jar;C:\WINDOWS\system32\config\systemprofile\.m2\repository\org\apache\groovy\groovy\4.0.16\groovy-4.0.16.jar;C:\WINDOWS\system32\config\systemprofile\.m2\repository\org\apache\groovy\groovy-xml\4.0.16\groovy-xml-4.0.16.jar;C:\WINDOWS\system32\config\systemprofile\.m2\repository\org\apache\httpcomponents\httpclient\4.5.13\httpclient-4.5.13.jar;C:\WINDOWS\system32\config\systemprofile\.m2\repository\org\apache\httpcomponents\httpcore\4.4.13\httpcore-4.4.13.jar;C:\WINDOWS\system32\config\systemprofile\.m2\repository\commons-logging\commons-logging\1.2\commons-logging-1.2.jar;C:\WINDOWS\system32\config\systemprofile\.m2\repository\commons-codec\commons-codec\1.11\commons-codec-1.11.jar;C:\WINDOWS\system32\config\systemprofile\.m2\repository\org\apache\httpcomponents\httpmime\4.5.13\httpmime-4.5.13.jar;C:\WINDOWS\system32\config\systemprofile\.m2\repository\org\hamcrest\hamcrest\2.2\hamcrest-2.2.jar;C:\WINDOWS\system32\config\systemprofile\.m2\repository\org\ccil\cowan\tagsoup\tagsoup\1.2.1\tagsoup-1.2.1.jar;C:\WINDOWS\system32\config\systemprofile\.m2\repository\io\rest-assured\json-path\5.4.0\json-path-5.4.0.jar;C:\WINDOWS\system32\config\systemprofile\.m2\repository\org\apache\groovy\groovy-json\4.0.16\groovy-json-4.0.16.jar;C:\WINDOWS\system32\config\systemprofile\.m2\repository\io\rest-assured\rest-assured-common\5.4.0\rest-assured-common-5.4.0.jar;C:\WINDOWS\system32\config\systemprofile\.m2\repository\io\rest-assured\xml-path\5.4.0\xml-path-5.4.0.jar;C:\WINDOWS\system32\config\systemprofile\.m2\repository\org\apache\commons\commons-lang3\3.11\commons-lang3-3.11.jar;C:\WINDOWS\system32\config\systemprofile\.m2\repository\org\testng\testng\7.7.1\testng-7.7.1.jar;C:\WINDOWS\system32\config\systemprofile\.m2\repository\com\beust\jcommander\1.82\jcommander-1.82.jar;C:\WINDOWS\system32\config\systemprofile\.m2\repository\org\webjars\jquery\3.6.1\jquery-3.6.1.jar;C:\WINDOWS\system32\config\systemprofile\.m2\repository\com\google\code\gson\gson\2.10.1\gson-2.10.1.jar;C:\WINDOWS\system32\config\systemprofile\.m2\repository\org\slf4j\slf4j-api\2.0.9\slf4j-api-2.0.9.jar;C:\WINDOWS\system32\config\systemprofile\.m2\repository\ch\qos\logback\logback-classic\1.4.11\logback-classic-1.4.11.jar;C:\WINDOWS\system32\config\systemprofile\.m2\repository\ch\qos\logback\logback-core\1.4.11\logback-core-1.4.11.jar;C:\WINDOWS\system32\config\systemprofile\.m2\repository\com\aventstack\extentreports\5.0.9\extentreports-5.0.9.jar;C:\WINDOWS\system32\config\systemprofile\.m2\repository\io\reactivex\rxjava3\rxjava\3.0.4\rxjava-3.0.4.jar;C:\WINDOWS\system32\config\systemprofile\.m2\repository\org\reactivestreams\reactive-streams\1.0.3\reactive-streams-1.0.3.jar;C:\WINDOWS\system32\config\systemprofile\.m2\repository\org\freemarker\freemarker\2.3.30\freemarker-2.3.30.jar;C:\WINDOWS\system32\config\systemprofile\.m2\repository\org\projectlombok\lombok\1.18.34\lombok-1.18.34.jar;"/>
    <property name="sun.cpu.endian" value="little"/>
    <property name="user.home" value="C:\WINDOWS\system32\config\systemprofile"/>
    <property name="user.language" value="en"/>
    <property name="java.specification.vendor" value="Oracle Corporation"/>
    <property name="java.version.date" value="2024-10-15"/>
    <property name="java.home" value="C:\Program Files\Java\jdk-17"/>
    <property name="file.separator" value="\"/>
    <property name="basedir" value="D:\Learning\SDET\RestAPI\SpotifyAPI"/>
    <property name="java.vm.compressedOopsMode" value="32-bit"/>
    <property name="line.separator" value="&#10;"/>
    <property name="java.vm.specification.vendor" value="Oracle Corporation"/>
    <property name="java.specification.name" value="Java Platform API Specification"/>
    <property name="surefire.real.class.path" value="C:\Windows\Temp\surefire15310302745425195684\surefirebooter-20241206040720817_3.jar"/>
    <property name="user.script" value=""/>
    <property name="sun.management.compiler" value="HotSpot 64-Bit Tiered Compilers"/>
    <property name="java.runtime.version" value="17.0.13+10-LTS-268"/>
    <property name="user.name" value="HARISHYAM$"/>
    <property name="path.separator" value=";"/>
    <property name="os.version" value="10.0"/>
    <property name="java.runtime.name" value="Java(TM) SE Runtime Environment"/>
    <property name="file.encoding" value="Cp1252"/>
    <property name="java.vm.name" value="Java HotSpot(TM) 64-Bit Server VM"/>
    <property name="localRepository" value="C:\WINDOWS\system32\config\systemprofile\.m2\repository"/>
    <property name="java.vendor.url.bug" value="https://bugreport.java.com/bugreport/"/>
    <property name="java.io.tmpdir" value="C:\WINDOWS\TEMP\"/>
    <property name="java.version" value="17.0.13"/>
    <property name="user.dir" value="D:\Learning\SDET\RestAPI\SpotifyAPI"/>
    <property name="os.arch" value="amd64"/>
    <property name="java.vm.specification.name" value="Java Virtual Machine Specification"/>
    <property name="sun.os.patch.level" value=""/>
    <property name="native.encoding" value="Cp1252"/>
    <property name="java.library.path" value="C:\Program Files\Java\jdk-17\bin;C:\WINDOWS\Sun\Java\bin;C:\WINDOWS\system32;C:\WINDOWS;C:\Program Files\Common Files\Oracle\Java\javapath;C:\WINDOWS\system32;C:\WINDOWS;C:\WINDOWS\System32\Wbem;C:\WINDOWS\System32\WindowsPowerShell\v1.0\;C:\WINDOWS\System32\OpenSSH\;C:\Program Files\Java\jdk-17\bin;C:\Users\haris\AppData\Local\Programs\Python\Python311\Scripts;C:\Program Files\Microsoft SQL Server\150\Tools\Binn\;C:\Program Files\CMake\bin;C:\MinGW\bin;C:\Program Files (x86)\MySQL\MySQL Server 5.5\bin;C:\Program Files\nodejs\;C:\Program Files\Meld\;C:\Program Files\Git\cmd;C:\Maven\apache-maven-3.9.9\bin;D:\Learning\Maven\apache-maven-3.9.9;C:\WINDOWS\system32\config\systemprofile\AppData\Local\Microsoft\WindowsApps;."/>
    <property name="java.vm.info" value="mixed mode, sharing"/>
    <property name="java.vendor" value="Oracle Corporation"/>
    <property name="java.vm.version" value="17.0.13+10-LTS-268"/>
    <property name="java.specification.maintenance.version" value="1"/>
    <property name="sun.io.unicode.encoding" value="UnicodeLittle"/>
    <property name="java.class.version" value="61.0"/>
  </properties>
  <testcase name="getArtist" classname="webAPI.TestAlbum" time="2.445">
    <system-out><![CDATA[04:07:21.898 [main] DEBUG org.testng.TestNG -- suiteXmlPath: "D:\Learning\SDET\RestAPI\SpotifyAPI\src\test\resources\testSuites\AlbumRegression.xml"
>>> Unser RetryListener -> Transform method
>>> Unser RetryListener -> Transform method
>>> Unser RetryListener -> Transform method
>>> Unser RetryListener -> Transform method
>>> Unser RetryListener -> Transform method
>>> Unser RetryListener -> Transform method
>>> Unser RetryListener -> Transform method
>>> Unser RetryListener -> Transform method
04:07:22.631 [main] INFO core.OutputLog -- >>> Current Date : Friday 06 Dec 2024
04:07:22.631 [main] INFO core.OutputLog -- >>> Folder already created
04:07:22.631 [main] INFO core.OutputLog -- >>> Current TimeStamp : Friday_06_Dec_2024_04_07_22
04:07:22.631 [main] INFO core.OutputLog -- >>> Report Initialization
04:07:22.741 [main] INFO core.OutputLog -- >>> Report Initialized
04:07:22.835 [main] INFO core.OutputLog -- XML Config loaded
04:07:22.960 [main] INFO core.OutputLog -- Reporter Attached
04:07:22.960 [main] INFO core.OutputLog -- Initialization Successfull
04:07:22.960 [main] INFO core.OutputLog -- Before suite executed.
04:07:22.975 [main] INFO core.OutputLog -- >>> Execution Started
04:07:22.991 [main] INFO core.OutputLog -- >>> getArtistexecution has been started.
04:07:23.006 [main] INFO core.OutputLog -- >>> Executing getArtist
>>> User Request Specification
ArtistResponse : {"external_urls":{"spotify":"https://open.spotify.com/artist/70B80Lwx2sxti0M1Ng9e8K"},"followers":{"href":null,"total":16948185},"genres":["chutney","filmi","odia pop"],"href":"https://api.spotify.com/v1/artists/70B80Lwx2sxti0M1Ng9e8K","id":"70B80Lwx2sxti0M1Ng9e8K","images":[{"url":"https://i.scdn.co/image/ab6761610000e5eb8de0e6e7e55d7773931ab7f4","height":640,"width":640},{"url":"https://i.scdn.co/image/ab676161000051748de0e6e7e55d7773931ab7f4","height":320,"width":320},{"url":"https://i.scdn.co/image/ab6761610000f1788de0e6e7e55d7773931ab7f4","height":160,"width":160}],"name":"Udit Narayan","popularity":81,"type":"artist","uri":"spotify:artist:70B80Lwx2sxti0M1Ng9e8K"}
04:07:25.447 [main] INFO core.OutputLog -- >>> Executed
]]></system-out>
  </testcase>
  <testcase name="getAlbum" classname="webAPI.TestAlbum" time="0.267">
    <system-out><![CDATA[04:07:25.462 [main] INFO core.OutputLog -- >>> getAlbumexecution has been started.
>>> User Request Specification
AlbumResponse : {"album_type":"album","total_tracks":21,"available_markets":["AR","AU","AT","BE","BO","BR","BG","CA","CL","CO","CR","CY","CZ","DK","DO","DE","EC","EE","SV","FI","FR","GR","GT","HN","HK","HU","IS","IE","IT","LV","LT","LU","MY","MT","MX","NL","NZ","NI","NO","PA","PY","PE","PH","PL","PT","SG","SK","ES","SE","CH","TW","TR","UY","US","GB","ID","JP","TH","VN","RO","IL","ZA","SA","AE","BH","QA","OM","KW","EG","MA","DZ","TN","LB","JO","PS","IN","UA","AL","BA","HR","ME","MK","RS","SI","KR","LK","GH","KE","NG","TZ","UG","BW","BF","CV","CW","GM","GW","LS","LR","MW","ML","NA","NE","ST","SN","SC","SL","TT","BI","KH","CM","TD","KM","GQ","SZ","GA","GN","MR","RW","TG","ZW","BJ","MG","MU","MZ","AO","CI","DJ","ZM","CD","CG","IQ","LY","VE","ET","XK"],"external_urls":{"spotify":"https://open.spotify.com/album/4rvCQOx2G4DYIq2dnTIN5U"},"href":"https://api.spotify.com/v1/albums/4rvCQOx2G4DYIq2dnTIN5U","id":"4rvCQOx2G4DYIq2dnTIN5U","images":[{"url":"https://i.scdn.co/image/ab67616d0000b2731b8565b88af9ae26f1adb0f2","height":640,"width":640},{"url":"https://i.scdn.co/image/ab67616d00001e021b8565b88af9ae26f1adb0f2","height":300,"width":300},{"url":"https://i.scdn.co/image/ab67616d000048511b8565b88af9ae26f1adb0f2","height":64,"width":64}],"name":"Udit Narayan Most Loved Songs","release_date":"2024-11-25","release_date_precision":"day","type":"album","uri":"spotify:album:4rvCQOx2G4DYIq2dnTIN5U","artists":[{"external_urls":{"spotify":"https://open.spotify.com/artist/70B80Lwx2sxti0M1Ng9e8K"},"href":"https://api.spotify.com/v1/artists/70B80Lwx2sxti0M1Ng9e8K","id":"70B80Lwx2sxti0M1Ng9e8K","name":"Udit Narayan","type":"artist","uri":"spotify:artist:70B80Lwx2sxti0M1Ng9e8K"}],"tracks":{"href":"https://api.spotify.com/v1/albums/4rvCQOx2G4DYIq2dnTIN5U/tracks?offset=0&limit=50","limit":50,"next":null,"offset":0,"previous":null,"total":21,"items":[{"artists":[{"external_urls":{"spotify":"https://open.spotify.com/artist/70B80Lwx2sxti0M1Ng9e8K"},"href":"https://api.spotify.com/v1/artists/70B80Lwx2sxti0M1Ng9e8K","id":"70B80Lwx2sxti0M1Ng9e8K","name":"Udit Narayan","type":"artist","uri":"spotify:artist:70B80Lwx2sxti0M1Ng9e8K"},{"external_urls":{"spotify":"https://open.spotify.com/artist/3gBKY0y3dFFVRqicLnVZYz"},"href":"https://api.spotify.com/v1/artists/3gBKY0y3dFFVRqicLnVZYz","id":"3gBKY0y3dFFVRqicLnVZYz","name":"Alka Yagnik","type":"artist","uri":"spotify:artist:3gBKY0y3dFFVRqicLnVZYz"}],"available_markets":["AR","AU","AT","BE","BO","BR","BG","CA","CL","CO","CR","CY","CZ","DK","DO","DE","EC","EE","SV","FI","FR","GR","GT","HN","HK","HU","IS","IE","IT","LV","LT","LU","MY","MT","MX","NL","NZ","NI","NO","PA","PY","PE","PH","PL","PT","SG","SK","ES","SE","CH","TW","TR","UY","US","GB","ID","JP","TH","VN","RO","IL","ZA","SA","AE","BH","QA","OM","KW","EG","MA","DZ","TN","LB","JO","PS","IN","UA","AL","BA","HR","ME","MK","RS","SI","KR","LK","GH","KE","NG","TZ","UG","BW","BF","CV","CW","GM","GW","LS","LR","MW","ML","NA","NE","ST","SN","SC","SL","TT","BI","KH","CM","TD","KM","GQ","SZ","GA","GN","MR","RW","TG","ZW","BJ","MG","MU","MZ","AO","CI","DJ","ZM","CD","CG","IQ","LY","VE","ET","XK"],"disc_number":1,"duration_ms":266058,"explicit":false,"external_urls":{"spotify":"https://open.spotify.com/track/4T6ZmGkD6WOxkfJ5TQjwMW"},"href":"https://api.spotify.com/v1/tracks/4T6ZmGkD6WOxkfJ5TQjwMW","id":"4T6ZmGkD6WOxkfJ5TQjwMW","name":"Tu Mere Samne - From \"Chori Chori\"","preview_url":null,"track_number":1,"type":"track","uri":"spotify:track:4T6ZmGkD6WOxkfJ5TQjwMW","is_local":false},{"artists":[{"external_urls":{"spotify":"https://open.spotify.com/artist/70B80Lwx2sxti0M1Ng9e8K"},"href":"https://api.spotify.com/v1/artists/70B80Lwx2sxti0M1Ng9e8K","id":"70B80Lwx2sxti0M1Ng9e8K","name":"Udit Narayan","type":"artist","uri":"spotify:artist:70B80Lwx2sxti0M1Ng9e8K"}],"available_markets":["AR","AU","AT","BE","BO","BR","BG","CA","CL","CO","CR","CY","CZ","DK","DO","DE","EC","EE","SV","FI","FR","GR","GT","HN","HK","HU","IS","IE","IT","LV","LT","LU","MY","MT","MX","NL","NZ","NI","NO","PA","PY","PE","PH","PL","PT","SG","SK","ES","SE","CH","TW","TR","UY","US","GB","ID","JP","TH","VN","RO","IL","ZA","SA","AE","BH","QA","OM","KW","EG","MA","DZ","TN","LB","JO","PS","IN","UA","AL","BA","HR","ME","MK","RS","SI","KR","LK","GH","KE","NG","TZ","UG","BW","BF","CV","CW","GM","GW","LS","LR","MW","ML","NA","NE","ST","SN","SC","SL","TT","BI","KH","CM","TD","KM","GQ","SZ","GA","GN","MR","RW","TG","ZW","BJ","MG","MU","MZ","AO","CI","DJ","ZM","CD","CG","IQ","LY","VE","ET","XK"],"disc_number":1,"duration_ms":525456,"explicit":false,"external_urls":{"spotify":"https://open.spotify.com/track/2TFfaxpEpPdncdUOBIJVHi"},"href":"https://api.spotify.com/v1/tracks/2TFfaxpEpPdncdUOBIJVHi","id":"2TFfaxpEpPdncdUOBIJVHi","name":"Hawaon Ne Yeh Kaha - From \"Aap Mujhe Achche Lagne Lage\"","preview_url":null,"track_number":2,"type":"track","uri":"spotify:track:2TFfaxpEpPdncdUOBIJVHi","is_local":false},{"artists":[{"external_urls":{"spotify":"https://open.spotify.com/artist/70B80Lwx2sxti0M1Ng9e8K"},"href":"https://api.spotify.com/v1/artists/70B80Lwx2sxti0M1Ng9e8K","id":"70B80Lwx2sxti0M1Ng9e8K","name":"Udit Narayan","type":"artist","uri":"spotify:artist:70B80Lwx2sxti0M1Ng9e8K"},{"external_urls":{"spotify":"https://open.spotify.com/artist/2wVpsY4Geh7l1YugsakLF2"},"href":"https://api.spotify.com/v1/artists/2wVpsY4Geh7l1YugsakLF2","id":"2wVpsY4Geh7l1YugsakLF2","name":"Sulakshana Pandit","type":"artist","uri":"spotify:artist:2wVpsY4Geh7l1YugsakLF2"}],"available_markets":["AR","AU","AT","BE","BO","BR","BG","CA","CL","CO","CR","CY","CZ","DK","DO","DE","EC","EE","SV","FI","FR","GR","GT","HN","HK","HU","IS","IE","IT","LV","LT","LU","MY","MT","MX","NL","NZ","NI","NO","PA","PY","PE","PH","PL","PT","SG","SK","ES","SE","CH","TW","TR","UY","US","GB","ID","JP","TH","VN","RO","IL","ZA","SA","AE","BH","QA","OM","KW","EG","MA","DZ","TN","LB","JO","PS","IN","UA","AL","BA","HR","ME","MK","RS","SI","KR","LK","GH","KE","NG","TZ","UG","BW","BF","CV","CW","GM","GW","LS","LR","MW","ML","NA","NE","ST","SN","SC","SL","TT","BI","KH","CM","TD","KM","GQ","SZ","GA","GN","MR","RW","TG","ZW","BJ","MG","MU","MZ","AO","CI","DJ","ZM","CD","CG","IQ","LY","VE","ET","XK"],"disc_number":1,"duration_ms":359933,"explicit":false,"external_urls":{"spotify":"https://open.spotify.com/track/20t41au7yINGkw7AFLlnkL"},"href":"https://api.spotify.com/v1/tracks/20t41au7yINGkw7AFLlnkL","id":"20t41au7yINGkw7AFLlnkL","name":"Saagar Kinare Do Dil Hai Pyase - From \"Khamoshi - The Musical\"","preview_url":null,"track_number":3,"type":"track","uri":"spotify:track:20t41au7yINGkw7AFLlnkL","is_local":false},{"artists":[{"external_urls":{"spotify":"https://open.spotify.com/artist/70B80Lwx2sxti0M1Ng9e8K"},"href":"https://api.spotify.com/v1/artists/70B80Lwx2sxti0M1Ng9e8K","id":"70B80Lwx2sxti0M1Ng9e8K","name":"Udit Narayan","type":"artist","uri":"spotify:artist:70B80Lwx2sxti0M1Ng9e8K"},{"external_urls":{"spotify":"https://open.spotify.com/artist/4Hbdz7LNnEHpAD9MwvxCdV"},"href":"https://api.spotify.com/v1/artists/4Hbdz7LNnEHpAD9MwvxCdV","id":"4Hbdz7LNnEHpAD9MwvxCdV","name":"Saswati Phukan","type":"artist","uri":"spotify:artist:4Hbdz7LNnEHpAD9MwvxCdV"}],"available_markets":["AR","AU","AT","BE","BO","BR","BG","CA","CL","CO","CR","CY","CZ","DK","DO","DE","EC","EE","SV","FI","FR","GR","GT","HN","HK","HU","IS","IE","IT","LV","LT","LU","MY","MT","MX","NL","NZ","NI","NO","PA","PY","PE","PH","PL","PT","SG","SK","ES","SE","CH","TW","TR","UY","US","GB","ID","JP","TH","VN","RO","IL","ZA","SA","AE","BH","QA","OM","KW","EG","MA","DZ","TN","LB","JO","PS","IN","UA","AL","BA","HR","ME","MK","RS","SI","KR","LK","GH","KE","NG","TZ","UG","BW","BF","CV","CW","GM","GW","LS","LR","MW","ML","NA","NE","ST","SN","SC","SL","TT","BI","KH","CM","TD","KM","GQ","SZ","GA","GN","MR","RW","TG","ZW","BJ","MG","MU","MZ","AO","CI","DJ","ZM","CD","CG","IQ","LY","VE","ET","XK"],"disc_number":1,"duration_ms":333145,"explicit":false,"external_urls":{"spotify":"https://open.spotify.com/track/5fBnvyI0PB9qKovwugS5fO"},"href":"https://api.spotify.com/v1/tracks/5fBnvyI0PB9qKovwugS5fO","id":"5fBnvyI0PB9qKovwugS5fO","name":"Ek Ladki Bas Gayee - From \"Jaal - The Trap\"","preview_url":null,"track_number":4,"type":"track","uri":"spotify:track:5fBnvyI0PB9qKovwugS5fO","is_local":false},{"artists":[{"external_urls":{"spotify":"https://open.spotify.com/artist/6WPmTGeeoymoVlXVtsCwz7"},"href":"https://api.spotify.com/v1/artists/6WPmTGeeoymoVlXVtsCwz7","id":"6WPmTGeeoymoVlXVtsCwz7","name":"Kavita Krishnamurthy","type":"artist","uri":"spotify:artist:6WPmTGeeoymoVlXVtsCwz7"},{"external_urls":{"spotify":"https://open.spotify.com/artist/70B80Lwx2sxti0M1Ng9e8K"},"href":"https://api.spotify.com/v1/artists/70B80Lwx2sxti0M1Ng9e8K","id":"70B80Lwx2sxti0M1Ng9e8K","name":"Udit Narayan","type":"artist","uri":"spotify:artist:70B80Lwx2sxti0M1Ng9e8K"}],"available_markets":["AR","AU","AT","BE","BO","BR","BG","CA","CL","CO","CR","CY","CZ","DK","DO","DE","EC","EE","SV","FI","FR","GR","GT","HN","HK","HU","IS","IE","IT","LV","LT","LU","MY","MT","MX","NL","NZ","NI","NO","PA","PY","PE","PH","PL","PT","SG","SK","ES","SE","CH","TW","TR","UY","US","GB","ID","JP","TH","VN","RO","IL","ZA","SA","AE","BH","QA","OM","KW","EG","MA","DZ","TN","LB","JO","PS","IN","UA","AL","BA","HR","ME","MK","RS","SI","KR","LK","GH","KE","NG","TZ","UG","BW","BF","CV","CW","GM","GW","LS","LR","MW","ML","NA","NE","ST","SN","SC","SL","TT","BI","KH","CM","TD","KM","GQ","SZ","GA","GN","MR","RW","TG","ZW","BJ","MG","MU","MZ","AO","CI","DJ","ZM","CD","CG","IQ","LY","VE","ET","XK"],"disc_number":1,"duration_ms":362293,"explicit":false,"external_urls":{"spotify":"https://open.spotify.com/track/3j3b1xaOJEbw1JqSLNuUGJ"},"href":"https://api.spotify.com/v1/tracks/3j3b1xaOJEbw1JqSLNuUGJ","id":"3j3b1xaOJEbw1JqSLNuUGJ","name":"Hamesha Tumko Chaha - From \"Devdas\"","preview_url":null,"track_number":5,"type":"track","uri":"spotify:track:3j3b1xaOJEbw1JqSLNuUGJ","is_local":false},{"artists":[{"external_urls":{"spotify":"https://open.spotify.com/artist/70B80Lwx2sxti0M1Ng9e8K"},"href":"https://api.spotify.com/v1/artists/70B80Lwx2sxti0M1Ng9e8K","id":"70B80Lwx2sxti0M1Ng9e8K","name":"Udit Narayan","type":"artist","uri":"spotify:artist:70B80Lwx2sxti0M1Ng9e8K"},{"external_urls":{"spotify":"https://open.spotify.com/artist/3gBKY0y3dFFVRqicLnVZYz"},"href":"https://api.spotify.com/v1/artists/3gBKY0y3dFFVRqicLnVZYz","id":"3gBKY0y3dFFVRqicLnVZYz","name":"Alka Yagnik","type":"artist","uri":"spotify:artist:3gBKY0y3dFFVRqicLnVZYz"}],"available_markets":["AR","AU","AT","BE","BO","BR","BG","CA","CL","CO","CR","CY","CZ","DK","DO","DE","EC","EE","SV","FI","FR","GR","GT","HN","HK","HU","IS","IE","IT","LV","LT","LU","MY","MT","MX","NL","NZ","NI","NO","PA","PY","PE","PH","PL","PT","SG","SK","ES","SE","CH","TW","TR","UY","US","GB","ID","JP","TH","VN","RO","IL","ZA","SA","AE","BH","QA","OM","KW","EG","MA","DZ","TN","LB","JO","PS","IN","UA","AL","BA","HR","ME","MK","RS","SI","KR","LK","GH","KE","NG","TZ","UG","BW","BF","CV","CW","GM","GW","LS","LR","MW","ML","NA","NE","ST","SN","SC","SL","TT","BI","KH","CM","TD","KM","GQ","SZ","GA","GN","MR","RW","TG","ZW","BJ","MG","MU","MZ","AO","CI","DJ","ZM","CD","CG","IQ","LY","VE","ET","XK"],"disc_number":1,"duration_ms":269458,"explicit":false,"external_urls":{"spotify":"https://open.spotify.com/track/7x1cbTng0It7Knylo6A0Po"},"href":"https://api.spotify.com/v1/tracks/7x1cbTng0It7Knylo6A0Po","id":"7x1cbTng0It7Knylo6A0Po","name":"Rab Di Kasam - From \"Indian\"","preview_url":null,"track_number":6,"type":"track","uri":"spotify:track:7x1cbTng0It7Knylo6A0Po","is_local":false},{"artists":[{"external_urls":{"spotify":"https://open.spotify.com/artist/70B80Lwx2sxti0M1Ng9e8K"},"href":"https://api.spotify.com/v1/artists/70B80Lwx2sxti0M1Ng9e8K","id":"70B80Lwx2sxti0M1Ng9e8K","name":"Udit Narayan","type":"artist","uri":"spotify:artist:70B80Lwx2sxti0M1Ng9e8K"},{"external_urls":{"spotify":"https://open.spotify.com/artist/3eDT9fwXKuHWFvgZaaYC5v"},"href":"https://api.spotify.com/v1/artists/3eDT9fwXKuHWFvgZaaYC5v","id":"3eDT9fwXKuHWFvgZaaYC5v","name":"Sunidhi Chauhan","type":"artist","uri":"spotify:artist:3eDT9fwXKuHWFvgZaaYC5v"}],"available_markets":["AR","AU","AT","BE","BO","BR","BG","CA","CL","CO","CR","CY","CZ","DK","DO","DE","EC","EE","SV","FI","FR","GR","GT","HN","HK","HU","IS","IE","IT","LV","LT","LU","MY","MT","MX","NL","NZ","NI","NO","PA","PY","PE","PH","PL","PT","SG","SK","ES","SE","CH","TW","TR","UY","US","GB","ID","JP","TH","VN","RO","IL","ZA","SA","AE","BH","QA","OM","KW","EG","MA","DZ","TN","LB","JO","PS","IN","UA","AL","BA","HR","ME","MK","RS","SI","KR","LK","GH","KE","NG","TZ","UG","BW","BF","CV","CW","GM","GW","LS","LR","MW","ML","NA","NE","ST","SN","SC","SL","TT","BI","KH","CM","TD","KM","GQ","SZ","GA","GN","MR","RW","TG","ZW","BJ","MG","MU","MZ","AO","CI","DJ","ZM","CD","CG","IQ","LY","VE","ET","XK"],"disc_number":1,"duration_ms":251489,"explicit":false,"external_urls":{"spotify":"https://open.spotify.com/track/2mmvJ14ekizuPlPief97fg"},"href":"https://api.spotify.com/v1/tracks/2mmvJ14ekizuPlPief97fg","id":"2mmvJ14ekizuPlPief97fg","name":"Kehta Hai Mera Jiya - From \"Raja Bhaiya\"","preview_url":null,"track_number":7,"type":"track","uri":"spotify:track:2mmvJ14ekizuPlPief97fg","is_local":false},{"artists":[{"external_urls":{"spotify":"https://open.spotify.com/artist/70B80Lwx2sxti0M1Ng9e8K"},"href":"https://api.spotify.com/v1/artists/70B80Lwx2sxti0M1Ng9e8K","id":"70B80Lwx2sxti0M1Ng9e8K","name":"Udit Narayan","type":"artist","uri":"spotify:artist:70B80Lwx2sxti0M1Ng9e8K"}],"available_markets":["AR","AU","AT","BE","BO","BR","BG","CA","CL","CO","CR","CY","CZ","DK","DO","DE","EC","EE","SV","FI","FR","GR","GT","HN","HK","HU","IS","IE","IT","LV","LT","LU","MY","MT","MX","NL","NZ","NI","NO","PA","PY","PE","PH","PL","PT","SG","SK","ES","SE","CH","TW","TR","UY","US","GB","ID","JP","TH","VN","RO","IL","ZA","SA","AE","BH","QA","OM","KW","EG","MA","DZ","TN","LB","JO","PS","IN","UA","AL","BA","HR","ME","MK","RS","SI","KR","LK","GH","KE","NG","TZ","UG","BW","BF","CV","CW","GM","GW","LS","LR","MW","ML","NA","NE","ST","SN","SC","SL","TT","BI","KH","CM","TD","KM","GQ","SZ","GA","GN","MR","RW","TG","ZW","BJ","MG","MU","MZ","AO","CI","DJ","ZM","CD","CG","IQ","LY","VE","ET","XK"],"disc_number":1,"duration_ms":207990,"explicit":false,"external_urls":{"spotify":"https://open.spotify.com/track/2WuT14mASEIALLLDJyTvuX"},"href":"https://api.spotify.com/v1/tracks/2WuT14mASEIALLLDJyTvuX","id":"2WuT14mASEIALLLDJyTvuX","name":"Zindagi Hai Masti - From \"Aisa Kyon\"","preview_url":null,"track_number":8,"type":"track","uri":"spotify:track:2WuT14mASEIALLLDJyTvuX","is_local":false},{"artists":[{"external_urls":{"spotify":"https://open.spotify.com/artist/70B80Lwx2sxti0M1Ng9e8K"},"href":"https://api.spotify.com/v1/artists/70B80Lwx2sxti0M1Ng9e8K","id":"70B80Lwx2sxti0M1Ng9e8K","name":"Udit Narayan","type":"artist","uri":"spotify:artist:70B80Lwx2sxti0M1Ng9e8K"},{"external_urls":{"spotify":"https://open.spotify.com/artist/6WPmTGeeoymoVlXVtsCwz7"},"href":"https://api.spotify.com/v1/artists/6WPmTGeeoymoVlXVtsCwz7","id":"6WPmTGeeoymoVlXVtsCwz7","name":"Kavita Krishnamurthy","type":"artist","uri":"spotify:artist:6WPmTGeeoymoVlXVtsCwz7"}],"available_markets":["AR","AU","AT","BE","BO","BR","BG","CA","CL","CO","CR","CY","CZ","DK","DO","DE","EC","EE","SV","FI","FR","GR","GT","HN","HK","HU","IS","IE","IT","LV","LT","LU","MY","MT","MX","NL","NZ","NI","NO","PA","PY","PE","PH","PL","PT","SG","SK","ES","SE","CH","TW","TR","UY","US","GB","ID","JP","TH","VN","RO","IL","ZA","SA","AE","BH","QA","OM","KW","EG","MA","DZ","TN","LB","JO","PS","IN","UA","AL","BA","HR","ME","MK","RS","SI","KR","LK","GH","KE","NG","TZ","UG","BW","BF","CV","CW","GM","GW","LS","LR","MW","ML","NA","NE","ST","SN","SC","SL","TT","BI","KH","CM","TD","KM","GQ","SZ","GA","GN","MR","RW","TG","ZW","BJ","MG","MU","MZ","AO","CI","DJ","ZM","CD","CG","IQ","LY","VE","ET","XK"],"disc_number":1,"duration_ms":353125,"explicit":false,"external_urls":{"spotify":"https://open.spotify.com/track/7GZCjBqyLMSXWo9BusrLMs"},"href":"https://api.spotify.com/v1/tracks/7GZCjBqyLMSXWo9BusrLMs","id":"7GZCjBqyLMSXWo9BusrLMs","name":"Kitne Door Kitne Paas - From \"Kitne Door Kitne Paas\"","preview_url":null,"track_number":9,"type":"track","uri":"spotify:track:7GZCjBqyLMSXWo9BusrLMs","is_local":false},{"artists":[{"external_urls":{"spotify":"https://open.spotify.com/artist/70B80Lwx2sxti0M1Ng9e8K"},"href":"https://api.spotify.com/v1/artists/70B80Lwx2sxti0M1Ng9e8K","id":"70B80Lwx2sxti0M1Ng9e8K","name":"Udit Narayan","type":"artist","uri":"spotify:artist:70B80Lwx2sxti0M1Ng9e8K"},{"external_urls":{"spotify":"https://open.spotify.com/artist/5as8A4G47Ohu9NSWs3Je8U"},"href":"https://api.spotify.com/v1/artists/5as8A4G47Ohu9NSWs3Je8U","id":"5as8A4G47Ohu9NSWs3Je8U","name":"Asha Bhosle","type":"artist","uri":"spotify:artist:5as8A4G47Ohu9NSWs3Je8U"}],"available_markets":["AR","AU","AT","BE","BO","BR","BG","CA","CL","CO","CR","CY","CZ","DK","DO","DE","EC","EE","SV","FI","FR","GR","GT","HN","HK","HU","IS","IE","IT","LV","LT","LU","MY","MT","MX","NL","NZ","NI","NO","PA","PY","PE","PH","PL","PT","SG","SK","ES","SE","CH","TW","TR","UY","US","GB","ID","JP","TH","VN","RO","IL","ZA","SA","AE","BH","QA","OM","KW","EG","MA","DZ","TN","LB","JO","PS","IN","UA","AL","BA","HR","ME","MK","RS","SI","KR","LK","GH","KE","NG","TZ","UG","BW","BF","CV","CW","GM","GW","LS","LR","MW","ML","NA","NE","ST","SN","SC","SL","TT","BI","KH","CM","TD","KM","GQ","SZ","GA","GN","MR","RW","TG","ZW","BJ","MG","MU","MZ","AO","CI","DJ","ZM","CD","CG","IQ","LY","VE","ET","XK"],"disc_number":1,"duration_ms":332680,"explicit":false,"external_urls":{"spotify":"https://open.spotify.com/track/2JwUgq2SnZN2IuSUyDEuya"},"href":"https://api.spotify.com/v1/tracks/2JwUgq2SnZN2IuSUyDEuya","id":"2JwUgq2SnZN2IuSUyDEuya","name":"Ek Ladke Pe Aa Gaya Hai - Inth Ka Jawab Patthar / Soundtrack Version","preview_url":null,"track_number":10,"type":"track","uri":"spotify:track:2JwUgq2SnZN2IuSUyDEuya","is_local":false},{"artists":[{"external_urls":{"spotify":"https://open.spotify.com/artist/70B80Lwx2sxti0M1Ng9e8K"},"href":"https://api.spotify.com/v1/artists/70B80Lwx2sxti0M1Ng9e8K","id":"70B80Lwx2sxti0M1Ng9e8K","name":"Udit Narayan","type":"artist","uri":"spotify:artist:70B80Lwx2sxti0M1Ng9e8K"}],"available_markets":["AR","AU","AT","BE","BO","BR","BG","CA","CL","CO","CR","CY","CZ","DK","DO","DE","EC","EE","SV","FI","FR","GR","GT","HN","HK","HU","IS","IE","IT","LV","LT","LU","MY","MT","MX","NL","NZ","NI","NO","PA","PY","PE","PH","PL","PT","SG","SK","ES","SE","CH","TW","TR","UY","US","GB","ID","JP","TH","VN","RO","IL","ZA","SA","AE","BH","QA","OM","KW","EG","MA","DZ","TN","LB","JO","PS","IN","UA","AL","BA","HR","ME","MK","RS","SI","KR","LK","GH","KE","NG","TZ","UG","BW","BF","CV","CW","GM","GW","LS","LR","MW","ML","NA","NE","ST","SN","SC","SL","TT","BI","KH","CM","TD","KM","GQ","SZ","GA","GN","MR","RW","TG","ZW","BJ","MG","MU","MZ","AO","CI","DJ","ZM","CD","CG","IQ","LY","VE","ET","XK"],"disc_number":1,"duration_ms":313560,"explicit":false,"external_urls":{"spotify":"https://open.spotify.com/track/5EX1m8zlWxZa3zSh1VgmFi"},"href":"https://api.spotify.com/v1/tracks/5EX1m8zlWxZa3zSh1VgmFi","id":"5EX1m8zlWxZa3zSh1VgmFi","name":"Jana Suno Hum Tumpe Marte Hai - From \"Khamoshi - The Musical\"","preview_url":null,"track_number":11,"type":"track","uri":"spotify:track:5EX1m8zlWxZa3zSh1VgmFi","is_local":false},{"artists":[{"external_urls":{"spotify":"https://open.spotify.com/artist/70B80Lwx2sxti0M1Ng9e8K"},"href":"https://api.spotify.com/v1/artists/70B80Lwx2sxti0M1Ng9e8K","id":"70B80Lwx2sxti0M1Ng9e8K","name":"Udit Narayan","type":"artist","uri":"spotify:artist:70B80Lwx2sxti0M1Ng9e8K"},{"external_urls":{"spotify":"https://open.spotify.com/artist/6lpXKoHUzxZc5PwyS6cu4C"},"href":"https://api.spotify.com/v1/artists/6lpXKoHUzxZc5PwyS6cu4C","id":"6lpXKoHUzxZc5PwyS6cu4C","name":"Poornima","type":"artist","uri":"spotify:artist:6lpXKoHUzxZc5PwyS6cu4C"}],"available_markets":["AR","AU","AT","BE","BO","BR","BG","CA","CL","CO","CR","CY","CZ","DK","DO","DE","EC","EE","SV","FI","FR","GR","GT","HN","HK","HU","IS","IE","IT","LV","LT","LU","MY","MT","MX","NL","NZ","NI","NO","PA","PY","PE","PH","PL","PT","SG","SK","ES","SE","CH","TW","TR","UY","US","GB","ID","JP","TH","VN","RO","IL","ZA","SA","AE","BH","QA","OM","KW","EG","MA","DZ","TN","LB","JO","PS","IN","UA","AL","BA","HR","ME","MK","RS","SI","KR","LK","GH","KE","NG","TZ","UG","BW","BF","CV","CW","GM","GW","LS","LR","MW","ML","NA","NE","ST","SN","SC","SL","TT","BI","KH","CM","TD","KM","GQ","SZ","GA","GN","MR","RW","TG","ZW","BJ","MG","MU","MZ","AO","CI","DJ","ZM","CD","CG","IQ","LY","VE","ET","XK"],"disc_number":1,"duration_ms":302733,"explicit":false,"external_urls":{"spotify":"https://open.spotify.com/track/2quZfLH6GWTn5PJRAULoAb"},"href":"https://api.spotify.com/v1/tracks/2quZfLH6GWTn5PJRAULoAb","id":"2quZfLH6GWTn5PJRAULoAb","name":"Sone Jaisa Roop Hai - Deewana Hoon Pagal Nahin / Soundtrack Version","preview_url":null,"track_number":12,"type":"track","uri":"spotify:track:2quZfLH6GWTn5PJRAULoAb","is_local":false},{"artists":[{"external_urls":{"spotify":"https://open.spotify.com/artist/70B80Lwx2sxti0M1Ng9e8K"},"href":"https://api.spotify.com/v1/artists/70B80Lwx2sxti0M1Ng9e8K","id":"70B80Lwx2sxti0M1Ng9e8K","name":"Udit Narayan","type":"artist","uri":"spotify:artist:70B80Lwx2sxti0M1Ng9e8K"},{"external_urls":{"spotify":"https://open.spotify.com/artist/7guD32ltIhsA1tHdf7IVe0"},"href":"https://api.spotify.com/v1/artists/7guD32ltIhsA1tHdf7IVe0","id":"7guD32ltIhsA1tHdf7IVe0","name":"Babul Supriyo","type":"artist","uri":"spotify:artist:7guD32ltIhsA1tHdf7IVe0"},{"external_urls":{"spotify":"https://open.spotify.com/artist/3eDT9fwXKuHWFvgZaaYC5v"},"href":"https://api.spotify.com/v1/artists/3eDT9fwXKuHWFvgZaaYC5v","id":"3eDT9fwXKuHWFvgZaaYC5v","name":"Sunidhi Chauhan","type":"artist","uri":"spotify:artist:3eDT9fwXKuHWFvgZaaYC5v"}],"available_markets":["AR","AU","AT","BE","BO","BR","BG","CA","CL","CO","CR","CY","CZ","DK","DO","DE","EC","EE","SV","FI","FR","GR","GT","HN","HK","HU","IS","IE","IT","LV","LT","LU","MY","MT","MX","NL","NZ","NI","NO","PA","PY","PE","PH","PL","PT","SG","SK","ES","SE","CH","TW","TR","UY","US","GB","ID","JP","TH","VN","RO","IL","ZA","SA","AE","BH","QA","OM","KW","EG","MA","DZ","TN","LB","JO","PS","IN","UA","AL","BA","HR","ME","MK","RS","SI","KR","LK","GH","KE","NG","TZ","UG","BW","BF","CV","CW","GM","GW","LS","LR","MW","ML","NA","NE","ST","SN","SC","SL","TT","BI","KH","CM","TD","KM","GQ","SZ","GA","GN","MR","RW","TG","ZW","BJ","MG","MU","MZ","AO","CI","DJ","ZM","CD","CG","IQ","LY","VE","ET","XK"],"disc_number":1,"duration_ms":282431,"explicit":false,"external_urls":{"spotify":"https://open.spotify.com/track/70FGySA81QaCzP465O3uQj"},"href":"https://api.spotify.com/v1/tracks/70FGySA81QaCzP465O3uQj","id":"70FGySA81QaCzP465O3uQj","name":"Style Nasha Tera - From \"Aamdani Atthanni Kharcha Rupaiya\"","preview_url":null,"track_number":13,"type":"track","uri":"spotify:track:70FGySA81QaCzP465O3uQj","is_local":false},{"artists":[{"external_urls":{"spotify":"https://open.spotify.com/artist/70B80Lwx2sxti0M1Ng9e8K"},"href":"https://api.spotify.com/v1/artists/70B80Lwx2sxti0M1Ng9e8K","id":"70B80Lwx2sxti0M1Ng9e8K","name":"Udit Narayan","type":"artist","uri":"spotify:artist:70B80Lwx2sxti0M1Ng9e8K"}],"available_markets":["AR","AU","AT","BE","BO","BR","BG","CA","CL","CO","CR","CY","CZ","DK","DO","DE","EC","EE","SV","FI","FR","GR","GT","HN","HK","HU","IS","IE","IT","LV","LT","LU","MY","MT","MX","NL","NZ","NI","NO","PA","PY","PE","PH","PL","PT","SG","SK","ES","SE","CH","TW","TR","UY","US","GB","ID","JP","TH","VN","RO","IL","ZA","SA","AE","BH","QA","OM","KW","EG","MA","DZ","TN","LB","JO","PS","IN","UA","AL","BA","HR","ME","MK","RS","SI","KR","LK","GH","KE","NG","TZ","UG","BW","BF","CV","CW","GM","GW","LS","LR","MW","ML","NA","NE","ST","SN","SC","SL","TT","BI","KH","CM","TD","KM","GQ","SZ","GA","GN","MR","RW","TG","ZW","BJ","MG","MU","MZ","AO","CI","DJ","ZM","CD","CG","IQ","LY","VE","ET","XK"],"disc_number":1,"duration_ms":230121,"explicit":false,"external_urls":{"spotify":"https://open.spotify.com/track/2iovhDixLek9Y4YNxbvk0X"},"href":"https://api.spotify.com/v1/tracks/2iovhDixLek9Y4YNxbvk0X","id":"2iovhDixLek9Y4YNxbvk0X","name":"Aisa Kyon - From \"Aisa Kyon\"","preview_url":null,"track_number":14,"type":"track","uri":"spotify:track:2iovhDixLek9Y4YNxbvk0X","is_local":false},{"artists":[{"external_urls":{"spotify":"https://open.spotify.com/artist/70B80Lwx2sxti0M1Ng9e8K"},"href":"https://api.spotify.com/v1/artists/70B80Lwx2sxti0M1Ng9e8K","id":"70B80Lwx2sxti0M1Ng9e8K","name":"Udit Narayan","type":"artist","uri":"spotify:artist:70B80Lwx2sxti0M1Ng9e8K"}],"available_markets":["AR","AU","AT","BE","BO","BR","BG","CA","CL","CO","CR","CY","CZ","DK","DO","DE","EC","EE","SV","FI","FR","GR","GT","HN","HK","HU","IS","IE","IT","LV","LT","LU","MY","MT","MX","NL","NZ","NI","NO","PA","PY","PE","PH","PL","PT","SG","SK","ES","SE","CH","TW","TR","UY","US","GB","ID","JP","TH","VN","RO","IL","ZA","SA","AE","BH","QA","OM","KW","EG","MA","DZ","TN","LB","JO","PS","IN","UA","AL","BA","HR","ME","MK","RS","SI","KR","LK","GH","KE","NG","TZ","UG","BW","BF","CV","CW","GM","GW","LS","LR","MW","ML","NA","NE","ST","SN","SC","SL","TT","BI","KH","CM","TD","KM","GQ","SZ","GA","GN","MR","RW","TG","ZW","BJ","MG","MU","MZ","AO","CI","DJ","ZM","CD","CG","IQ","LY","VE","ET","XK"],"disc_number":1,"duration_ms":411333,"explicit":false,"external_urls":{"spotify":"https://open.spotify.com/track/0EC3Rd0IJn346a9oH9nc51"},"href":"https://api.spotify.com/v1/tracks/0EC3Rd0IJn346a9oH9nc51","id":"0EC3Rd0IJn346a9oH9nc51","name":"Badhaai Ho Badhaai - Badhaai Ho Badhaai / Soundtrack Version","preview_url":null,"track_number":15,"type":"track","uri":"spotify:track:0EC3Rd0IJn346a9oH9nc51","is_local":false},{"artists":[{"external_urls":{"spotify":"https://open.spotify.com/artist/70B80Lwx2sxti0M1Ng9e8K"},"href":"https://api.spotify.com/v1/artists/70B80Lwx2sxti0M1Ng9e8K","id":"70B80Lwx2sxti0M1Ng9e8K","name":"Udit Narayan","type":"artist","uri":"spotify:artist:70B80Lwx2sxti0M1Ng9e8K"},{"external_urls":{"spotify":"https://open.spotify.com/artist/5cB4d4jPYjMT326sjihQ4m"},"href":"https://api.spotify.com/v1/artists/5cB4d4jPYjMT326sjihQ4m","id":"5cB4d4jPYjMT326sjihQ4m","name":"Shaan","type":"artist","uri":"spotify:artist:5cB4d4jPYjMT326sjihQ4m"},{"external_urls":{"spotify":"https://open.spotify.com/artist/4rnZuhwnklBG6MvcLIjEfd"},"href":"https://api.spotify.com/v1/artists/4rnZuhwnklBG6MvcLIjEfd","id":"4rnZuhwnklBG6MvcLIjEfd","name":"Johnny Lever","type":"artist","uri":"spotify:artist:4rnZuhwnklBG6MvcLIjEfd"}],"available_markets":["AR","AU","AT","BE","BO","BR","BG","CA","CL","CO","CR","CY","CZ","DK","DO","DE","EC","EE","SV","FI","FR","GR","GT","HN","HK","HU","IS","IE","IT","LV","LT","LU","MY","MT","MX","NL","NZ","NI","NO","PA","PY","PE","PH","PL","PT","SG","SK","ES","SE","CH","TW","TR","UY","US","GB","ID","JP","TH","VN","RO","IL","ZA","SA","AE","BH","QA","OM","KW","EG","MA","DZ","TN","LB","JO","PS","IN","UA","AL","BA","HR","ME","MK","RS","SI","KR","LK","GH","KE","NG","TZ","UG","BW","BF","CV","CW","GM","GW","LS","LR","MW","ML","NA","NE","ST","SN","SC","SL","TT","BI","KH","CM","TD","KM","GQ","SZ","GA","GN","MR","RW","TG","ZW","BJ","MG","MU","MZ","AO","CI","DJ","ZM","CD","CG","IQ","LY","VE","ET","XK"],"disc_number":1,"duration_ms":370786,"explicit":false,"external_urls":{"spotify":"https://open.spotify.com/track/17xcHcrKMLeNOZYr5J4C4r"},"href":"https://api.spotify.com/v1/tracks/17xcHcrKMLeNOZYr5J4C4r","id":"17xcHcrKMLeNOZYr5J4C4r","name":"Aamdani Atthanni - Aamdani Atthanni Kharcha Rupaiya / Soundtrack Version","preview_url":null,"track_number":16,"type":"track","uri":"spotify:track:17xcHcrKMLeNOZYr5J4C4r","is_local":false},{"artists":[{"external_urls":{"spotify":"https://open.spotify.com/artist/70B80Lwx2sxti0M1Ng9e8K"},"href":"https://api.spotify.com/v1/artists/70B80Lwx2sxti0M1Ng9e8K","id":"70B80Lwx2sxti0M1Ng9e8K","name":"Udit Narayan","type":"artist","uri":"spotify:artist:70B80Lwx2sxti0M1Ng9e8K"},{"external_urls":{"spotify":"https://open.spotify.com/artist/3gBKY0y3dFFVRqicLnVZYz"},"href":"https://api.spotify.com/v1/artists/3gBKY0y3dFFVRqicLnVZYz","id":"3gBKY0y3dFFVRqicLnVZYz","name":"Alka Yagnik","type":"artist","uri":"spotify:artist:3gBKY0y3dFFVRqicLnVZYz"}],"available_markets":["AR","AU","AT","BE","BO","BR","BG","CA","CL","CO","CR","CY","CZ","DK","DO","DE","EC","EE","SV","FI","FR","GR","GT","HN","HK","HU","IS","IE","IT","LV","LT","LU","MY","MT","MX","NL","NZ","NI","NO","PA","PY","PE","PH","PL","PT","SG","SK","ES","SE","CH","TW","TR","UY","US","GB","ID","JP","TH","VN","RO","IL","ZA","SA","AE","BH","QA","OM","KW","EG","MA","DZ","TN","LB","JO","PS","IN","UA","AL","BA","HR","ME","MK","RS","SI","KR","LK","GH","KE","NG","TZ","UG","BW","BF","CV","CW","GM","GW","LS","LR","MW","ML","NA","NE","ST","SN","SC","SL","TT","BI","KH","CM","TD","KM","GQ","SZ","GA","GN","MR","RW","TG","ZW","BJ","MG","MU","MZ","AO","CI","DJ","ZM","CD","CG","IQ","LY","VE","ET","XK"],"disc_number":1,"duration_ms":327942,"explicit":false,"external_urls":{"spotify":"https://open.spotify.com/track/2V93YwAihWFPi9Qa1qArFa"},"href":"https://api.spotify.com/v1/tracks/2V93YwAihWFPi9Qa1qArFa","id":"2V93YwAihWFPi9Qa1qArFa","name":"Chudi Khankayi Re - From \"Yeh Hai Jalwa\"","preview_url":null,"track_number":17,"type":"track","uri":"spotify:track:2V93YwAihWFPi9Qa1qArFa","is_local":false},{"artists":[{"external_urls":{"spotify":"https://open.spotify.com/artist/70B80Lwx2sxti0M1Ng9e8K"},"href":"https://api.spotify.com/v1/artists/70B80Lwx2sxti0M1Ng9e8K","id":"70B80Lwx2sxti0M1Ng9e8K","name":"Udit Narayan","type":"artist","uri":"spotify:artist:70B80Lwx2sxti0M1Ng9e8K"},{"external_urls":{"spotify":"https://open.spotify.com/artist/3gBKY0y3dFFVRqicLnVZYz"},"href":"https://api.spotify.com/v1/artists/3gBKY0y3dFFVRqicLnVZYz","id":"3gBKY0y3dFFVRqicLnVZYz","name":"Alka Yagnik","type":"artist","uri":"spotify:artist:3gBKY0y3dFFVRqicLnVZYz"}],"available_markets":["AR","AU","AT","BE","BO","BR","BG","CA","CL","CO","CR","CY","CZ","DK","DO","DE","EC","EE","SV","FI","FR","GR","GT","HN","HK","HU","IS","IE","IT","LV","LT","LU","MY","MT","MX","NL","NZ","NI","NO","PA","PY","PE","PH","PL","PT","SG","SK","ES","SE","CH","TW","TR","UY","US","GB","ID","JP","TH","VN","RO","IL","ZA","SA","AE","BH","QA","OM","KW","EG","MA","DZ","TN","LB","JO","PS","IN","UA","AL","BA","HR","ME","MK","RS","SI","KR","LK","GH","KE","NG","TZ","UG","BW","BF","CV","CW","GM","GW","LS","LR","MW","ML","NA","NE","ST","SN","SC","SL","TT","BI","KH","CM","TD","KM","GQ","SZ","GA","GN","MR","RW","TG","ZW","BJ","MG","MU","MZ","AO","CI","DJ","ZM","CD","CG","IQ","LY","VE","ET","XK"],"disc_number":1,"duration_ms":268972,"explicit":false,"external_urls":{"spotify":"https://open.spotify.com/track/3V3BTu3sF872XCLhRfFYWa"},"href":"https://api.spotify.com/v1/tracks/3V3BTu3sF872XCLhRfFYWa","id":"3V3BTu3sF872XCLhRfFYWa","name":"Mujhe Teri Nazarne - Waah..! Tera Kya Kehna / OST","preview_url":null,"track_number":18,"type":"track","uri":"spotify:track:3V3BTu3sF872XCLhRfFYWa","is_local":false},{"artists":[{"external_urls":{"spotify":"https://open.spotify.com/artist/70B80Lwx2sxti0M1Ng9e8K"},"href":"https://api.spotify.com/v1/artists/70B80Lwx2sxti0M1Ng9e8K","id":"70B80Lwx2sxti0M1Ng9e8K","name":"Udit Narayan","type":"artist","uri":"spotify:artist:70B80Lwx2sxti0M1Ng9e8K"},{"external_urls":{"spotify":"https://open.spotify.com/artist/0Yb0T3wUUNiIvHjqnfkbuH"},"href":"https://api.spotify.com/v1/artists/0Yb0T3wUUNiIvHjqnfkbuH","id":"0Yb0T3wUUNiIvHjqnfkbuH","name":"Mahalakshmi Iyer","type":"artist","uri":"spotify:artist:0Yb0T3wUUNiIvHjqnfkbuH"}],"available_markets":["AR","AU","AT","BE","BO","BR","BG","CA","CL","CO","CR","CY","CZ","DK","DO","DE","EC","EE","SV","FI","FR","GR","GT","HN","HK","HU","IS","IE","IT","LV","LT","LU","MY","MT","MX","NL","NZ","NI","NO","PA","PY","PE","PH","PL","PT","SG","SK","ES","SE","CH","TW","TR","UY","US","GB","ID","JP","TH","VN","RO","IL","ZA","SA","AE","BH","QA","OM","KW","EG","MA","DZ","TN","LB","JO","PS","IN","UA","AL","BA","HR","ME","MK","RS","SI","KR","LK","GH","KE","NG","TZ","UG","BW","BF","CV","CW","GM","GW","LS","LR","MW","ML","NA","NE","ST","SN","SC","SL","TT","BI","KH","CM","TD","KM","GQ","SZ","GA","GN","MR","RW","TG","ZW","BJ","MG","MU","MZ","AO","CI","DJ","ZM","CD","CG","IQ","LY","VE","ET","XK"],"disc_number":1,"duration_ms":260733,"explicit":false,"external_urls":{"spotify":"https://open.spotify.com/track/5eCnr6stwrH5jCxnkplnCI"},"href":"https://api.spotify.com/v1/tracks/5eCnr6stwrH5jCxnkplnCI","id":"5eCnr6stwrH5jCxnkplnCI","name":"Tum Kaho To - Shaadi Ka Laddoo / Soundtrack Version","preview_url":null,"track_number":19,"type":"track","uri":"spotify:track:5eCnr6stwrH5jCxnkplnCI","is_local":false},{"artists":[{"external_urls":{"spotify":"https://open.spotify.com/artist/70B80Lwx2sxti0M1Ng9e8K"},"href":"https://api.spotify.com/v1/artists/70B80Lwx2sxti0M1Ng9e8K","id":"70B80Lwx2sxti0M1Ng9e8K","name":"Udit Narayan","type":"artist","uri":"spotify:artist:70B80Lwx2sxti0M1Ng9e8K"},{"external_urls":{"spotify":"https://open.spotify.com/artist/5as8A4G47Ohu9NSWs3Je8U"},"href":"https://api.spotify.com/v1/artists/5as8A4G47Ohu9NSWs3Je8U","id":"5as8A4G47Ohu9NSWs3Je8U","name":"Asha Bhosle","type":"artist","uri":"spotify:artist:5as8A4G47Ohu9NSWs3Je8U"}],"available_markets":["AR","AU","AT","BE","BO","BR","BG","CA","CL","CO","CR","CY","CZ","DK","DO","DE","EC","EE","SV","FI","FR","GR","GT","HN","HK","HU","IS","IE","IT","LV","LT","LU","MY","MT","MX","NL","NZ","NI","NO","PA","PY","PE","PH","PL","PT","SG","SK","ES","SE","CH","TW","TR","UY","US","GB","ID","JP","TH","VN","RO","IL","ZA","SA","AE","BH","QA","OM","KW","EG","MA","DZ","TN","LB","JO","PS","IN","UA","AL","BA","HR","ME","MK","RS","SI","KR","LK","GH","KE","NG","TZ","UG","BW","BF","CV","CW","GM","GW","LS","LR","MW","ML","NA","NE","ST","SN","SC","SL","TT","BI","KH","CM","TD","KM","GQ","SZ","GA","GN","MR","RW","TG","ZW","BJ","MG","MU","MZ","AO","CI","DJ","ZM","CD","CG","IQ","LY","VE","ET","XK"],"disc_number":1,"duration_ms":342920,"explicit":false,"external_urls":{"spotify":"https://open.spotify.com/track/7h5i8V9bfUdCZ412yzpUKY"},"href":"https://api.spotify.com/v1/tracks/7h5i8V9bfUdCZ412yzpUKY","id":"7h5i8V9bfUdCZ412yzpUKY","name":"Rajai Odh Ke - Inth Ka Jawab Patthar / Soundtrack Version","preview_url":null,"track_number":20,"type":"track","uri":"spotify:track:7h5i8V9bfUdCZ412yzpUKY","is_local":false},{"artists":[{"external_urls":{"spotify":"https://open.spotify.com/artist/3gBKY0y3dFFVRqicLnVZYz"},"href":"https://api.spotify.com/v1/artists/3gBKY0y3dFFVRqicLnVZYz","id":"3gBKY0y3dFFVRqicLnVZYz","name":"Alka Yagnik","type":"artist","uri":"spotify:artist:3gBKY0y3dFFVRqicLnVZYz"},{"external_urls":{"spotify":"https://open.spotify.com/artist/70B80Lwx2sxti0M1Ng9e8K"},"href":"https://api.spotify.com/v1/artists/70B80Lwx2sxti0M1Ng9e8K","id":"70B80Lwx2sxti0M1Ng9e8K","name":"Udit Narayan","type":"artist","uri":"spotify:artist:70B80Lwx2sxti0M1Ng9e8K"}],"available_markets":["AR","AU","AT","BE","BO","BR","BG","CA","CL","CO","CR","CY","CZ","DK","DO","DE","EC","EE","SV","FI","FR","GR","GT","HN","HK","HU","IS","IE","IT","LV","LT","LU","MY","MT","MX","NL","NZ","NI","NO","PA","PY","PE","PH","PL","PT","SG","SK","ES","SE","CH","TW","TR","UY","US","GB","ID","JP","TH","VN","RO","IL","ZA","SA","AE","BH","QA","OM","KW","EG","MA","DZ","TN","LB","JO","PS","IN","UA","AL","BA","HR","ME","MK","RS","SI","KR","LK","GH","KE","NG","TZ","UG","BW","BF","CV","CW","GM","GW","LS","LR","MW","ML","NA","NE","ST","SN","SC","SL","TT","BI","KH","CM","TD","KM","GQ","SZ","GA","GN","MR","RW","TG","ZW","BJ","MG","MU","MZ","AO","CI","DJ","ZM","CD","CG","IQ","LY","VE","ET","XK"],"disc_number":1,"duration_ms":280986,"explicit":false,"external_urls":{"spotify":"https://open.spotify.com/track/0veb8GZd7AOcTtQ8XDAYsV"},"href":"https://api.spotify.com/v1/tracks/0veb8GZd7AOcTtQ8XDAYsV","id":"0veb8GZd7AOcTtQ8XDAYsV","name":"Kuchh Hamare Hai - Pyaar Koi Khel Nahin / Soundtrack Version","preview_url":null,"track_number":21,"type":"track","uri":"spotify:track:0veb8GZd7AOcTtQ8XDAYsV","is_local":false}]},"copyrights":[{"text":"© 2024 UMG Recordings, Inc.","type":"C"},{"text":"℗ 2024 UMG Recordings, Inc. FP","type":"P"}],"external_ids":{"upc":"00602475631798"},"genres":[],"label":"UME - Global Clearing House","popularity":33}
]]></system-out>
  </testcase>
  <testcase name="getSeveralAlbums" classname="webAPI.TestAlbum" time="0.282">
    <system-out><![CDATA[04:07:25.722 [main] INFO core.OutputLog -- >>> getSeveralAlbumsexecution has been started.
>>> User Request Specification
AlbumResponse : {"albums":[{"album_type":"album","total_tracks":21,"available_markets":["AR","AU","AT","BE","BO","BR","BG","CA","CL","CO","CR","CY","CZ","DK","DO","DE","EC","EE","SV","FI","FR","GR","GT","HN","HK","HU","IS","IE","IT","LV","LT","LU","MY","MT","MX","NL","NZ","NI","NO","PA","PY","PE","PH","PL","PT","SG","SK","ES","SE","CH","TW","TR","UY","US","GB","ID","JP","TH","VN","RO","IL","ZA","SA","AE","BH","QA","OM","KW","EG","MA","DZ","TN","LB","JO","PS","IN","UA","AL","BA","HR","ME","MK","RS","SI","KR","LK","GH","KE","NG","TZ","UG","BW","BF","CV","CW","GM","GW","LS","LR","MW","ML","NA","NE","ST","SN","SC","SL","TT","BI","KH","CM","TD","KM","GQ","SZ","GA","GN","MR","RW","TG","ZW","BJ","MG","MU","MZ","AO","CI","DJ","ZM","CD","CG","IQ","LY","VE","ET","XK"],"external_urls":{"spotify":"https://open.spotify.com/album/4rvCQOx2G4DYIq2dnTIN5U"},"href":"https://api.spotify.com/v1/albums/4rvCQOx2G4DYIq2dnTIN5U","id":"4rvCQOx2G4DYIq2dnTIN5U","images":[{"url":"https://i.scdn.co/image/ab67616d0000b2731b8565b88af9ae26f1adb0f2","height":640,"width":640},{"url":"https://i.scdn.co/image/ab67616d00001e021b8565b88af9ae26f1adb0f2","height":300,"width":300},{"url":"https://i.scdn.co/image/ab67616d000048511b8565b88af9ae26f1adb0f2","height":64,"width":64}],"name":"Udit Narayan Most Loved Songs","release_date":"2024-11-25","release_date_precision":"day","type":"album","uri":"spotify:album:4rvCQOx2G4DYIq2dnTIN5U","artists":[{"external_urls":{"spotify":"https://open.spotify.com/artist/70B80Lwx2sxti0M1Ng9e8K"},"href":"https://api.spotify.com/v1/artists/70B80Lwx2sxti0M1Ng9e8K","id":"70B80Lwx2sxti0M1Ng9e8K","name":"Udit Narayan","type":"artist","uri":"spotify:artist:70B80Lwx2sxti0M1Ng9e8K"}],"tracks":{"href":"https://api.spotify.com/v1/albums/4rvCQOx2G4DYIq2dnTIN5U/tracks?offset=0&limit=50","limit":50,"next":null,"offset":0,"previous":null,"total":21,"items":[{"artists":[{"external_urls":{"spotify":"https://open.spotify.com/artist/70B80Lwx2sxti0M1Ng9e8K"},"href":"https://api.spotify.com/v1/artists/70B80Lwx2sxti0M1Ng9e8K","id":"70B80Lwx2sxti0M1Ng9e8K","name":"Udit Narayan","type":"artist","uri":"spotify:artist:70B80Lwx2sxti0M1Ng9e8K"},{"external_urls":{"spotify":"https://open.spotify.com/artist/3gBKY0y3dFFVRqicLnVZYz"},"href":"https://api.spotify.com/v1/artists/3gBKY0y3dFFVRqicLnVZYz","id":"3gBKY0y3dFFVRqicLnVZYz","name":"Alka Yagnik","type":"artist","uri":"spotify:artist:3gBKY0y3dFFVRqicLnVZYz"}],"available_markets":["AR","AU","AT","BE","BO","BR","BG","CA","CL","CO","CR","CY","CZ","DK","DO","DE","EC","EE","SV","FI","FR","GR","GT","HN","HK","HU","IS","IE","IT","LV","LT","LU","MY","MT","MX","NL","NZ","NI","NO","PA","PY","PE","PH","PL","PT","SG","SK","ES","SE","CH","TW","TR","UY","US","GB","ID","JP","TH","VN","RO","IL","ZA","SA","AE","BH","QA","OM","KW","EG","MA","DZ","TN","LB","JO","PS","IN","UA","AL","BA","HR","ME","MK","RS","SI","KR","LK","GH","KE","NG","TZ","UG","BW","BF","CV","CW","GM","GW","LS","LR","MW","ML","NA","NE","ST","SN","SC","SL","TT","BI","KH","CM","TD","KM","GQ","SZ","GA","GN","MR","RW","TG","ZW","BJ","MG","MU","MZ","AO","CI","DJ","ZM","CD","CG","IQ","LY","VE","ET","XK"],"disc_number":1,"duration_ms":266058,"explicit":false,"external_urls":{"spotify":"https://open.spotify.com/track/4T6ZmGkD6WOxkfJ5TQjwMW"},"href":"https://api.spotify.com/v1/tracks/4T6ZmGkD6WOxkfJ5TQjwMW","id":"4T6ZmGkD6WOxkfJ5TQjwMW","name":"Tu Mere Samne - From \"Chori Chori\"","preview_url":null,"track_number":1,"type":"track","uri":"spotify:track:4T6ZmGkD6WOxkfJ5TQjwMW","is_local":false},{"artists":[{"external_urls":{"spotify":"https://open.spotify.com/artist/70B80Lwx2sxti0M1Ng9e8K"},"href":"https://api.spotify.com/v1/artists/70B80Lwx2sxti0M1Ng9e8K","id":"70B80Lwx2sxti0M1Ng9e8K","name":"Udit Narayan","type":"artist","uri":"spotify:artist:70B80Lwx2sxti0M1Ng9e8K"}],"available_markets":["AR","AU","AT","BE","BO","BR","BG","CA","CL","CO","CR","CY","CZ","DK","DO","DE","EC","EE","SV","FI","FR","GR","GT","HN","HK","HU","IS","IE","IT","LV","LT","LU","MY","MT","MX","NL","NZ","NI","NO","PA","PY","PE","PH","PL","PT","SG","SK","ES","SE","CH","TW","TR","UY","US","GB","ID","JP","TH","VN","RO","IL","ZA","SA","AE","BH","QA","OM","KW","EG","MA","DZ","TN","LB","JO","PS","IN","UA","AL","BA","HR","ME","MK","RS","SI","KR","LK","GH","KE","NG","TZ","UG","BW","BF","CV","CW","GM","GW","LS","LR","MW","ML","NA","NE","ST","SN","SC","SL","TT","BI","KH","CM","TD","KM","GQ","SZ","GA","GN","MR","RW","TG","ZW","BJ","MG","MU","MZ","AO","CI","DJ","ZM","CD","CG","IQ","LY","VE","ET","XK"],"disc_number":1,"duration_ms":525456,"explicit":false,"external_urls":{"spotify":"https://open.spotify.com/track/2TFfaxpEpPdncdUOBIJVHi"},"href":"https://api.spotify.com/v1/tracks/2TFfaxpEpPdncdUOBIJVHi","id":"2TFfaxpEpPdncdUOBIJVHi","name":"Hawaon Ne Yeh Kaha - From \"Aap Mujhe Achche Lagne Lage\"","preview_url":null,"track_number":2,"type":"track","uri":"spotify:track:2TFfaxpEpPdncdUOBIJVHi","is_local":false},{"artists":[{"external_urls":{"spotify":"https://open.spotify.com/artist/70B80Lwx2sxti0M1Ng9e8K"},"href":"https://api.spotify.com/v1/artists/70B80Lwx2sxti0M1Ng9e8K","id":"70B80Lwx2sxti0M1Ng9e8K","name":"Udit Narayan","type":"artist","uri":"spotify:artist:70B80Lwx2sxti0M1Ng9e8K"},{"external_urls":{"spotify":"https://open.spotify.com/artist/2wVpsY4Geh7l1YugsakLF2"},"href":"https://api.spotify.com/v1/artists/2wVpsY4Geh7l1YugsakLF2","id":"2wVpsY4Geh7l1YugsakLF2","name":"Sulakshana Pandit","type":"artist","uri":"spotify:artist:2wVpsY4Geh7l1YugsakLF2"}],"available_markets":["AR","AU","AT","BE","BO","BR","BG","CA","CL","CO","CR","CY","CZ","DK","DO","DE","EC","EE","SV","FI","FR","GR","GT","HN","HK","HU","IS","IE","IT","LV","LT","LU","MY","MT","MX","NL","NZ","NI","NO","PA","PY","PE","PH","PL","PT","SG","SK","ES","SE","CH","TW","TR","UY","US","GB","ID","JP","TH","VN","RO","IL","ZA","SA","AE","BH","QA","OM","KW","EG","MA","DZ","TN","LB","JO","PS","IN","UA","AL","BA","HR","ME","MK","RS","SI","KR","LK","GH","KE","NG","TZ","UG","BW","BF","CV","CW","GM","GW","LS","LR","MW","ML","NA","NE","ST","SN","SC","SL","TT","BI","KH","CM","TD","KM","GQ","SZ","GA","GN","MR","RW","TG","ZW","BJ","MG","MU","MZ","AO","CI","DJ","ZM","CD","CG","IQ","LY","VE","ET","XK"],"disc_number":1,"duration_ms":359933,"explicit":false,"external_urls":{"spotify":"https://open.spotify.com/track/20t41au7yINGkw7AFLlnkL"},"href":"https://api.spotify.com/v1/tracks/20t41au7yINGkw7AFLlnkL","id":"20t41au7yINGkw7AFLlnkL","name":"Saagar Kinare Do Dil Hai Pyase - From \"Khamoshi - The Musical\"","preview_url":null,"track_number":3,"type":"track","uri":"spotify:track:20t41au7yINGkw7AFLlnkL","is_local":false},{"artists":[{"external_urls":{"spotify":"https://open.spotify.com/artist/70B80Lwx2sxti0M1Ng9e8K"},"href":"https://api.spotify.com/v1/artists/70B80Lwx2sxti0M1Ng9e8K","id":"70B80Lwx2sxti0M1Ng9e8K","name":"Udit Narayan","type":"artist","uri":"spotify:artist:70B80Lwx2sxti0M1Ng9e8K"},{"external_urls":{"spotify":"https://open.spotify.com/artist/4Hbdz7LNnEHpAD9MwvxCdV"},"href":"https://api.spotify.com/v1/artists/4Hbdz7LNnEHpAD9MwvxCdV","id":"4Hbdz7LNnEHpAD9MwvxCdV","name":"Saswati Phukan","type":"artist","uri":"spotify:artist:4Hbdz7LNnEHpAD9MwvxCdV"}],"available_markets":["AR","AU","AT","BE","BO","BR","BG","CA","CL","CO","CR","CY","CZ","DK","DO","DE","EC","EE","SV","FI","FR","GR","GT","HN","HK","HU","IS","IE","IT","LV","LT","LU","MY","MT","MX","NL","NZ","NI","NO","PA","PY","PE","PH","PL","PT","SG","SK","ES","SE","CH","TW","TR","UY","US","GB","ID","JP","TH","VN","RO","IL","ZA","SA","AE","BH","QA","OM","KW","EG","MA","DZ","TN","LB","JO","PS","IN","UA","AL","BA","HR","ME","MK","RS","SI","KR","LK","GH","KE","NG","TZ","UG","BW","BF","CV","CW","GM","GW","LS","LR","MW","ML","NA","NE","ST","SN","SC","SL","TT","BI","KH","CM","TD","KM","GQ","SZ","GA","GN","MR","RW","TG","ZW","BJ","MG","MU","MZ","AO","CI","DJ","ZM","CD","CG","IQ","LY","VE","ET","XK"],"disc_number":1,"duration_ms":333145,"explicit":false,"external_urls":{"spotify":"https://open.spotify.com/track/5fBnvyI0PB9qKovwugS5fO"},"href":"https://api.spotify.com/v1/tracks/5fBnvyI0PB9qKovwugS5fO","id":"5fBnvyI0PB9qKovwugS5fO","name":"Ek Ladki Bas Gayee - From \"Jaal - The Trap\"","preview_url":null,"track_number":4,"type":"track","uri":"spotify:track:5fBnvyI0PB9qKovwugS5fO","is_local":false},{"artists":[{"external_urls":{"spotify":"https://open.spotify.com/artist/6WPmTGeeoymoVlXVtsCwz7"},"href":"https://api.spotify.com/v1/artists/6WPmTGeeoymoVlXVtsCwz7","id":"6WPmTGeeoymoVlXVtsCwz7","name":"Kavita Krishnamurthy","type":"artist","uri":"spotify:artist:6WPmTGeeoymoVlXVtsCwz7"},{"external_urls":{"spotify":"https://open.spotify.com/artist/70B80Lwx2sxti0M1Ng9e8K"},"href":"https://api.spotify.com/v1/artists/70B80Lwx2sxti0M1Ng9e8K","id":"70B80Lwx2sxti0M1Ng9e8K","name":"Udit Narayan","type":"artist","uri":"spotify:artist:70B80Lwx2sxti0M1Ng9e8K"}],"available_markets":["AR","AU","AT","BE","BO","BR","BG","CA","CL","CO","CR","CY","CZ","DK","DO","DE","EC","EE","SV","FI","FR","GR","GT","HN","HK","HU","IS","IE","IT","LV","LT","LU","MY","MT","MX","NL","NZ","NI","NO","PA","PY","PE","PH","PL","PT","SG","SK","ES","SE","CH","TW","TR","UY","US","GB","ID","JP","TH","VN","RO","IL","ZA","SA","AE","BH","QA","OM","KW","EG","MA","DZ","TN","LB","JO","PS","IN","UA","AL","BA","HR","ME","MK","RS","SI","KR","LK","GH","KE","NG","TZ","UG","BW","BF","CV","CW","GM","GW","LS","LR","MW","ML","NA","NE","ST","SN","SC","SL","TT","BI","KH","CM","TD","KM","GQ","SZ","GA","GN","MR","RW","TG","ZW","BJ","MG","MU","MZ","AO","CI","DJ","ZM","CD","CG","IQ","LY","VE","ET","XK"],"disc_number":1,"duration_ms":362293,"explicit":false,"external_urls":{"spotify":"https://open.spotify.com/track/3j3b1xaOJEbw1JqSLNuUGJ"},"href":"https://api.spotify.com/v1/tracks/3j3b1xaOJEbw1JqSLNuUGJ","id":"3j3b1xaOJEbw1JqSLNuUGJ","name":"Hamesha Tumko Chaha - From \"Devdas\"","preview_url":null,"track_number":5,"type":"track","uri":"spotify:track:3j3b1xaOJEbw1JqSLNuUGJ","is_local":false},{"artists":[{"external_urls":{"spotify":"https://open.spotify.com/artist/70B80Lwx2sxti0M1Ng9e8K"},"href":"https://api.spotify.com/v1/artists/70B80Lwx2sxti0M1Ng9e8K","id":"70B80Lwx2sxti0M1Ng9e8K","name":"Udit Narayan","type":"artist","uri":"spotify:artist:70B80Lwx2sxti0M1Ng9e8K"},{"external_urls":{"spotify":"https://open.spotify.com/artist/3gBKY0y3dFFVRqicLnVZYz"},"href":"https://api.spotify.com/v1/artists/3gBKY0y3dFFVRqicLnVZYz","id":"3gBKY0y3dFFVRqicLnVZYz","name":"Alka Yagnik","type":"artist","uri":"spotify:artist:3gBKY0y3dFFVRqicLnVZYz"}],"available_markets":["AR","AU","AT","BE","BO","BR","BG","CA","CL","CO","CR","CY","CZ","DK","DO","DE","EC","EE","SV","FI","FR","GR","GT","HN","HK","HU","IS","IE","IT","LV","LT","LU","MY","MT","MX","NL","NZ","NI","NO","PA","PY","PE","PH","PL","PT","SG","SK","ES","SE","CH","TW","TR","UY","US","GB","ID","JP","TH","VN","RO","IL","ZA","SA","AE","BH","QA","OM","KW","EG","MA","DZ","TN","LB","JO","PS","IN","UA","AL","BA","HR","ME","MK","RS","SI","KR","LK","GH","KE","NG","TZ","UG","BW","BF","CV","CW","GM","GW","LS","LR","MW","ML","NA","NE","ST","SN","SC","SL","TT","BI","KH","CM","TD","KM","GQ","SZ","GA","GN","MR","RW","TG","ZW","BJ","MG","MU","MZ","AO","CI","DJ","ZM","CD","CG","IQ","LY","VE","ET","XK"],"disc_number":1,"duration_ms":269458,"explicit":false,"external_urls":{"spotify":"https://open.spotify.com/track/7x1cbTng0It7Knylo6A0Po"},"href":"https://api.spotify.com/v1/tracks/7x1cbTng0It7Knylo6A0Po","id":"7x1cbTng0It7Knylo6A0Po","name":"Rab Di Kasam - From \"Indian\"","preview_url":null,"track_number":6,"type":"track","uri":"spotify:track:7x1cbTng0It7Knylo6A0Po","is_local":false},{"artists":[{"external_urls":{"spotify":"https://open.spotify.com/artist/70B80Lwx2sxti0M1Ng9e8K"},"href":"https://api.spotify.com/v1/artists/70B80Lwx2sxti0M1Ng9e8K","id":"70B80Lwx2sxti0M1Ng9e8K","name":"Udit Narayan","type":"artist","uri":"spotify:artist:70B80Lwx2sxti0M1Ng9e8K"},{"external_urls":{"spotify":"https://open.spotify.com/artist/3eDT9fwXKuHWFvgZaaYC5v"},"href":"https://api.spotify.com/v1/artists/3eDT9fwXKuHWFvgZaaYC5v","id":"3eDT9fwXKuHWFvgZaaYC5v","name":"Sunidhi Chauhan","type":"artist","uri":"spotify:artist:3eDT9fwXKuHWFvgZaaYC5v"}],"available_markets":["AR","AU","AT","BE","BO","BR","BG","CA","CL","CO","CR","CY","CZ","DK","DO","DE","EC","EE","SV","FI","FR","GR","GT","HN","HK","HU","IS","IE","IT","LV","LT","LU","MY","MT","MX","NL","NZ","NI","NO","PA","PY","PE","PH","PL","PT","SG","SK","ES","SE","CH","TW","TR","UY","US","GB","ID","JP","TH","VN","RO","IL","ZA","SA","AE","BH","QA","OM","KW","EG","MA","DZ","TN","LB","JO","PS","IN","UA","AL","BA","HR","ME","MK","RS","SI","KR","LK","GH","KE","NG","TZ","UG","BW","BF","CV","CW","GM","GW","LS","LR","MW","ML","NA","NE","ST","SN","SC","SL","TT","BI","KH","CM","TD","KM","GQ","SZ","GA","GN","MR","RW","TG","ZW","BJ","MG","MU","MZ","AO","CI","DJ","ZM","CD","CG","IQ","LY","VE","ET","XK"],"disc_number":1,"duration_ms":251489,"explicit":false,"external_urls":{"spotify":"https://open.spotify.com/track/2mmvJ14ekizuPlPief97fg"},"href":"https://api.spotify.com/v1/tracks/2mmvJ14ekizuPlPief97fg","id":"2mmvJ14ekizuPlPief97fg","name":"Kehta Hai Mera Jiya - From \"Raja Bhaiya\"","preview_url":null,"track_number":7,"type":"track","uri":"spotify:track:2mmvJ14ekizuPlPief97fg","is_local":false},{"artists":[{"external_urls":{"spotify":"https://open.spotify.com/artist/70B80Lwx2sxti0M1Ng9e8K"},"href":"https://api.spotify.com/v1/artists/70B80Lwx2sxti0M1Ng9e8K","id":"70B80Lwx2sxti0M1Ng9e8K","name":"Udit Narayan","type":"artist","uri":"spotify:artist:70B80Lwx2sxti0M1Ng9e8K"}],"available_markets":["AR","AU","AT","BE","BO","BR","BG","CA","CL","CO","CR","CY","CZ","DK","DO","DE","EC","EE","SV","FI","FR","GR","GT","HN","HK","HU","IS","IE","IT","LV","LT","LU","MY","MT","MX","NL","NZ","NI","NO","PA","PY","PE","PH","PL","PT","SG","SK","ES","SE","CH","TW","TR","UY","US","GB","ID","JP","TH","VN","RO","IL","ZA","SA","AE","BH","QA","OM","KW","EG","MA","DZ","TN","LB","JO","PS","IN","UA","AL","BA","HR","ME","MK","RS","SI","KR","LK","GH","KE","NG","TZ","UG","BW","BF","CV","CW","GM","GW","LS","LR","MW","ML","NA","NE","ST","SN","SC","SL","TT","BI","KH","CM","TD","KM","GQ","SZ","GA","GN","MR","RW","TG","ZW","BJ","MG","MU","MZ","AO","CI","DJ","ZM","CD","CG","IQ","LY","VE","ET","XK"],"disc_number":1,"duration_ms":207990,"explicit":false,"external_urls":{"spotify":"https://open.spotify.com/track/2WuT14mASEIALLLDJyTvuX"},"href":"https://api.spotify.com/v1/tracks/2WuT14mASEIALLLDJyTvuX","id":"2WuT14mASEIALLLDJyTvuX","name":"Zindagi Hai Masti - From \"Aisa Kyon\"","preview_url":null,"track_number":8,"type":"track","uri":"spotify:track:2WuT14mASEIALLLDJyTvuX","is_local":false},{"artists":[{"external_urls":{"spotify":"https://open.spotify.com/artist/70B80Lwx2sxti0M1Ng9e8K"},"href":"https://api.spotify.com/v1/artists/70B80Lwx2sxti0M1Ng9e8K","id":"70B80Lwx2sxti0M1Ng9e8K","name":"Udit Narayan","type":"artist","uri":"spotify:artist:70B80Lwx2sxti0M1Ng9e8K"},{"external_urls":{"spotify":"https://open.spotify.com/artist/6WPmTGeeoymoVlXVtsCwz7"},"href":"https://api.spotify.com/v1/artists/6WPmTGeeoymoVlXVtsCwz7","id":"6WPmTGeeoymoVlXVtsCwz7","name":"Kavita Krishnamurthy","type":"artist","uri":"spotify:artist:6WPmTGeeoymoVlXVtsCwz7"}],"available_markets":["AR","AU","AT","BE","BO","BR","BG","CA","CL","CO","CR","CY","CZ","DK","DO","DE","EC","EE","SV","FI","FR","GR","GT","HN","HK","HU","IS","IE","IT","LV","LT","LU","MY","MT","MX","NL","NZ","NI","NO","PA","PY","PE","PH","PL","PT","SG","SK","ES","SE","CH","TW","TR","UY","US","GB","ID","JP","TH","VN","RO","IL","ZA","SA","AE","BH","QA","OM","KW","EG","MA","DZ","TN","LB","JO","PS","IN","UA","AL","BA","HR","ME","MK","RS","SI","KR","LK","GH","KE","NG","TZ","UG","BW","BF","CV","CW","GM","GW","LS","LR","MW","ML","NA","NE","ST","SN","SC","SL","TT","BI","KH","CM","TD","KM","GQ","SZ","GA","GN","MR","RW","TG","ZW","BJ","MG","MU","MZ","AO","CI","DJ","ZM","CD","CG","IQ","LY","VE","ET","XK"],"disc_number":1,"duration_ms":353125,"explicit":false,"external_urls":{"spotify":"https://open.spotify.com/track/7GZCjBqyLMSXWo9BusrLMs"},"href":"https://api.spotify.com/v1/tracks/7GZCjBqyLMSXWo9BusrLMs","id":"7GZCjBqyLMSXWo9BusrLMs","name":"Kitne Door Kitne Paas - From \"Kitne Door Kitne Paas\"","preview_url":null,"track_number":9,"type":"track","uri":"spotify:track:7GZCjBqyLMSXWo9BusrLMs","is_local":false},{"artists":[{"external_urls":{"spotify":"https://open.spotify.com/artist/70B80Lwx2sxti0M1Ng9e8K"},"href":"https://api.spotify.com/v1/artists/70B80Lwx2sxti0M1Ng9e8K","id":"70B80Lwx2sxti0M1Ng9e8K","name":"Udit Narayan","type":"artist","uri":"spotify:artist:70B80Lwx2sxti0M1Ng9e8K"},{"external_urls":{"spotify":"https://open.spotify.com/artist/5as8A4G47Ohu9NSWs3Je8U"},"href":"https://api.spotify.com/v1/artists/5as8A4G47Ohu9NSWs3Je8U","id":"5as8A4G47Ohu9NSWs3Je8U","name":"Asha Bhosle","type":"artist","uri":"spotify:artist:5as8A4G47Ohu9NSWs3Je8U"}],"available_markets":["AR","AU","AT","BE","BO","BR","BG","CA","CL","CO","CR","CY","CZ","DK","DO","DE","EC","EE","SV","FI","FR","GR","GT","HN","HK","HU","IS","IE","IT","LV","LT","LU","MY","MT","MX","NL","NZ","NI","NO","PA","PY","PE","PH","PL","PT","SG","SK","ES","SE","CH","TW","TR","UY","US","GB","ID","JP","TH","VN","RO","IL","ZA","SA","AE","BH","QA","OM","KW","EG","MA","DZ","TN","LB","JO","PS","IN","UA","AL","BA","HR","ME","MK","RS","SI","KR","LK","GH","KE","NG","TZ","UG","BW","BF","CV","CW","GM","GW","LS","LR","MW","ML","NA","NE","ST","SN","SC","SL","TT","BI","KH","CM","TD","KM","GQ","SZ","GA","GN","MR","RW","TG","ZW","BJ","MG","MU","MZ","AO","CI","DJ","ZM","CD","CG","IQ","LY","VE","ET","XK"],"disc_number":1,"duration_ms":332680,"explicit":false,"external_urls":{"spotify":"https://open.spotify.com/track/2JwUgq2SnZN2IuSUyDEuya"},"href":"https://api.spotify.com/v1/tracks/2JwUgq2SnZN2IuSUyDEuya","id":"2JwUgq2SnZN2IuSUyDEuya","name":"Ek Ladke Pe Aa Gaya Hai - Inth Ka Jawab Patthar / Soundtrack Version","preview_url":null,"track_number":10,"type":"track","uri":"spotify:track:2JwUgq2SnZN2IuSUyDEuya","is_local":false},{"artists":[{"external_urls":{"spotify":"https://open.spotify.com/artist/70B80Lwx2sxti0M1Ng9e8K"},"href":"https://api.spotify.com/v1/artists/70B80Lwx2sxti0M1Ng9e8K","id":"70B80Lwx2sxti0M1Ng9e8K","name":"Udit Narayan","type":"artist","uri":"spotify:artist:70B80Lwx2sxti0M1Ng9e8K"}],"available_markets":["AR","AU","AT","BE","BO","BR","BG","CA","CL","CO","CR","CY","CZ","DK","DO","DE","EC","EE","SV","FI","FR","GR","GT","HN","HK","HU","IS","IE","IT","LV","LT","LU","MY","MT","MX","NL","NZ","NI","NO","PA","PY","PE","PH","PL","PT","SG","SK","ES","SE","CH","TW","TR","UY","US","GB","ID","JP","TH","VN","RO","IL","ZA","SA","AE","BH","QA","OM","KW","EG","MA","DZ","TN","LB","JO","PS","IN","UA","AL","BA","HR","ME","MK","RS","SI","KR","LK","GH","KE","NG","TZ","UG","BW","BF","CV","CW","GM","GW","LS","LR","MW","ML","NA","NE","ST","SN","SC","SL","TT","BI","KH","CM","TD","KM","GQ","SZ","GA","GN","MR","RW","TG","ZW","BJ","MG","MU","MZ","AO","CI","DJ","ZM","CD","CG","IQ","LY","VE","ET","XK"],"disc_number":1,"duration_ms":313560,"explicit":false,"external_urls":{"spotify":"https://open.spotify.com/track/5EX1m8zlWxZa3zSh1VgmFi"},"href":"https://api.spotify.com/v1/tracks/5EX1m8zlWxZa3zSh1VgmFi","id":"5EX1m8zlWxZa3zSh1VgmFi","name":"Jana Suno Hum Tumpe Marte Hai - From \"Khamoshi - The Musical\"","preview_url":null,"track_number":11,"type":"track","uri":"spotify:track:5EX1m8zlWxZa3zSh1VgmFi","is_local":false},{"artists":[{"external_urls":{"spotify":"https://open.spotify.com/artist/70B80Lwx2sxti0M1Ng9e8K"},"href":"https://api.spotify.com/v1/artists/70B80Lwx2sxti0M1Ng9e8K","id":"70B80Lwx2sxti0M1Ng9e8K","name":"Udit Narayan","type":"artist","uri":"spotify:artist:70B80Lwx2sxti0M1Ng9e8K"},{"external_urls":{"spotify":"https://open.spotify.com/artist/6lpXKoHUzxZc5PwyS6cu4C"},"href":"https://api.spotify.com/v1/artists/6lpXKoHUzxZc5PwyS6cu4C","id":"6lpXKoHUzxZc5PwyS6cu4C","name":"Poornima","type":"artist","uri":"spotify:artist:6lpXKoHUzxZc5PwyS6cu4C"}],"available_markets":["AR","AU","AT","BE","BO","BR","BG","CA","CL","CO","CR","CY","CZ","DK","DO","DE","EC","EE","SV","FI","FR","GR","GT","HN","HK","HU","IS","IE","IT","LV","LT","LU","MY","MT","MX","NL","NZ","NI","NO","PA","PY","PE","PH","PL","PT","SG","SK","ES","SE","CH","TW","TR","UY","US","GB","ID","JP","TH","VN","RO","IL","ZA","SA","AE","BH","QA","OM","KW","EG","MA","DZ","TN","LB","JO","PS","IN","UA","AL","BA","HR","ME","MK","RS","SI","KR","LK","GH","KE","NG","TZ","UG","BW","BF","CV","CW","GM","GW","LS","LR","MW","ML","NA","NE","ST","SN","SC","SL","TT","BI","KH","CM","TD","KM","GQ","SZ","GA","GN","MR","RW","TG","ZW","BJ","MG","MU","MZ","AO","CI","DJ","ZM","CD","CG","IQ","LY","VE","ET","XK"],"disc_number":1,"duration_ms":302733,"explicit":false,"external_urls":{"spotify":"https://open.spotify.com/track/2quZfLH6GWTn5PJRAULoAb"},"href":"https://api.spotify.com/v1/tracks/2quZfLH6GWTn5PJRAULoAb","id":"2quZfLH6GWTn5PJRAULoAb","name":"Sone Jaisa Roop Hai - Deewana Hoon Pagal Nahin / Soundtrack Version","preview_url":null,"track_number":12,"type":"track","uri":"spotify:track:2quZfLH6GWTn5PJRAULoAb","is_local":false},{"artists":[{"external_urls":{"spotify":"https://open.spotify.com/artist/70B80Lwx2sxti0M1Ng9e8K"},"href":"https://api.spotify.com/v1/artists/70B80Lwx2sxti0M1Ng9e8K","id":"70B80Lwx2sxti0M1Ng9e8K","name":"Udit Narayan","type":"artist","uri":"spotify:artist:70B80Lwx2sxti0M1Ng9e8K"},{"external_urls":{"spotify":"https://open.spotify.com/artist/7guD32ltIhsA1tHdf7IVe0"},"href":"https://api.spotify.com/v1/artists/7guD32ltIhsA1tHdf7IVe0","id":"7guD32ltIhsA1tHdf7IVe0","name":"Babul Supriyo","type":"artist","uri":"spotify:artist:7guD32ltIhsA1tHdf7IVe0"},{"external_urls":{"spotify":"https://open.spotify.com/artist/3eDT9fwXKuHWFvgZaaYC5v"},"href":"https://api.spotify.com/v1/artists/3eDT9fwXKuHWFvgZaaYC5v","id":"3eDT9fwXKuHWFvgZaaYC5v","name":"Sunidhi Chauhan","type":"artist","uri":"spotify:artist:3eDT9fwXKuHWFvgZaaYC5v"}],"available_markets":["AR","AU","AT","BE","BO","BR","BG","CA","CL","CO","CR","CY","CZ","DK","DO","DE","EC","EE","SV","FI","FR","GR","GT","HN","HK","HU","IS","IE","IT","LV","LT","LU","MY","MT","MX","NL","NZ","NI","NO","PA","PY","PE","PH","PL","PT","SG","SK","ES","SE","CH","TW","TR","UY","US","GB","ID","JP","TH","VN","RO","IL","ZA","SA","AE","BH","QA","OM","KW","EG","MA","DZ","TN","LB","JO","PS","IN","UA","AL","BA","HR","ME","MK","RS","SI","KR","LK","GH","KE","NG","TZ","UG","BW","BF","CV","CW","GM","GW","LS","LR","MW","ML","NA","NE","ST","SN","SC","SL","TT","BI","KH","CM","TD","KM","GQ","SZ","GA","GN","MR","RW","TG","ZW","BJ","MG","MU","MZ","AO","CI","DJ","ZM","CD","CG","IQ","LY","VE","ET","XK"],"disc_number":1,"duration_ms":282431,"explicit":false,"external_urls":{"spotify":"https://open.spotify.com/track/70FGySA81QaCzP465O3uQj"},"href":"https://api.spotify.com/v1/tracks/70FGySA81QaCzP465O3uQj","id":"70FGySA81QaCzP465O3uQj","name":"Style Nasha Tera - From \"Aamdani Atthanni Kharcha Rupaiya\"","preview_url":null,"track_number":13,"type":"track","uri":"spotify:track:70FGySA81QaCzP465O3uQj","is_local":false},{"artists":[{"external_urls":{"spotify":"https://open.spotify.com/artist/70B80Lwx2sxti0M1Ng9e8K"},"href":"https://api.spotify.com/v1/artists/70B80Lwx2sxti0M1Ng9e8K","id":"70B80Lwx2sxti0M1Ng9e8K","name":"Udit Narayan","type":"artist","uri":"spotify:artist:70B80Lwx2sxti0M1Ng9e8K"}],"available_markets":["AR","AU","AT","BE","BO","BR","BG","CA","CL","CO","CR","CY","CZ","DK","DO","DE","EC","EE","SV","FI","FR","GR","GT","HN","HK","HU","IS","IE","IT","LV","LT","LU","MY","MT","MX","NL","NZ","NI","NO","PA","PY","PE","PH","PL","PT","SG","SK","ES","SE","CH","TW","TR","UY","US","GB","ID","JP","TH","VN","RO","IL","ZA","SA","AE","BH","QA","OM","KW","EG","MA","DZ","TN","LB","JO","PS","IN","UA","AL","BA","HR","ME","MK","RS","SI","KR","LK","GH","KE","NG","TZ","UG","BW","BF","CV","CW","GM","GW","LS","LR","MW","ML","NA","NE","ST","SN","SC","SL","TT","BI","KH","CM","TD","KM","GQ","SZ","GA","GN","MR","RW","TG","ZW","BJ","MG","MU","MZ","AO","CI","DJ","ZM","CD","CG","IQ","LY","VE","ET","XK"],"disc_number":1,"duration_ms":230121,"explicit":false,"external_urls":{"spotify":"https://open.spotify.com/track/2iovhDixLek9Y4YNxbvk0X"},"href":"https://api.spotify.com/v1/tracks/2iovhDixLek9Y4YNxbvk0X","id":"2iovhDixLek9Y4YNxbvk0X","name":"Aisa Kyon - From \"Aisa Kyon\"","preview_url":null,"track_number":14,"type":"track","uri":"spotify:track:2iovhDixLek9Y4YNxbvk0X","is_local":false},{"artists":[{"external_urls":{"spotify":"https://open.spotify.com/artist/70B80Lwx2sxti0M1Ng9e8K"},"href":"https://api.spotify.com/v1/artists/70B80Lwx2sxti0M1Ng9e8K","id":"70B80Lwx2sxti0M1Ng9e8K","name":"Udit Narayan","type":"artist","uri":"spotify:artist:70B80Lwx2sxti0M1Ng9e8K"}],"available_markets":["AR","AU","AT","BE","BO","BR","BG","CA","CL","CO","CR","CY","CZ","DK","DO","DE","EC","EE","SV","FI","FR","GR","GT","HN","HK","HU","IS","IE","IT","LV","LT","LU","MY","MT","MX","NL","NZ","NI","NO","PA","PY","PE","PH","PL","PT","SG","SK","ES","SE","CH","TW","TR","UY","US","GB","ID","JP","TH","VN","RO","IL","ZA","SA","AE","BH","QA","OM","KW","EG","MA","DZ","TN","LB","JO","PS","IN","UA","AL","BA","HR","ME","MK","RS","SI","KR","LK","GH","KE","NG","TZ","UG","BW","BF","CV","CW","GM","GW","LS","LR","MW","ML","NA","NE","ST","SN","SC","SL","TT","BI","KH","CM","TD","KM","GQ","SZ","GA","GN","MR","RW","TG","ZW","BJ","MG","MU","MZ","AO","CI","DJ","ZM","CD","CG","IQ","LY","VE","ET","XK"],"disc_number":1,"duration_ms":411333,"explicit":false,"external_urls":{"spotify":"https://open.spotify.com/track/0EC3Rd0IJn346a9oH9nc51"},"href":"https://api.spotify.com/v1/tracks/0EC3Rd0IJn346a9oH9nc51","id":"0EC3Rd0IJn346a9oH9nc51","name":"Badhaai Ho Badhaai - Badhaai Ho Badhaai / Soundtrack Version","preview_url":null,"track_number":15,"type":"track","uri":"spotify:track:0EC3Rd0IJn346a9oH9nc51","is_local":false},{"artists":[{"external_urls":{"spotify":"https://open.spotify.com/artist/70B80Lwx2sxti0M1Ng9e8K"},"href":"https://api.spotify.com/v1/artists/70B80Lwx2sxti0M1Ng9e8K","id":"70B80Lwx2sxti0M1Ng9e8K","name":"Udit Narayan","type":"artist","uri":"spotify:artist:70B80Lwx2sxti0M1Ng9e8K"},{"external_urls":{"spotify":"https://open.spotify.com/artist/5cB4d4jPYjMT326sjihQ4m"},"href":"https://api.spotify.com/v1/artists/5cB4d4jPYjMT326sjihQ4m","id":"5cB4d4jPYjMT326sjihQ4m","name":"Shaan","type":"artist","uri":"spotify:artist:5cB4d4jPYjMT326sjihQ4m"},{"external_urls":{"spotify":"https://open.spotify.com/artist/4rnZuhwnklBG6MvcLIjEfd"},"href":"https://api.spotify.com/v1/artists/4rnZuhwnklBG6MvcLIjEfd","id":"4rnZuhwnklBG6MvcLIjEfd","name":"Johnny Lever","type":"artist","uri":"spotify:artist:4rnZuhwnklBG6MvcLIjEfd"}],"available_markets":["AR","AU","AT","BE","BO","BR","BG","CA","CL","CO","CR","CY","CZ","DK","DO","DE","EC","EE","SV","FI","FR","GR","GT","HN","HK","HU","IS","IE","IT","LV","LT","LU","MY","MT","MX","NL","NZ","NI","NO","PA","PY","PE","PH","PL","PT","SG","SK","ES","SE","CH","TW","TR","UY","US","GB","ID","JP","TH","VN","RO","IL","ZA","SA","AE","BH","QA","OM","KW","EG","MA","DZ","TN","LB","JO","PS","IN","UA","AL","BA","HR","ME","MK","RS","SI","KR","LK","GH","KE","NG","TZ","UG","BW","BF","CV","CW","GM","GW","LS","LR","MW","ML","NA","NE","ST","SN","SC","SL","TT","BI","KH","CM","TD","KM","GQ","SZ","GA","GN","MR","RW","TG","ZW","BJ","MG","MU","MZ","AO","CI","DJ","ZM","CD","CG","IQ","LY","VE","ET","XK"],"disc_number":1,"duration_ms":370786,"explicit":false,"external_urls":{"spotify":"https://open.spotify.com/track/17xcHcrKMLeNOZYr5J4C4r"},"href":"https://api.spotify.com/v1/tracks/17xcHcrKMLeNOZYr5J4C4r","id":"17xcHcrKMLeNOZYr5J4C4r","name":"Aamdani Atthanni - Aamdani Atthanni Kharcha Rupaiya / Soundtrack Version","preview_url":null,"track_number":16,"type":"track","uri":"spotify:track:17xcHcrKMLeNOZYr5J4C4r","is_local":false},{"artists":[{"external_urls":{"spotify":"https://open.spotify.com/artist/70B80Lwx2sxti0M1Ng9e8K"},"href":"https://api.spotify.com/v1/artists/70B80Lwx2sxti0M1Ng9e8K","id":"70B80Lwx2sxti0M1Ng9e8K","name":"Udit Narayan","type":"artist","uri":"spotify:artist:70B80Lwx2sxti0M1Ng9e8K"},{"external_urls":{"spotify":"https://open.spotify.com/artist/3gBKY0y3dFFVRqicLnVZYz"},"href":"https://api.spotify.com/v1/artists/3gBKY0y3dFFVRqicLnVZYz","id":"3gBKY0y3dFFVRqicLnVZYz","name":"Alka Yagnik","type":"artist","uri":"spotify:artist:3gBKY0y3dFFVRqicLnVZYz"}],"available_markets":["AR","AU","AT","BE","BO","BR","BG","CA","CL","CO","CR","CY","CZ","DK","DO","DE","EC","EE","SV","FI","FR","GR","GT","HN","HK","HU","IS","IE","IT","LV","LT","LU","MY","MT","MX","NL","NZ","NI","NO","PA","PY","PE","PH","PL","PT","SG","SK","ES","SE","CH","TW","TR","UY","US","GB","ID","JP","TH","VN","RO","IL","ZA","SA","AE","BH","QA","OM","KW","EG","MA","DZ","TN","LB","JO","PS","IN","UA","AL","BA","HR","ME","MK","RS","SI","KR","LK","GH","KE","NG","TZ","UG","BW","BF","CV","CW","GM","GW","LS","LR","MW","ML","NA","NE","ST","SN","SC","SL","TT","BI","KH","CM","TD","KM","GQ","SZ","GA","GN","MR","RW","TG","ZW","BJ","MG","MU","MZ","AO","CI","DJ","ZM","CD","CG","IQ","LY","VE","ET","XK"],"disc_number":1,"duration_ms":327942,"explicit":false,"external_urls":{"spotify":"https://open.spotify.com/track/2V93YwAihWFPi9Qa1qArFa"},"href":"https://api.spotify.com/v1/tracks/2V93YwAihWFPi9Qa1qArFa","id":"2V93YwAihWFPi9Qa1qArFa","name":"Chudi Khankayi Re - From \"Yeh Hai Jalwa\"","preview_url":null,"track_number":17,"type":"track","uri":"spotify:track:2V93YwAihWFPi9Qa1qArFa","is_local":false},{"artists":[{"external_urls":{"spotify":"https://open.spotify.com/artist/70B80Lwx2sxti0M1Ng9e8K"},"href":"https://api.spotify.com/v1/artists/70B80Lwx2sxti0M1Ng9e8K","id":"70B80Lwx2sxti0M1Ng9e8K","name":"Udit Narayan","type":"artist","uri":"spotify:artist:70B80Lwx2sxti0M1Ng9e8K"},{"external_urls":{"spotify":"https://open.spotify.com/artist/3gBKY0y3dFFVRqicLnVZYz"},"href":"https://api.spotify.com/v1/artists/3gBKY0y3dFFVRqicLnVZYz","id":"3gBKY0y3dFFVRqicLnVZYz","name":"Alka Yagnik","type":"artist","uri":"spotify:artist:3gBKY0y3dFFVRqicLnVZYz"}],"available_markets":["AR","AU","AT","BE","BO","BR","BG","CA","CL","CO","CR","CY","CZ","DK","DO","DE","EC","EE","SV","FI","FR","GR","GT","HN","HK","HU","IS","IE","IT","LV","LT","LU","MY","MT","MX","NL","NZ","NI","NO","PA","PY","PE","PH","PL","PT","SG","SK","ES","SE","CH","TW","TR","UY","US","GB","ID","JP","TH","VN","RO","IL","ZA","SA","AE","BH","QA","OM","KW","EG","MA","DZ","TN","LB","JO","PS","IN","UA","AL","BA","HR","ME","MK","RS","SI","KR","LK","GH","KE","NG","TZ","UG","BW","BF","CV","CW","GM","GW","LS","LR","MW","ML","NA","NE","ST","SN","SC","SL","TT","BI","KH","CM","TD","KM","GQ","SZ","GA","GN","MR","RW","TG","ZW","BJ","MG","MU","MZ","AO","CI","DJ","ZM","CD","CG","IQ","LY","VE","ET","XK"],"disc_number":1,"duration_ms":268972,"explicit":false,"external_urls":{"spotify":"https://open.spotify.com/track/3V3BTu3sF872XCLhRfFYWa"},"href":"https://api.spotify.com/v1/tracks/3V3BTu3sF872XCLhRfFYWa","id":"3V3BTu3sF872XCLhRfFYWa","name":"Mujhe Teri Nazarne - Waah..! Tera Kya Kehna / OST","preview_url":null,"track_number":18,"type":"track","uri":"spotify:track:3V3BTu3sF872XCLhRfFYWa","is_local":false},{"artists":[{"external_urls":{"spotify":"https://open.spotify.com/artist/70B80Lwx2sxti0M1Ng9e8K"},"href":"https://api.spotify.com/v1/artists/70B80Lwx2sxti0M1Ng9e8K","id":"70B80Lwx2sxti0M1Ng9e8K","name":"Udit Narayan","type":"artist","uri":"spotify:artist:70B80Lwx2sxti0M1Ng9e8K"},{"external_urls":{"spotify":"https://open.spotify.com/artist/0Yb0T3wUUNiIvHjqnfkbuH"},"href":"https://api.spotify.com/v1/artists/0Yb0T3wUUNiIvHjqnfkbuH","id":"0Yb0T3wUUNiIvHjqnfkbuH","name":"Mahalakshmi Iyer","type":"artist","uri":"spotify:artist:0Yb0T3wUUNiIvHjqnfkbuH"}],"available_markets":["AR","AU","AT","BE","BO","BR","BG","CA","CL","CO","CR","CY","CZ","DK","DO","DE","EC","EE","SV","FI","FR","GR","GT","HN","HK","HU","IS","IE","IT","LV","LT","LU","MY","MT","MX","NL","NZ","NI","NO","PA","PY","PE","PH","PL","PT","SG","SK","ES","SE","CH","TW","TR","UY","US","GB","ID","JP","TH","VN","RO","IL","ZA","SA","AE","BH","QA","OM","KW","EG","MA","DZ","TN","LB","JO","PS","IN","UA","AL","BA","HR","ME","MK","RS","SI","KR","LK","GH","KE","NG","TZ","UG","BW","BF","CV","CW","GM","GW","LS","LR","MW","ML","NA","NE","ST","SN","SC","SL","TT","BI","KH","CM","TD","KM","GQ","SZ","GA","GN","MR","RW","TG","ZW","BJ","MG","MU","MZ","AO","CI","DJ","ZM","CD","CG","IQ","LY","VE","ET","XK"],"disc_number":1,"duration_ms":260733,"explicit":false,"external_urls":{"spotify":"https://open.spotify.com/track/5eCnr6stwrH5jCxnkplnCI"},"href":"https://api.spotify.com/v1/tracks/5eCnr6stwrH5jCxnkplnCI","id":"5eCnr6stwrH5jCxnkplnCI","name":"Tum Kaho To - Shaadi Ka Laddoo / Soundtrack Version","preview_url":null,"track_number":19,"type":"track","uri":"spotify:track:5eCnr6stwrH5jCxnkplnCI","is_local":false},{"artists":[{"external_urls":{"spotify":"https://open.spotify.com/artist/70B80Lwx2sxti0M1Ng9e8K"},"href":"https://api.spotify.com/v1/artists/70B80Lwx2sxti0M1Ng9e8K","id":"70B80Lwx2sxti0M1Ng9e8K","name":"Udit Narayan","type":"artist","uri":"spotify:artist:70B80Lwx2sxti0M1Ng9e8K"},{"external_urls":{"spotify":"https://open.spotify.com/artist/5as8A4G47Ohu9NSWs3Je8U"},"href":"https://api.spotify.com/v1/artists/5as8A4G47Ohu9NSWs3Je8U","id":"5as8A4G47Ohu9NSWs3Je8U","name":"Asha Bhosle","type":"artist","uri":"spotify:artist:5as8A4G47Ohu9NSWs3Je8U"}],"available_markets":["AR","AU","AT","BE","BO","BR","BG","CA","CL","CO","CR","CY","CZ","DK","DO","DE","EC","EE","SV","FI","FR","GR","GT","HN","HK","HU","IS","IE","IT","LV","LT","LU","MY","MT","MX","NL","NZ","NI","NO","PA","PY","PE","PH","PL","PT","SG","SK","ES","SE","CH","TW","TR","UY","US","GB","ID","JP","TH","VN","RO","IL","ZA","SA","AE","BH","QA","OM","KW","EG","MA","DZ","TN","LB","JO","PS","IN","UA","AL","BA","HR","ME","MK","RS","SI","KR","LK","GH","KE","NG","TZ","UG","BW","BF","CV","CW","GM","GW","LS","LR","MW","ML","NA","NE","ST","SN","SC","SL","TT","BI","KH","CM","TD","KM","GQ","SZ","GA","GN","MR","RW","TG","ZW","BJ","MG","MU","MZ","AO","CI","DJ","ZM","CD","CG","IQ","LY","VE","ET","XK"],"disc_number":1,"duration_ms":342920,"explicit":false,"external_urls":{"spotify":"https://open.spotify.com/track/7h5i8V9bfUdCZ412yzpUKY"},"href":"https://api.spotify.com/v1/tracks/7h5i8V9bfUdCZ412yzpUKY","id":"7h5i8V9bfUdCZ412yzpUKY","name":"Rajai Odh Ke - Inth Ka Jawab Patthar / Soundtrack Version","preview_url":null,"track_number":20,"type":"track","uri":"spotify:track:7h5i8V9bfUdCZ412yzpUKY","is_local":false},{"artists":[{"external_urls":{"spotify":"https://open.spotify.com/artist/3gBKY0y3dFFVRqicLnVZYz"},"href":"https://api.spotify.com/v1/artists/3gBKY0y3dFFVRqicLnVZYz","id":"3gBKY0y3dFFVRqicLnVZYz","name":"Alka Yagnik","type":"artist","uri":"spotify:artist:3gBKY0y3dFFVRqicLnVZYz"},{"external_urls":{"spotify":"https://open.spotify.com/artist/70B80Lwx2sxti0M1Ng9e8K"},"href":"https://api.spotify.com/v1/artists/70B80Lwx2sxti0M1Ng9e8K","id":"70B80Lwx2sxti0M1Ng9e8K","name":"Udit Narayan","type":"artist","uri":"spotify:artist:70B80Lwx2sxti0M1Ng9e8K"}],"available_markets":["AR","AU","AT","BE","BO","BR","BG","CA","CL","CO","CR","CY","CZ","DK","DO","DE","EC","EE","SV","FI","FR","GR","GT","HN","HK","HU","IS","IE","IT","LV","LT","LU","MY","MT","MX","NL","NZ","NI","NO","PA","PY","PE","PH","PL","PT","SG","SK","ES","SE","CH","TW","TR","UY","US","GB","ID","JP","TH","VN","RO","IL","ZA","SA","AE","BH","QA","OM","KW","EG","MA","DZ","TN","LB","JO","PS","IN","UA","AL","BA","HR","ME","MK","RS","SI","KR","LK","GH","KE","NG","TZ","UG","BW","BF","CV","CW","GM","GW","LS","LR","MW","ML","NA","NE","ST","SN","SC","SL","TT","BI","KH","CM","TD","KM","GQ","SZ","GA","GN","MR","RW","TG","ZW","BJ","MG","MU","MZ","AO","CI","DJ","ZM","CD","CG","IQ","LY","VE","ET","XK"],"disc_number":1,"duration_ms":280986,"explicit":false,"external_urls":{"spotify":"https://open.spotify.com/track/0veb8GZd7AOcTtQ8XDAYsV"},"href":"https://api.spotify.com/v1/tracks/0veb8GZd7AOcTtQ8XDAYsV","id":"0veb8GZd7AOcTtQ8XDAYsV","name":"Kuchh Hamare Hai - Pyaar Koi Khel Nahin / Soundtrack Version","preview_url":null,"track_number":21,"type":"track","uri":"spotify:track:0veb8GZd7AOcTtQ8XDAYsV","is_local":false}]},"copyrights":[{"text":"© 2024 UMG Recordings, Inc.","type":"C"},{"text":"℗ 2024 UMG Recordings, Inc. FP","type":"P"}],"external_ids":{"upc":"00602475631798"},"genres":[],"label":"UME - Global Clearing House","popularity":33}]}
]]></system-out>
  </testcase>
  <testcase name="getAlbumTracks" classname="webAPI.TestAlbum" time="0.248">
    <system-out><![CDATA[04:07:26.010 [main] INFO core.OutputLog -- >>> getAlbumTracksexecution has been started.
>>> User Request Specification
AlbumResponse : {"href":"https://api.spotify.com/v1/albums/4rvCQOx2G4DYIq2dnTIN5U/tracks?offset=0&limit=20","items":[{"artists":[{"external_urls":{"spotify":"https://open.spotify.com/artist/70B80Lwx2sxti0M1Ng9e8K"},"href":"https://api.spotify.com/v1/artists/70B80Lwx2sxti0M1Ng9e8K","id":"70B80Lwx2sxti0M1Ng9e8K","name":"Udit Narayan","type":"artist","uri":"spotify:artist:70B80Lwx2sxti0M1Ng9e8K"},{"external_urls":{"spotify":"https://open.spotify.com/artist/3gBKY0y3dFFVRqicLnVZYz"},"href":"https://api.spotify.com/v1/artists/3gBKY0y3dFFVRqicLnVZYz","id":"3gBKY0y3dFFVRqicLnVZYz","name":"Alka Yagnik","type":"artist","uri":"spotify:artist:3gBKY0y3dFFVRqicLnVZYz"}],"available_markets":["AR","AU","AT","BE","BO","BR","BG","CA","CL","CO","CR","CY","CZ","DK","DO","DE","EC","EE","SV","FI","FR","GR","GT","HN","HK","HU","IS","IE","IT","LV","LT","LU","MY","MT","MX","NL","NZ","NI","NO","PA","PY","PE","PH","PL","PT","SG","SK","ES","SE","CH","TW","TR","UY","US","GB","ID","JP","TH","VN","RO","IL","ZA","SA","AE","BH","QA","OM","KW","EG","MA","DZ","TN","LB","JO","PS","IN","UA","AL","BA","HR","ME","MK","RS","SI","KR","LK","GH","KE","NG","TZ","UG","BW","BF","CV","CW","GM","GW","LS","LR","MW","ML","NA","NE","ST","SN","SC","SL","TT","BI","KH","CM","TD","KM","GQ","SZ","GA","GN","MR","RW","TG","ZW","BJ","MG","MU","MZ","AO","CI","DJ","ZM","CD","CG","IQ","LY","VE","ET","XK"],"disc_number":1,"duration_ms":266058,"explicit":false,"external_urls":{"spotify":"https://open.spotify.com/track/4T6ZmGkD6WOxkfJ5TQjwMW"},"href":"https://api.spotify.com/v1/tracks/4T6ZmGkD6WOxkfJ5TQjwMW","id":"4T6ZmGkD6WOxkfJ5TQjwMW","name":"Tu Mere Samne - From \"Chori Chori\"","preview_url":null,"track_number":1,"type":"track","uri":"spotify:track:4T6ZmGkD6WOxkfJ5TQjwMW","is_local":false},{"artists":[{"external_urls":{"spotify":"https://open.spotify.com/artist/70B80Lwx2sxti0M1Ng9e8K"},"href":"https://api.spotify.com/v1/artists/70B80Lwx2sxti0M1Ng9e8K","id":"70B80Lwx2sxti0M1Ng9e8K","name":"Udit Narayan","type":"artist","uri":"spotify:artist:70B80Lwx2sxti0M1Ng9e8K"}],"available_markets":["AR","AU","AT","BE","BO","BR","BG","CA","CL","CO","CR","CY","CZ","DK","DO","DE","EC","EE","SV","FI","FR","GR","GT","HN","HK","HU","IS","IE","IT","LV","LT","LU","MY","MT","MX","NL","NZ","NI","NO","PA","PY","PE","PH","PL","PT","SG","SK","ES","SE","CH","TW","TR","UY","US","GB","ID","JP","TH","VN","RO","IL","ZA","SA","AE","BH","QA","OM","KW","EG","MA","DZ","TN","LB","JO","PS","IN","UA","AL","BA","HR","ME","MK","RS","SI","KR","LK","GH","KE","NG","TZ","UG","BW","BF","CV","CW","GM","GW","LS","LR","MW","ML","NA","NE","ST","SN","SC","SL","TT","BI","KH","CM","TD","KM","GQ","SZ","GA","GN","MR","RW","TG","ZW","BJ","MG","MU","MZ","AO","CI","DJ","ZM","CD","CG","IQ","LY","VE","ET","XK"],"disc_number":1,"duration_ms":525456,"explicit":false,"external_urls":{"spotify":"https://open.spotify.com/track/2TFfaxpEpPdncdUOBIJVHi"},"href":"https://api.spotify.com/v1/tracks/2TFfaxpEpPdncdUOBIJVHi","id":"2TFfaxpEpPdncdUOBIJVHi","name":"Hawaon Ne Yeh Kaha - From \"Aap Mujhe Achche Lagne Lage\"","preview_url":null,"track_number":2,"type":"track","uri":"spotify:track:2TFfaxpEpPdncdUOBIJVHi","is_local":false},{"artists":[{"external_urls":{"spotify":"https://open.spotify.com/artist/70B80Lwx2sxti0M1Ng9e8K"},"href":"https://api.spotify.com/v1/artists/70B80Lwx2sxti0M1Ng9e8K","id":"70B80Lwx2sxti0M1Ng9e8K","name":"Udit Narayan","type":"artist","uri":"spotify:artist:70B80Lwx2sxti0M1Ng9e8K"},{"external_urls":{"spotify":"https://open.spotify.com/artist/2wVpsY4Geh7l1YugsakLF2"},"href":"https://api.spotify.com/v1/artists/2wVpsY4Geh7l1YugsakLF2","id":"2wVpsY4Geh7l1YugsakLF2","name":"Sulakshana Pandit","type":"artist","uri":"spotify:artist:2wVpsY4Geh7l1YugsakLF2"}],"available_markets":["AR","AU","AT","BE","BO","BR","BG","CA","CL","CO","CR","CY","CZ","DK","DO","DE","EC","EE","SV","FI","FR","GR","GT","HN","HK","HU","IS","IE","IT","LV","LT","LU","MY","MT","MX","NL","NZ","NI","NO","PA","PY","PE","PH","PL","PT","SG","SK","ES","SE","CH","TW","TR","UY","US","GB","ID","JP","TH","VN","RO","IL","ZA","SA","AE","BH","QA","OM","KW","EG","MA","DZ","TN","LB","JO","PS","IN","UA","AL","BA","HR","ME","MK","RS","SI","KR","LK","GH","KE","NG","TZ","UG","BW","BF","CV","CW","GM","GW","LS","LR","MW","ML","NA","NE","ST","SN","SC","SL","TT","BI","KH","CM","TD","KM","GQ","SZ","GA","GN","MR","RW","TG","ZW","BJ","MG","MU","MZ","AO","CI","DJ","ZM","CD","CG","IQ","LY","VE","ET","XK"],"disc_number":1,"duration_ms":359933,"explicit":false,"external_urls":{"spotify":"https://open.spotify.com/track/20t41au7yINGkw7AFLlnkL"},"href":"https://api.spotify.com/v1/tracks/20t41au7yINGkw7AFLlnkL","id":"20t41au7yINGkw7AFLlnkL","name":"Saagar Kinare Do Dil Hai Pyase - From \"Khamoshi - The Musical\"","preview_url":null,"track_number":3,"type":"track","uri":"spotify:track:20t41au7yINGkw7AFLlnkL","is_local":false},{"artists":[{"external_urls":{"spotify":"https://open.spotify.com/artist/70B80Lwx2sxti0M1Ng9e8K"},"href":"https://api.spotify.com/v1/artists/70B80Lwx2sxti0M1Ng9e8K","id":"70B80Lwx2sxti0M1Ng9e8K","name":"Udit Narayan","type":"artist","uri":"spotify:artist:70B80Lwx2sxti0M1Ng9e8K"},{"external_urls":{"spotify":"https://open.spotify.com/artist/4Hbdz7LNnEHpAD9MwvxCdV"},"href":"https://api.spotify.com/v1/artists/4Hbdz7LNnEHpAD9MwvxCdV","id":"4Hbdz7LNnEHpAD9MwvxCdV","name":"Saswati Phukan","type":"artist","uri":"spotify:artist:4Hbdz7LNnEHpAD9MwvxCdV"}],"available_markets":["AR","AU","AT","BE","BO","BR","BG","CA","CL","CO","CR","CY","CZ","DK","DO","DE","EC","EE","SV","FI","FR","GR","GT","HN","HK","HU","IS","IE","IT","LV","LT","LU","MY","MT","MX","NL","NZ","NI","NO","PA","PY","PE","PH","PL","PT","SG","SK","ES","SE","CH","TW","TR","UY","US","GB","ID","JP","TH","VN","RO","IL","ZA","SA","AE","BH","QA","OM","KW","EG","MA","DZ","TN","LB","JO","PS","IN","UA","AL","BA","HR","ME","MK","RS","SI","KR","LK","GH","KE","NG","TZ","UG","BW","BF","CV","CW","GM","GW","LS","LR","MW","ML","NA","NE","ST","SN","SC","SL","TT","BI","KH","CM","TD","KM","GQ","SZ","GA","GN","MR","RW","TG","ZW","BJ","MG","MU","MZ","AO","CI","DJ","ZM","CD","CG","IQ","LY","VE","ET","XK"],"disc_number":1,"duration_ms":333145,"explicit":false,"external_urls":{"spotify":"https://open.spotify.com/track/5fBnvyI0PB9qKovwugS5fO"},"href":"https://api.spotify.com/v1/tracks/5fBnvyI0PB9qKovwugS5fO","id":"5fBnvyI0PB9qKovwugS5fO","name":"Ek Ladki Bas Gayee - From \"Jaal - The Trap\"","preview_url":null,"track_number":4,"type":"track","uri":"spotify:track:5fBnvyI0PB9qKovwugS5fO","is_local":false},{"artists":[{"external_urls":{"spotify":"https://open.spotify.com/artist/6WPmTGeeoymoVlXVtsCwz7"},"href":"https://api.spotify.com/v1/artists/6WPmTGeeoymoVlXVtsCwz7","id":"6WPmTGeeoymoVlXVtsCwz7","name":"Kavita Krishnamurthy","type":"artist","uri":"spotify:artist:6WPmTGeeoymoVlXVtsCwz7"},{"external_urls":{"spotify":"https://open.spotify.com/artist/70B80Lwx2sxti0M1Ng9e8K"},"href":"https://api.spotify.com/v1/artists/70B80Lwx2sxti0M1Ng9e8K","id":"70B80Lwx2sxti0M1Ng9e8K","name":"Udit Narayan","type":"artist","uri":"spotify:artist:70B80Lwx2sxti0M1Ng9e8K"}],"available_markets":["AR","AU","AT","BE","BO","BR","BG","CA","CL","CO","CR","CY","CZ","DK","DO","DE","EC","EE","SV","FI","FR","GR","GT","HN","HK","HU","IS","IE","IT","LV","LT","LU","MY","MT","MX","NL","NZ","NI","NO","PA","PY","PE","PH","PL","PT","SG","SK","ES","SE","CH","TW","TR","UY","US","GB","ID","JP","TH","VN","RO","IL","ZA","SA","AE","BH","QA","OM","KW","EG","MA","DZ","TN","LB","JO","PS","IN","UA","AL","BA","HR","ME","MK","RS","SI","KR","LK","GH","KE","NG","TZ","UG","BW","BF","CV","CW","GM","GW","LS","LR","MW","ML","NA","NE","ST","SN","SC","SL","TT","BI","KH","CM","TD","KM","GQ","SZ","GA","GN","MR","RW","TG","ZW","BJ","MG","MU","MZ","AO","CI","DJ","ZM","CD","CG","IQ","LY","VE","ET","XK"],"disc_number":1,"duration_ms":362293,"explicit":false,"external_urls":{"spotify":"https://open.spotify.com/track/3j3b1xaOJEbw1JqSLNuUGJ"},"href":"https://api.spotify.com/v1/tracks/3j3b1xaOJEbw1JqSLNuUGJ","id":"3j3b1xaOJEbw1JqSLNuUGJ","name":"Hamesha Tumko Chaha - From \"Devdas\"","preview_url":null,"track_number":5,"type":"track","uri":"spotify:track:3j3b1xaOJEbw1JqSLNuUGJ","is_local":false},{"artists":[{"external_urls":{"spotify":"https://open.spotify.com/artist/70B80Lwx2sxti0M1Ng9e8K"},"href":"https://api.spotify.com/v1/artists/70B80Lwx2sxti0M1Ng9e8K","id":"70B80Lwx2sxti0M1Ng9e8K","name":"Udit Narayan","type":"artist","uri":"spotify:artist:70B80Lwx2sxti0M1Ng9e8K"},{"external_urls":{"spotify":"https://open.spotify.com/artist/3gBKY0y3dFFVRqicLnVZYz"},"href":"https://api.spotify.com/v1/artists/3gBKY0y3dFFVRqicLnVZYz","id":"3gBKY0y3dFFVRqicLnVZYz","name":"Alka Yagnik","type":"artist","uri":"spotify:artist:3gBKY0y3dFFVRqicLnVZYz"}],"available_markets":["AR","AU","AT","BE","BO","BR","BG","CA","CL","CO","CR","CY","CZ","DK","DO","DE","EC","EE","SV","FI","FR","GR","GT","HN","HK","HU","IS","IE","IT","LV","LT","LU","MY","MT","MX","NL","NZ","NI","NO","PA","PY","PE","PH","PL","PT","SG","SK","ES","SE","CH","TW","TR","UY","US","GB","ID","JP","TH","VN","RO","IL","ZA","SA","AE","BH","QA","OM","KW","EG","MA","DZ","TN","LB","JO","PS","IN","UA","AL","BA","HR","ME","MK","RS","SI","KR","LK","GH","KE","NG","TZ","UG","BW","BF","CV","CW","GM","GW","LS","LR","MW","ML","NA","NE","ST","SN","SC","SL","TT","BI","KH","CM","TD","KM","GQ","SZ","GA","GN","MR","RW","TG","ZW","BJ","MG","MU","MZ","AO","CI","DJ","ZM","CD","CG","IQ","LY","VE","ET","XK"],"disc_number":1,"duration_ms":269458,"explicit":false,"external_urls":{"spotify":"https://open.spotify.com/track/7x1cbTng0It7Knylo6A0Po"},"href":"https://api.spotify.com/v1/tracks/7x1cbTng0It7Knylo6A0Po","id":"7x1cbTng0It7Knylo6A0Po","name":"Rab Di Kasam - From \"Indian\"","preview_url":null,"track_number":6,"type":"track","uri":"spotify:track:7x1cbTng0It7Knylo6A0Po","is_local":false},{"artists":[{"external_urls":{"spotify":"https://open.spotify.com/artist/70B80Lwx2sxti0M1Ng9e8K"},"href":"https://api.spotify.com/v1/artists/70B80Lwx2sxti0M1Ng9e8K","id":"70B80Lwx2sxti0M1Ng9e8K","name":"Udit Narayan","type":"artist","uri":"spotify:artist:70B80Lwx2sxti0M1Ng9e8K"},{"external_urls":{"spotify":"https://open.spotify.com/artist/3eDT9fwXKuHWFvgZaaYC5v"},"href":"https://api.spotify.com/v1/artists/3eDT9fwXKuHWFvgZaaYC5v","id":"3eDT9fwXKuHWFvgZaaYC5v","name":"Sunidhi Chauhan","type":"artist","uri":"spotify:artist:3eDT9fwXKuHWFvgZaaYC5v"}],"available_markets":["AR","AU","AT","BE","BO","BR","BG","CA","CL","CO","CR","CY","CZ","DK","DO","DE","EC","EE","SV","FI","FR","GR","GT","HN","HK","HU","IS","IE","IT","LV","LT","LU","MY","MT","MX","NL","NZ","NI","NO","PA","PY","PE","PH","PL","PT","SG","SK","ES","SE","CH","TW","TR","UY","US","GB","ID","JP","TH","VN","RO","IL","ZA","SA","AE","BH","QA","OM","KW","EG","MA","DZ","TN","LB","JO","PS","IN","UA","AL","BA","HR","ME","MK","RS","SI","KR","LK","GH","KE","NG","TZ","UG","BW","BF","CV","CW","GM","GW","LS","LR","MW","ML","NA","NE","ST","SN","SC","SL","TT","BI","KH","CM","TD","KM","GQ","SZ","GA","GN","MR","RW","TG","ZW","BJ","MG","MU","MZ","AO","CI","DJ","ZM","CD","CG","IQ","LY","VE","ET","XK"],"disc_number":1,"duration_ms":251489,"explicit":false,"external_urls":{"spotify":"https://open.spotify.com/track/2mmvJ14ekizuPlPief97fg"},"href":"https://api.spotify.com/v1/tracks/2mmvJ14ekizuPlPief97fg","id":"2mmvJ14ekizuPlPief97fg","name":"Kehta Hai Mera Jiya - From \"Raja Bhaiya\"","preview_url":null,"track_number":7,"type":"track","uri":"spotify:track:2mmvJ14ekizuPlPief97fg","is_local":false},{"artists":[{"external_urls":{"spotify":"https://open.spotify.com/artist/70B80Lwx2sxti0M1Ng9e8K"},"href":"https://api.spotify.com/v1/artists/70B80Lwx2sxti0M1Ng9e8K","id":"70B80Lwx2sxti0M1Ng9e8K","name":"Udit Narayan","type":"artist","uri":"spotify:artist:70B80Lwx2sxti0M1Ng9e8K"}],"available_markets":["AR","AU","AT","BE","BO","BR","BG","CA","CL","CO","CR","CY","CZ","DK","DO","DE","EC","EE","SV","FI","FR","GR","GT","HN","HK","HU","IS","IE","IT","LV","LT","LU","MY","MT","MX","NL","NZ","NI","NO","PA","PY","PE","PH","PL","PT","SG","SK","ES","SE","CH","TW","TR","UY","US","GB","ID","JP","TH","VN","RO","IL","ZA","SA","AE","BH","QA","OM","KW","EG","MA","DZ","TN","LB","JO","PS","IN","UA","AL","BA","HR","ME","MK","RS","SI","KR","LK","GH","KE","NG","TZ","UG","BW","BF","CV","CW","GM","GW","LS","LR","MW","ML","NA","NE","ST","SN","SC","SL","TT","BI","KH","CM","TD","KM","GQ","SZ","GA","GN","MR","RW","TG","ZW","BJ","MG","MU","MZ","AO","CI","DJ","ZM","CD","CG","IQ","LY","VE","ET","XK"],"disc_number":1,"duration_ms":207990,"explicit":false,"external_urls":{"spotify":"https://open.spotify.com/track/2WuT14mASEIALLLDJyTvuX"},"href":"https://api.spotify.com/v1/tracks/2WuT14mASEIALLLDJyTvuX","id":"2WuT14mASEIALLLDJyTvuX","name":"Zindagi Hai Masti - From \"Aisa Kyon\"","preview_url":null,"track_number":8,"type":"track","uri":"spotify:track:2WuT14mASEIALLLDJyTvuX","is_local":false},{"artists":[{"external_urls":{"spotify":"https://open.spotify.com/artist/70B80Lwx2sxti0M1Ng9e8K"},"href":"https://api.spotify.com/v1/artists/70B80Lwx2sxti0M1Ng9e8K","id":"70B80Lwx2sxti0M1Ng9e8K","name":"Udit Narayan","type":"artist","uri":"spotify:artist:70B80Lwx2sxti0M1Ng9e8K"},{"external_urls":{"spotify":"https://open.spotify.com/artist/6WPmTGeeoymoVlXVtsCwz7"},"href":"https://api.spotify.com/v1/artists/6WPmTGeeoymoVlXVtsCwz7","id":"6WPmTGeeoymoVlXVtsCwz7","name":"Kavita Krishnamurthy","type":"artist","uri":"spotify:artist:6WPmTGeeoymoVlXVtsCwz7"}],"available_markets":["AR","AU","AT","BE","BO","BR","BG","CA","CL","CO","CR","CY","CZ","DK","DO","DE","EC","EE","SV","FI","FR","GR","GT","HN","HK","HU","IS","IE","IT","LV","LT","LU","MY","MT","MX","NL","NZ","NI","NO","PA","PY","PE","PH","PL","PT","SG","SK","ES","SE","CH","TW","TR","UY","US","GB","ID","JP","TH","VN","RO","IL","ZA","SA","AE","BH","QA","OM","KW","EG","MA","DZ","TN","LB","JO","PS","IN","UA","AL","BA","HR","ME","MK","RS","SI","KR","LK","GH","KE","NG","TZ","UG","BW","BF","CV","CW","GM","GW","LS","LR","MW","ML","NA","NE","ST","SN","SC","SL","TT","BI","KH","CM","TD","KM","GQ","SZ","GA","GN","MR","RW","TG","ZW","BJ","MG","MU","MZ","AO","CI","DJ","ZM","CD","CG","IQ","LY","VE","ET","XK"],"disc_number":1,"duration_ms":353125,"explicit":false,"external_urls":{"spotify":"https://open.spotify.com/track/7GZCjBqyLMSXWo9BusrLMs"},"href":"https://api.spotify.com/v1/tracks/7GZCjBqyLMSXWo9BusrLMs","id":"7GZCjBqyLMSXWo9BusrLMs","name":"Kitne Door Kitne Paas - From \"Kitne Door Kitne Paas\"","preview_url":null,"track_number":9,"type":"track","uri":"spotify:track:7GZCjBqyLMSXWo9BusrLMs","is_local":false},{"artists":[{"external_urls":{"spotify":"https://open.spotify.com/artist/70B80Lwx2sxti0M1Ng9e8K"},"href":"https://api.spotify.com/v1/artists/70B80Lwx2sxti0M1Ng9e8K","id":"70B80Lwx2sxti0M1Ng9e8K","name":"Udit Narayan","type":"artist","uri":"spotify:artist:70B80Lwx2sxti0M1Ng9e8K"},{"external_urls":{"spotify":"https://open.spotify.com/artist/5as8A4G47Ohu9NSWs3Je8U"},"href":"https://api.spotify.com/v1/artists/5as8A4G47Ohu9NSWs3Je8U","id":"5as8A4G47Ohu9NSWs3Je8U","name":"Asha Bhosle","type":"artist","uri":"spotify:artist:5as8A4G47Ohu9NSWs3Je8U"}],"available_markets":["AR","AU","AT","BE","BO","BR","BG","CA","CL","CO","CR","CY","CZ","DK","DO","DE","EC","EE","SV","FI","FR","GR","GT","HN","HK","HU","IS","IE","IT","LV","LT","LU","MY","MT","MX","NL","NZ","NI","NO","PA","PY","PE","PH","PL","PT","SG","SK","ES","SE","CH","TW","TR","UY","US","GB","ID","JP","TH","VN","RO","IL","ZA","SA","AE","BH","QA","OM","KW","EG","MA","DZ","TN","LB","JO","PS","IN","UA","AL","BA","HR","ME","MK","RS","SI","KR","LK","GH","KE","NG","TZ","UG","BW","BF","CV","CW","GM","GW","LS","LR","MW","ML","NA","NE","ST","SN","SC","SL","TT","BI","KH","CM","TD","KM","GQ","SZ","GA","GN","MR","RW","TG","ZW","BJ","MG","MU","MZ","AO","CI","DJ","ZM","CD","CG","IQ","LY","VE","ET","XK"],"disc_number":1,"duration_ms":332680,"explicit":false,"external_urls":{"spotify":"https://open.spotify.com/track/2JwUgq2SnZN2IuSUyDEuya"},"href":"https://api.spotify.com/v1/tracks/2JwUgq2SnZN2IuSUyDEuya","id":"2JwUgq2SnZN2IuSUyDEuya","name":"Ek Ladke Pe Aa Gaya Hai - Inth Ka Jawab Patthar / Soundtrack Version","preview_url":null,"track_number":10,"type":"track","uri":"spotify:track:2JwUgq2SnZN2IuSUyDEuya","is_local":false},{"artists":[{"external_urls":{"spotify":"https://open.spotify.com/artist/70B80Lwx2sxti0M1Ng9e8K"},"href":"https://api.spotify.com/v1/artists/70B80Lwx2sxti0M1Ng9e8K","id":"70B80Lwx2sxti0M1Ng9e8K","name":"Udit Narayan","type":"artist","uri":"spotify:artist:70B80Lwx2sxti0M1Ng9e8K"}],"available_markets":["AR","AU","AT","BE","BO","BR","BG","CA","CL","CO","CR","CY","CZ","DK","DO","DE","EC","EE","SV","FI","FR","GR","GT","HN","HK","HU","IS","IE","IT","LV","LT","LU","MY","MT","MX","NL","NZ","NI","NO","PA","PY","PE","PH","PL","PT","SG","SK","ES","SE","CH","TW","TR","UY","US","GB","ID","JP","TH","VN","RO","IL","ZA","SA","AE","BH","QA","OM","KW","EG","MA","DZ","TN","LB","JO","PS","IN","UA","AL","BA","HR","ME","MK","RS","SI","KR","LK","GH","KE","NG","TZ","UG","BW","BF","CV","CW","GM","GW","LS","LR","MW","ML","NA","NE","ST","SN","SC","SL","TT","BI","KH","CM","TD","KM","GQ","SZ","GA","GN","MR","RW","TG","ZW","BJ","MG","MU","MZ","AO","CI","DJ","ZM","CD","CG","IQ","LY","VE","ET","XK"],"disc_number":1,"duration_ms":313560,"explicit":false,"external_urls":{"spotify":"https://open.spotify.com/track/5EX1m8zlWxZa3zSh1VgmFi"},"href":"https://api.spotify.com/v1/tracks/5EX1m8zlWxZa3zSh1VgmFi","id":"5EX1m8zlWxZa3zSh1VgmFi","name":"Jana Suno Hum Tumpe Marte Hai - From \"Khamoshi - The Musical\"","preview_url":null,"track_number":11,"type":"track","uri":"spotify:track:5EX1m8zlWxZa3zSh1VgmFi","is_local":false},{"artists":[{"external_urls":{"spotify":"https://open.spotify.com/artist/70B80Lwx2sxti0M1Ng9e8K"},"href":"https://api.spotify.com/v1/artists/70B80Lwx2sxti0M1Ng9e8K","id":"70B80Lwx2sxti0M1Ng9e8K","name":"Udit Narayan","type":"artist","uri":"spotify:artist:70B80Lwx2sxti0M1Ng9e8K"},{"external_urls":{"spotify":"https://open.spotify.com/artist/6lpXKoHUzxZc5PwyS6cu4C"},"href":"https://api.spotify.com/v1/artists/6lpXKoHUzxZc5PwyS6cu4C","id":"6lpXKoHUzxZc5PwyS6cu4C","name":"Poornima","type":"artist","uri":"spotify:artist:6lpXKoHUzxZc5PwyS6cu4C"}],"available_markets":["AR","AU","AT","BE","BO","BR","BG","CA","CL","CO","CR","CY","CZ","DK","DO","DE","EC","EE","SV","FI","FR","GR","GT","HN","HK","HU","IS","IE","IT","LV","LT","LU","MY","MT","MX","NL","NZ","NI","NO","PA","PY","PE","PH","PL","PT","SG","SK","ES","SE","CH","TW","TR","UY","US","GB","ID","JP","TH","VN","RO","IL","ZA","SA","AE","BH","QA","OM","KW","EG","MA","DZ","TN","LB","JO","PS","IN","UA","AL","BA","HR","ME","MK","RS","SI","KR","LK","GH","KE","NG","TZ","UG","BW","BF","CV","CW","GM","GW","LS","LR","MW","ML","NA","NE","ST","SN","SC","SL","TT","BI","KH","CM","TD","KM","GQ","SZ","GA","GN","MR","RW","TG","ZW","BJ","MG","MU","MZ","AO","CI","DJ","ZM","CD","CG","IQ","LY","VE","ET","XK"],"disc_number":1,"duration_ms":302733,"explicit":false,"external_urls":{"spotify":"https://open.spotify.com/track/2quZfLH6GWTn5PJRAULoAb"},"href":"https://api.spotify.com/v1/tracks/2quZfLH6GWTn5PJRAULoAb","id":"2quZfLH6GWTn5PJRAULoAb","name":"Sone Jaisa Roop Hai - Deewana Hoon Pagal Nahin / Soundtrack Version","preview_url":null,"track_number":12,"type":"track","uri":"spotify:track:2quZfLH6GWTn5PJRAULoAb","is_local":false},{"artists":[{"external_urls":{"spotify":"https://open.spotify.com/artist/70B80Lwx2sxti0M1Ng9e8K"},"href":"https://api.spotify.com/v1/artists/70B80Lwx2sxti0M1Ng9e8K","id":"70B80Lwx2sxti0M1Ng9e8K","name":"Udit Narayan","type":"artist","uri":"spotify:artist:70B80Lwx2sxti0M1Ng9e8K"},{"external_urls":{"spotify":"https://open.spotify.com/artist/7guD32ltIhsA1tHdf7IVe0"},"href":"https://api.spotify.com/v1/artists/7guD32ltIhsA1tHdf7IVe0","id":"7guD32ltIhsA1tHdf7IVe0","name":"Babul Supriyo","type":"artist","uri":"spotify:artist:7guD32ltIhsA1tHdf7IVe0"},{"external_urls":{"spotify":"https://open.spotify.com/artist/3eDT9fwXKuHWFvgZaaYC5v"},"href":"https://api.spotify.com/v1/artists/3eDT9fwXKuHWFvgZaaYC5v","id":"3eDT9fwXKuHWFvgZaaYC5v","name":"Sunidhi Chauhan","type":"artist","uri":"spotify:artist:3eDT9fwXKuHWFvgZaaYC5v"}],"available_markets":["AR","AU","AT","BE","BO","BR","BG","CA","CL","CO","CR","CY","CZ","DK","DO","DE","EC","EE","SV","FI","FR","GR","GT","HN","HK","HU","IS","IE","IT","LV","LT","LU","MY","MT","MX","NL","NZ","NI","NO","PA","PY","PE","PH","PL","PT","SG","SK","ES","SE","CH","TW","TR","UY","US","GB","ID","JP","TH","VN","RO","IL","ZA","SA","AE","BH","QA","OM","KW","EG","MA","DZ","TN","LB","JO","PS","IN","UA","AL","BA","HR","ME","MK","RS","SI","KR","LK","GH","KE","NG","TZ","UG","BW","BF","CV","CW","GM","GW","LS","LR","MW","ML","NA","NE","ST","SN","SC","SL","TT","BI","KH","CM","TD","KM","GQ","SZ","GA","GN","MR","RW","TG","ZW","BJ","MG","MU","MZ","AO","CI","DJ","ZM","CD","CG","IQ","LY","VE","ET","XK"],"disc_number":1,"duration_ms":282431,"explicit":false,"external_urls":{"spotify":"https://open.spotify.com/track/70FGySA81QaCzP465O3uQj"},"href":"https://api.spotify.com/v1/tracks/70FGySA81QaCzP465O3uQj","id":"70FGySA81QaCzP465O3uQj","name":"Style Nasha Tera - From \"Aamdani Atthanni Kharcha Rupaiya\"","preview_url":null,"track_number":13,"type":"track","uri":"spotify:track:70FGySA81QaCzP465O3uQj","is_local":false},{"artists":[{"external_urls":{"spotify":"https://open.spotify.com/artist/70B80Lwx2sxti0M1Ng9e8K"},"href":"https://api.spotify.com/v1/artists/70B80Lwx2sxti0M1Ng9e8K","id":"70B80Lwx2sxti0M1Ng9e8K","name":"Udit Narayan","type":"artist","uri":"spotify:artist:70B80Lwx2sxti0M1Ng9e8K"}],"available_markets":["AR","AU","AT","BE","BO","BR","BG","CA","CL","CO","CR","CY","CZ","DK","DO","DE","EC","EE","SV","FI","FR","GR","GT","HN","HK","HU","IS","IE","IT","LV","LT","LU","MY","MT","MX","NL","NZ","NI","NO","PA","PY","PE","PH","PL","PT","SG","SK","ES","SE","CH","TW","TR","UY","US","GB","ID","JP","TH","VN","RO","IL","ZA","SA","AE","BH","QA","OM","KW","EG","MA","DZ","TN","LB","JO","PS","IN","UA","AL","BA","HR","ME","MK","RS","SI","KR","LK","GH","KE","NG","TZ","UG","BW","BF","CV","CW","GM","GW","LS","LR","MW","ML","NA","NE","ST","SN","SC","SL","TT","BI","KH","CM","TD","KM","GQ","SZ","GA","GN","MR","RW","TG","ZW","BJ","MG","MU","MZ","AO","CI","DJ","ZM","CD","CG","IQ","LY","VE","ET","XK"],"disc_number":1,"duration_ms":230121,"explicit":false,"external_urls":{"spotify":"https://open.spotify.com/track/2iovhDixLek9Y4YNxbvk0X"},"href":"https://api.spotify.com/v1/tracks/2iovhDixLek9Y4YNxbvk0X","id":"2iovhDixLek9Y4YNxbvk0X","name":"Aisa Kyon - From \"Aisa Kyon\"","preview_url":null,"track_number":14,"type":"track","uri":"spotify:track:2iovhDixLek9Y4YNxbvk0X","is_local":false},{"artists":[{"external_urls":{"spotify":"https://open.spotify.com/artist/70B80Lwx2sxti0M1Ng9e8K"},"href":"https://api.spotify.com/v1/artists/70B80Lwx2sxti0M1Ng9e8K","id":"70B80Lwx2sxti0M1Ng9e8K","name":"Udit Narayan","type":"artist","uri":"spotify:artist:70B80Lwx2sxti0M1Ng9e8K"}],"available_markets":["AR","AU","AT","BE","BO","BR","BG","CA","CL","CO","CR","CY","CZ","DK","DO","DE","EC","EE","SV","FI","FR","GR","GT","HN","HK","HU","IS","IE","IT","LV","LT","LU","MY","MT","MX","NL","NZ","NI","NO","PA","PY","PE","PH","PL","PT","SG","SK","ES","SE","CH","TW","TR","UY","US","GB","ID","JP","TH","VN","RO","IL","ZA","SA","AE","BH","QA","OM","KW","EG","MA","DZ","TN","LB","JO","PS","IN","UA","AL","BA","HR","ME","MK","RS","SI","KR","LK","GH","KE","NG","TZ","UG","BW","BF","CV","CW","GM","GW","LS","LR","MW","ML","NA","NE","ST","SN","SC","SL","TT","BI","KH","CM","TD","KM","GQ","SZ","GA","GN","MR","RW","TG","ZW","BJ","MG","MU","MZ","AO","CI","DJ","ZM","CD","CG","IQ","LY","VE","ET","XK"],"disc_number":1,"duration_ms":411333,"explicit":false,"external_urls":{"spotify":"https://open.spotify.com/track/0EC3Rd0IJn346a9oH9nc51"},"href":"https://api.spotify.com/v1/tracks/0EC3Rd0IJn346a9oH9nc51","id":"0EC3Rd0IJn346a9oH9nc51","name":"Badhaai Ho Badhaai - Badhaai Ho Badhaai / Soundtrack Version","preview_url":null,"track_number":15,"type":"track","uri":"spotify:track:0EC3Rd0IJn346a9oH9nc51","is_local":false},{"artists":[{"external_urls":{"spotify":"https://open.spotify.com/artist/70B80Lwx2sxti0M1Ng9e8K"},"href":"https://api.spotify.com/v1/artists/70B80Lwx2sxti0M1Ng9e8K","id":"70B80Lwx2sxti0M1Ng9e8K","name":"Udit Narayan","type":"artist","uri":"spotify:artist:70B80Lwx2sxti0M1Ng9e8K"},{"external_urls":{"spotify":"https://open.spotify.com/artist/5cB4d4jPYjMT326sjihQ4m"},"href":"https://api.spotify.com/v1/artists/5cB4d4jPYjMT326sjihQ4m","id":"5cB4d4jPYjMT326sjihQ4m","name":"Shaan","type":"artist","uri":"spotify:artist:5cB4d4jPYjMT326sjihQ4m"},{"external_urls":{"spotify":"https://open.spotify.com/artist/4rnZuhwnklBG6MvcLIjEfd"},"href":"https://api.spotify.com/v1/artists/4rnZuhwnklBG6MvcLIjEfd","id":"4rnZuhwnklBG6MvcLIjEfd","name":"Johnny Lever","type":"artist","uri":"spotify:artist:4rnZuhwnklBG6MvcLIjEfd"}],"available_markets":["AR","AU","AT","BE","BO","BR","BG","CA","CL","CO","CR","CY","CZ","DK","DO","DE","EC","EE","SV","FI","FR","GR","GT","HN","HK","HU","IS","IE","IT","LV","LT","LU","MY","MT","MX","NL","NZ","NI","NO","PA","PY","PE","PH","PL","PT","SG","SK","ES","SE","CH","TW","TR","UY","US","GB","ID","JP","TH","VN","RO","IL","ZA","SA","AE","BH","QA","OM","KW","EG","MA","DZ","TN","LB","JO","PS","IN","UA","AL","BA","HR","ME","MK","RS","SI","KR","LK","GH","KE","NG","TZ","UG","BW","BF","CV","CW","GM","GW","LS","LR","MW","ML","NA","NE","ST","SN","SC","SL","TT","BI","KH","CM","TD","KM","GQ","SZ","GA","GN","MR","RW","TG","ZW","BJ","MG","MU","MZ","AO","CI","DJ","ZM","CD","CG","IQ","LY","VE","ET","XK"],"disc_number":1,"duration_ms":370786,"explicit":false,"external_urls":{"spotify":"https://open.spotify.com/track/17xcHcrKMLeNOZYr5J4C4r"},"href":"https://api.spotify.com/v1/tracks/17xcHcrKMLeNOZYr5J4C4r","id":"17xcHcrKMLeNOZYr5J4C4r","name":"Aamdani Atthanni - Aamdani Atthanni Kharcha Rupaiya / Soundtrack Version","preview_url":null,"track_number":16,"type":"track","uri":"spotify:track:17xcHcrKMLeNOZYr5J4C4r","is_local":false},{"artists":[{"external_urls":{"spotify":"https://open.spotify.com/artist/70B80Lwx2sxti0M1Ng9e8K"},"href":"https://api.spotify.com/v1/artists/70B80Lwx2sxti0M1Ng9e8K","id":"70B80Lwx2sxti0M1Ng9e8K","name":"Udit Narayan","type":"artist","uri":"spotify:artist:70B80Lwx2sxti0M1Ng9e8K"},{"external_urls":{"spotify":"https://open.spotify.com/artist/3gBKY0y3dFFVRqicLnVZYz"},"href":"https://api.spotify.com/v1/artists/3gBKY0y3dFFVRqicLnVZYz","id":"3gBKY0y3dFFVRqicLnVZYz","name":"Alka Yagnik","type":"artist","uri":"spotify:artist:3gBKY0y3dFFVRqicLnVZYz"}],"available_markets":["AR","AU","AT","BE","BO","BR","BG","CA","CL","CO","CR","CY","CZ","DK","DO","DE","EC","EE","SV","FI","FR","GR","GT","HN","HK","HU","IS","IE","IT","LV","LT","LU","MY","MT","MX","NL","NZ","NI","NO","PA","PY","PE","PH","PL","PT","SG","SK","ES","SE","CH","TW","TR","UY","US","GB","ID","JP","TH","VN","RO","IL","ZA","SA","AE","BH","QA","OM","KW","EG","MA","DZ","TN","LB","JO","PS","IN","UA","AL","BA","HR","ME","MK","RS","SI","KR","LK","GH","KE","NG","TZ","UG","BW","BF","CV","CW","GM","GW","LS","LR","MW","ML","NA","NE","ST","SN","SC","SL","TT","BI","KH","CM","TD","KM","GQ","SZ","GA","GN","MR","RW","TG","ZW","BJ","MG","MU","MZ","AO","CI","DJ","ZM","CD","CG","IQ","LY","VE","ET","XK"],"disc_number":1,"duration_ms":327942,"explicit":false,"external_urls":{"spotify":"https://open.spotify.com/track/2V93YwAihWFPi9Qa1qArFa"},"href":"https://api.spotify.com/v1/tracks/2V93YwAihWFPi9Qa1qArFa","id":"2V93YwAihWFPi9Qa1qArFa","name":"Chudi Khankayi Re - From \"Yeh Hai Jalwa\"","preview_url":null,"track_number":17,"type":"track","uri":"spotify:track:2V93YwAihWFPi9Qa1qArFa","is_local":false},{"artists":[{"external_urls":{"spotify":"https://open.spotify.com/artist/70B80Lwx2sxti0M1Ng9e8K"},"href":"https://api.spotify.com/v1/artists/70B80Lwx2sxti0M1Ng9e8K","id":"70B80Lwx2sxti0M1Ng9e8K","name":"Udit Narayan","type":"artist","uri":"spotify:artist:70B80Lwx2sxti0M1Ng9e8K"},{"external_urls":{"spotify":"https://open.spotify.com/artist/3gBKY0y3dFFVRqicLnVZYz"},"href":"https://api.spotify.com/v1/artists/3gBKY0y3dFFVRqicLnVZYz","id":"3gBKY0y3dFFVRqicLnVZYz","name":"Alka Yagnik","type":"artist","uri":"spotify:artist:3gBKY0y3dFFVRqicLnVZYz"}],"available_markets":["AR","AU","AT","BE","BO","BR","BG","CA","CL","CO","CR","CY","CZ","DK","DO","DE","EC","EE","SV","FI","FR","GR","GT","HN","HK","HU","IS","IE","IT","LV","LT","LU","MY","MT","MX","NL","NZ","NI","NO","PA","PY","PE","PH","PL","PT","SG","SK","ES","SE","CH","TW","TR","UY","US","GB","ID","JP","TH","VN","RO","IL","ZA","SA","AE","BH","QA","OM","KW","EG","MA","DZ","TN","LB","JO","PS","IN","UA","AL","BA","HR","ME","MK","RS","SI","KR","LK","GH","KE","NG","TZ","UG","BW","BF","CV","CW","GM","GW","LS","LR","MW","ML","NA","NE","ST","SN","SC","SL","TT","BI","KH","CM","TD","KM","GQ","SZ","GA","GN","MR","RW","TG","ZW","BJ","MG","MU","MZ","AO","CI","DJ","ZM","CD","CG","IQ","LY","VE","ET","XK"],"disc_number":1,"duration_ms":268972,"explicit":false,"external_urls":{"spotify":"https://open.spotify.com/track/3V3BTu3sF872XCLhRfFYWa"},"href":"https://api.spotify.com/v1/tracks/3V3BTu3sF872XCLhRfFYWa","id":"3V3BTu3sF872XCLhRfFYWa","name":"Mujhe Teri Nazarne - Waah..! Tera Kya Kehna / OST","preview_url":null,"track_number":18,"type":"track","uri":"spotify:track:3V3BTu3sF872XCLhRfFYWa","is_local":false},{"artists":[{"external_urls":{"spotify":"https://open.spotify.com/artist/70B80Lwx2sxti0M1Ng9e8K"},"href":"https://api.spotify.com/v1/artists/70B80Lwx2sxti0M1Ng9e8K","id":"70B80Lwx2sxti0M1Ng9e8K","name":"Udit Narayan","type":"artist","uri":"spotify:artist:70B80Lwx2sxti0M1Ng9e8K"},{"external_urls":{"spotify":"https://open.spotify.com/artist/0Yb0T3wUUNiIvHjqnfkbuH"},"href":"https://api.spotify.com/v1/artists/0Yb0T3wUUNiIvHjqnfkbuH","id":"0Yb0T3wUUNiIvHjqnfkbuH","name":"Mahalakshmi Iyer","type":"artist","uri":"spotify:artist:0Yb0T3wUUNiIvHjqnfkbuH"}],"available_markets":["AR","AU","AT","BE","BO","BR","BG","CA","CL","CO","CR","CY","CZ","DK","DO","DE","EC","EE","SV","FI","FR","GR","GT","HN","HK","HU","IS","IE","IT","LV","LT","LU","MY","MT","MX","NL","NZ","NI","NO","PA","PY","PE","PH","PL","PT","SG","SK","ES","SE","CH","TW","TR","UY","US","GB","ID","JP","TH","VN","RO","IL","ZA","SA","AE","BH","QA","OM","KW","EG","MA","DZ","TN","LB","JO","PS","IN","UA","AL","BA","HR","ME","MK","RS","SI","KR","LK","GH","KE","NG","TZ","UG","BW","BF","CV","CW","GM","GW","LS","LR","MW","ML","NA","NE","ST","SN","SC","SL","TT","BI","KH","CM","TD","KM","GQ","SZ","GA","GN","MR","RW","TG","ZW","BJ","MG","MU","MZ","AO","CI","DJ","ZM","CD","CG","IQ","LY","VE","ET","XK"],"disc_number":1,"duration_ms":260733,"explicit":false,"external_urls":{"spotify":"https://open.spotify.com/track/5eCnr6stwrH5jCxnkplnCI"},"href":"https://api.spotify.com/v1/tracks/5eCnr6stwrH5jCxnkplnCI","id":"5eCnr6stwrH5jCxnkplnCI","name":"Tum Kaho To - Shaadi Ka Laddoo / Soundtrack Version","preview_url":null,"track_number":19,"type":"track","uri":"spotify:track:5eCnr6stwrH5jCxnkplnCI","is_local":false},{"artists":[{"external_urls":{"spotify":"https://open.spotify.com/artist/70B80Lwx2sxti0M1Ng9e8K"},"href":"https://api.spotify.com/v1/artists/70B80Lwx2sxti0M1Ng9e8K","id":"70B80Lwx2sxti0M1Ng9e8K","name":"Udit Narayan","type":"artist","uri":"spotify:artist:70B80Lwx2sxti0M1Ng9e8K"},{"external_urls":{"spotify":"https://open.spotify.com/artist/5as8A4G47Ohu9NSWs3Je8U"},"href":"https://api.spotify.com/v1/artists/5as8A4G47Ohu9NSWs3Je8U","id":"5as8A4G47Ohu9NSWs3Je8U","name":"Asha Bhosle","type":"artist","uri":"spotify:artist:5as8A4G47Ohu9NSWs3Je8U"}],"available_markets":["AR","AU","AT","BE","BO","BR","BG","CA","CL","CO","CR","CY","CZ","DK","DO","DE","EC","EE","SV","FI","FR","GR","GT","HN","HK","HU","IS","IE","IT","LV","LT","LU","MY","MT","MX","NL","NZ","NI","NO","PA","PY","PE","PH","PL","PT","SG","SK","ES","SE","CH","TW","TR","UY","US","GB","ID","JP","TH","VN","RO","IL","ZA","SA","AE","BH","QA","OM","KW","EG","MA","DZ","TN","LB","JO","PS","IN","UA","AL","BA","HR","ME","MK","RS","SI","KR","LK","GH","KE","NG","TZ","UG","BW","BF","CV","CW","GM","GW","LS","LR","MW","ML","NA","NE","ST","SN","SC","SL","TT","BI","KH","CM","TD","KM","GQ","SZ","GA","GN","MR","RW","TG","ZW","BJ","MG","MU","MZ","AO","CI","DJ","ZM","CD","CG","IQ","LY","VE","ET","XK"],"disc_number":1,"duration_ms":342920,"explicit":false,"external_urls":{"spotify":"https://open.spotify.com/track/7h5i8V9bfUdCZ412yzpUKY"},"href":"https://api.spotify.com/v1/tracks/7h5i8V9bfUdCZ412yzpUKY","id":"7h5i8V9bfUdCZ412yzpUKY","name":"Rajai Odh Ke - Inth Ka Jawab Patthar / Soundtrack Version","preview_url":null,"track_number":20,"type":"track","uri":"spotify:track:7h5i8V9bfUdCZ412yzpUKY","is_local":false}],"limit":20,"next":"https://api.spotify.com/v1/albums/4rvCQOx2G4DYIq2dnTIN5U/tracks?offset=20&limit=20","offset":0,"previous":null,"total":21}
]]></system-out>
  </testcase>
  <testcase name="getUserSavedAlbums" classname="webAPI.TestAlbum" time="0.394">
    <system-out><![CDATA[04:07:26.267 [main] INFO core.OutputLog -- >>> getUserSavedAlbumsexecution has been started.
>>> User Request Specification
AlbumResponse : {"href":"https://api.spotify.com/v1/me/albums?offset=0&limit=20","items":[{"added_at":"2024-12-03T16:30:26Z","album":{"album_type":"album","total_tracks":10,"available_markets":["CA","US"],"external_urls":{"spotify":"https://open.spotify.com/album/1A2GTWGtFfWp7KSQTwWOyo"},"href":"https://api.spotify.com/v1/albums/1A2GTWGtFfWp7KSQTwWOyo","id":"1A2GTWGtFfWp7KSQTwWOyo","images":[{"url":"https://i.scdn.co/image/ab67616d0000b273d8601e15fa1b4351fe1fc6ae","height":640,"width":640},{"url":"https://i.scdn.co/image/ab67616d00001e02d8601e15fa1b4351fe1fc6ae","height":300,"width":300},{"url":"https://i.scdn.co/image/ab67616d00004851d8601e15fa1b4351fe1fc6ae","height":64,"width":64}],"name":"Human After All","release_date":"2005-03-14","release_date_precision":"day","type":"album","uri":"spotify:album:1A2GTWGtFfWp7KSQTwWOyo","artists":[{"external_urls":{"spotify":"https://open.spotify.com/artist/4tZwfgrHOc3mvqYlEYSvVi"},"href":"https://api.spotify.com/v1/artists/4tZwfgrHOc3mvqYlEYSvVi","id":"4tZwfgrHOc3mvqYlEYSvVi","name":"Daft Punk","type":"artist","uri":"spotify:artist:4tZwfgrHOc3mvqYlEYSvVi"}],"tracks":{"href":"https://api.spotify.com/v1/albums/1A2GTWGtFfWp7KSQTwWOyo/tracks?offset=0&limit=50","limit":50,"next":null,"offset":0,"previous":null,"total":10,"items":[{"artists":[{"external_urls":{"spotify":"https://open.spotify.com/artist/4tZwfgrHOc3mvqYlEYSvVi"},"href":"https://api.spotify.com/v1/artists/4tZwfgrHOc3mvqYlEYSvVi","id":"4tZwfgrHOc3mvqYlEYSvVi","name":"Daft Punk","type":"artist","uri":"spotify:artist:4tZwfgrHOc3mvqYlEYSvVi"}],"available_markets":["CA","US"],"disc_number":1,"duration_ms":319879,"explicit":false,"external_urls":{"spotify":"https://open.spotify.com/track/3aByRUC2BVL6Fs1zI723sd"},"href":"https://api.spotify.com/v1/tracks/3aCKAkMx3yfaj3AO5Gz47e","id":"3aCKAkMx3yfaj3AO5Gz47e","linked_from":{"external_urls":{"spotify":"https://open.spotify.com/track/3aByRUC2BVL6Fs1zI723sd"},"href":"https://api.spotify.com/v1/tracks/3aByRUC2BVL6Fs1zI723sd","id":"3aByRUC2BVL6Fs1zI723sd","type":"track","uri":"spotify:track:3aByRUC2BVL6Fs1zI723sd"},"name":"Human After All","preview_url":null,"track_number":1,"type":"track","uri":"spotify:track:3aCKAkMx3yfaj3AO5Gz47e","is_local":false},{"artists":[{"external_urls":{"spotify":"https://open.spotify.com/artist/4tZwfgrHOc3mvqYlEYSvVi"},"href":"https://api.spotify.com/v1/artists/4tZwfgrHOc3mvqYlEYSvVi","id":"4tZwfgrHOc3mvqYlEYSvVi","name":"Daft Punk","type":"artist","uri":"spotify:artist:4tZwfgrHOc3mvqYlEYSvVi"}],"available_markets":["CA","US"],"disc_number":1,"duration_ms":263240,"explicit":false,"external_urls":{"spotify":"https://open.spotify.com/track/2ABpuao3ZbTjP2cSiX9KZc"},"href":"https://api.spotify.com/v1/tracks/0UZRFYMoz9xmeE2AQUhTDl","id":"0UZRFYMoz9xmeE2AQUhTDl","linked_from":{"external_urls":{"spotify":"https://open.spotify.com/track/2ABpuao3ZbTjP2cSiX9KZc"},"href":"https://api.spotify.com/v1/tracks/2ABpuao3ZbTjP2cSiX9KZc","id":"2ABpuao3ZbTjP2cSiX9KZc","type":"track","uri":"spotify:track:2ABpuao3ZbTjP2cSiX9KZc"},"name":"The Prime Time of Your Life","preview_url":null,"track_number":2,"type":"track","uri":"spotify:track:0UZRFYMoz9xmeE2AQUhTDl","is_local":false},{"artists":[{"external_urls":{"spotify":"https://open.spotify.com/artist/4tZwfgrHOc3mvqYlEYSvVi"},"href":"https://api.spotify.com/v1/artists/4tZwfgrHOc3mvqYlEYSvVi","id":"4tZwfgrHOc3mvqYlEYSvVi","name":"Daft Punk","type":"artist","uri":"spotify:artist:4tZwfgrHOc3mvqYlEYSvVi"}],"available_markets":["CA","US"],"disc_number":1,"duration_ms":287720,"explicit":false,"external_urls":{"spotify":"https://open.spotify.com/track/4zu9wo2FXoBSsKjO6tRB3R"},"href":"https://api.spotify.com/v1/tracks/7LL40F6YdZgeiQ6en1c7Lk","id":"7LL40F6YdZgeiQ6en1c7Lk","linked_from":{"external_urls":{"spotify":"https://open.spotify.com/track/4zu9wo2FXoBSsKjO6tRB3R"},"href":"https://api.spotify.com/v1/tracks/4zu9wo2FXoBSsKjO6tRB3R","id":"4zu9wo2FXoBSsKjO6tRB3R","type":"track","uri":"spotify:track:4zu9wo2FXoBSsKjO6tRB3R"},"name":"Robot Rock","preview_url":null,"track_number":3,"type":"track","uri":"spotify:track:7LL40F6YdZgeiQ6en1c7Lk","is_local":false},{"artists":[{"external_urls":{"spotify":"https://open.spotify.com/artist/4tZwfgrHOc3mvqYlEYSvVi"},"href":"https://api.spotify.com/v1/artists/4tZwfgrHOc3mvqYlEYSvVi","id":"4tZwfgrHOc3mvqYlEYSvVi","name":"Daft Punk","type":"artist","uri":"spotify:artist:4tZwfgrHOc3mvqYlEYSvVi"}],"available_markets":["CA","US"],"disc_number":1,"duration_ms":321186,"explicit":false,"external_urls":{"spotify":"https://open.spotify.com/track/07KtTNn0wZndtN5NOYdBWR"},"href":"https://api.spotify.com/v1/tracks/60HSQkYSlJVtdRdHgzRsXz","id":"60HSQkYSlJVtdRdHgzRsXz","linked_from":{"external_urls":{"spotify":"https://open.spotify.com/track/07KtTNn0wZndtN5NOYdBWR"},"href":"https://api.spotify.com/v1/tracks/07KtTNn0wZndtN5NOYdBWR","id":"07KtTNn0wZndtN5NOYdBWR","type":"track","uri":"spotify:track:07KtTNn0wZndtN5NOYdBWR"},"name":"Steam Machine","preview_url":null,"track_number":4,"type":"track","uri":"spotify:track:60HSQkYSlJVtdRdHgzRsXz","is_local":false},{"artists":[{"external_urls":{"spotify":"https://open.spotify.com/artist/4tZwfgrHOc3mvqYlEYSvVi"},"href":"https://api.spotify.com/v1/artists/4tZwfgrHOc3mvqYlEYSvVi","id":"4tZwfgrHOc3mvqYlEYSvVi","name":"Daft Punk","type":"artist","uri":"spotify:artist:4tZwfgrHOc3mvqYlEYSvVi"}],"available_markets":["CA","US"],"disc_number":1,"duration_ms":289680,"explicit":false,"external_urls":{"spotify":"https://open.spotify.com/track/1WnXCfO6oIxG0TbJj29MqR"},"href":"https://api.spotify.com/v1/tracks/4ABWPP59ItFKykdaDF09K5","id":"4ABWPP59ItFKykdaDF09K5","linked_from":{"external_urls":{"spotify":"https://open.spotify.com/track/1WnXCfO6oIxG0TbJj29MqR"},"href":"https://api.spotify.com/v1/tracks/1WnXCfO6oIxG0TbJj29MqR","id":"1WnXCfO6oIxG0TbJj29MqR","type":"track","uri":"spotify:track:1WnXCfO6oIxG0TbJj29MqR"},"name":"Make Love","preview_url":null,"track_number":5,"type":"track","uri":"spotify:track:4ABWPP59ItFKykdaDF09K5","is_local":false},{"artists":[{"external_urls":{"spotify":"https://open.spotify.com/artist/4tZwfgrHOc3mvqYlEYSvVi"},"href":"https://api.spotify.com/v1/artists/4tZwfgrHOc3mvqYlEYSvVi","id":"4tZwfgrHOc3mvqYlEYSvVi","name":"Daft Punk","type":"artist","uri":"spotify:artist:4tZwfgrHOc3mvqYlEYSvVi"}],"available_markets":["CA","US"],"disc_number":1,"duration_ms":248400,"explicit":false,"external_urls":{"spotify":"https://open.spotify.com/track/61qwHnU8dyMqPemGzopDcp"},"href":"https://api.spotify.com/v1/tracks/73MAeHX5sqLYfuYclsrvHc","id":"73MAeHX5sqLYfuYclsrvHc","linked_from":{"external_urls":{"spotify":"https://open.spotify.com/track/61qwHnU8dyMqPemGzopDcp"},"href":"https://api.spotify.com/v1/tracks/61qwHnU8dyMqPemGzopDcp","id":"61qwHnU8dyMqPemGzopDcp","type":"track","uri":"spotify:track:61qwHnU8dyMqPemGzopDcp"},"name":"The Brainwasher","preview_url":null,"track_number":6,"type":"track","uri":"spotify:track:73MAeHX5sqLYfuYclsrvHc","is_local":false},{"artists":[{"external_urls":{"spotify":"https://open.spotify.com/artist/4tZwfgrHOc3mvqYlEYSvVi"},"href":"https://api.spotify.com/v1/artists/4tZwfgrHOc3mvqYlEYSvVi","id":"4tZwfgrHOc3mvqYlEYSvVi","name":"Daft Punk","type":"artist","uri":"spotify:artist:4tZwfgrHOc3mvqYlEYSvVi"}],"available_markets":["CA","US"],"disc_number":1,"duration_ms":19200,"explicit":false,"external_urls":{"spotify":"https://open.spotify.com/track/0cV1dl2k19YoGbxTKDb0rH"},"href":"https://api.spotify.com/v1/tracks/3dWxT7lAv6lmXEW2AEZyPQ","id":"3dWxT7lAv6lmXEW2AEZyPQ","linked_from":{"external_urls":{"spotify":"https://open.spotify.com/track/0cV1dl2k19YoGbxTKDb0rH"},"href":"https://api.spotify.com/v1/tracks/0cV1dl2k19YoGbxTKDb0rH","id":"0cV1dl2k19YoGbxTKDb0rH","type":"track","uri":"spotify:track:0cV1dl2k19YoGbxTKDb0rH"},"name":"On / Off","preview_url":null,"track_number":7,"type":"track","uri":"spotify:track:3dWxT7lAv6lmXEW2AEZyPQ","is_local":false},{"artists":[{"external_urls":{"spotify":"https://open.spotify.com/artist/4tZwfgrHOc3mvqYlEYSvVi"},"href":"https://api.spotify.com/v1/artists/4tZwfgrHOc3mvqYlEYSvVi","id":"4tZwfgrHOc3mvqYlEYSvVi","name":"Daft Punk","type":"artist","uri":"spotify:artist:4tZwfgrHOc3mvqYlEYSvVi"}],"available_markets":["CA","US"],"disc_number":1,"duration_ms":287840,"explicit":false,"external_urls":{"spotify":"https://open.spotify.com/track/73mTIDCNKGfUF4MiFfR3b5"},"href":"https://api.spotify.com/v1/tracks/37M8nuFfSrlKfTR0AAp7gK","id":"37M8nuFfSrlKfTR0AAp7gK","linked_from":{"external_urls":{"spotify":"https://open.spotify.com/track/73mTIDCNKGfUF4MiFfR3b5"},"href":"https://api.spotify.com/v1/tracks/73mTIDCNKGfUF4MiFfR3b5","id":"73mTIDCNKGfUF4MiFfR3b5","type":"track","uri":"spotify:track:73mTIDCNKGfUF4MiFfR3b5"},"name":"Television Rules the Nation","preview_url":null,"track_number":8,"type":"track","uri":"spotify:track:37M8nuFfSrlKfTR0AAp7gK","is_local":false},{"artists":[{"external_urls":{"spotify":"https://open.spotify.com/artist/4tZwfgrHOc3mvqYlEYSvVi"},"href":"https://api.spotify.com/v1/artists/4tZwfgrHOc3mvqYlEYSvVi","id":"4tZwfgrHOc3mvqYlEYSvVi","name":"Daft Punk","type":"artist","uri":"spotify:artist:4tZwfgrHOc3mvqYlEYSvVi"}],"available_markets":["CA","US"],"disc_number":1,"duration_ms":284280,"explicit":false,"external_urls":{"spotify":"https://open.spotify.com/track/0LSLM0zuWRkEYemF7JcfEE"},"href":"https://api.spotify.com/v1/tracks/1iNeZGJsoC0D7ZyJTdIbDS","id":"1iNeZGJsoC0D7ZyJTdIbDS","linked_from":{"external_urls":{"spotify":"https://open.spotify.com/track/0LSLM0zuWRkEYemF7JcfEE"},"href":"https://api.spotify.com/v1/tracks/0LSLM0zuWRkEYemF7JcfEE","id":"0LSLM0zuWRkEYemF7JcfEE","type":"track","uri":"spotify:track:0LSLM0zuWRkEYemF7JcfEE"},"name":"Technologic","preview_url":null,"track_number":9,"type":"track","uri":"spotify:track:1iNeZGJsoC0D7ZyJTdIbDS","is_local":false},{"artists":[{"external_urls":{"spotify":"https://open.spotify.com/artist/4tZwfgrHOc3mvqYlEYSvVi"},"href":"https://api.spotify.com/v1/artists/4tZwfgrHOc3mvqYlEYSvVi","id":"4tZwfgrHOc3mvqYlEYSvVi","name":"Daft Punk","type":"artist","uri":"spotify:artist:4tZwfgrHOc3mvqYlEYSvVi"}],"available_markets":["CA","US"],"disc_number":1,"duration_ms":417320,"explicit":false,"external_urls":{"spotify":"https://open.spotify.com/track/3PsJ6zisndTa3F9eOjBfCc"},"href":"https://api.spotify.com/v1/tracks/0Dezmoeb373GNcYBjLVAMH","id":"0Dezmoeb373GNcYBjLVAMH","linked_from":{"external_urls":{"spotify":"https://open.spotify.com/track/3PsJ6zisndTa3F9eOjBfCc"},"href":"https://api.spotify.com/v1/tracks/3PsJ6zisndTa3F9eOjBfCc","id":"3PsJ6zisndTa3F9eOjBfCc","type":"track","uri":"spotify:track:3PsJ6zisndTa3F9eOjBfCc"},"name":"Emotion","preview_url":null,"track_number":10,"type":"track","uri":"spotify:track:0Dezmoeb373GNcYBjLVAMH","is_local":false}]},"copyrights":[{"text":"Distributed exclusively by Warner Music France / ADA France, © 2005 Daft Life Ltd.","type":"C"},{"text":"Distributed exclusively by Warner Music France / ADA France, ℗ 2005 Daft Life Ltd.","type":"P"}],"external_ids":{"upc":"0724386091956"},"genres":[],"label":"Daft Life Ltd./ADA France","popularity":52}},{"added_at":"2024-12-03T16:30:26Z","album":{"album_type":"album","total_tracks":14,"available_markets":["AR","AU","AT","BE","BO","BR","BG","CA","CL","CO","CR","CY","CZ","DK","DO","DE","EC","EE","SV","FI","FR","GR","GT","HN","HK","HU","IS","IE","IT","LV","LT","LU","MY","MT","MX","NL","NZ","NI","NO","PA","PY","PE","PH","PL","PT","SG","SK","ES","SE","CH","TW","TR","UY","US","GB","AD","LI","MC","ID","JP","TH","VN","RO","IL","ZA","SA","AE","BH","QA","OM","KW","EG","MA","DZ","TN","LB","JO","PS","IN","BY","KZ","MD","UA","AL","BA","HR","ME","MK","RS","SI","KR","BD","PK","LK","GH","KE","NG","TZ","UG","AG","AM","BS","BB","BZ","BT","BW","BF","CV","CW","DM","FJ","GM","GE","GD","GW","GY","HT","JM","KI","LS","LR","MW","MV","ML","MH","FM","NA","NR","NE","PW","PG","PR","WS","SM","ST","SN","SC","SL","SB","KN","LC","VC","SR","TL","TO","TT","TV","VU","AZ","BN","BI","KH","CM","TD","KM","GQ","SZ","GA","GN","KG","LA","MO","MR","MN","NP","RW","TG","UZ","ZW","BJ","MG","MU","MZ","AO","CI","DJ","ZM","CD","CG","IQ","LY","TJ","VE","ET","XK"],"external_urls":{"spotify":"https://open.spotify.com/album/2noRn2Aes5aoNVsU6iWThc"},"href":"https://api.spotify.com/v1/albums/2noRn2Aes5aoNVsU6iWThc","id":"2noRn2Aes5aoNVsU6iWThc","images":[{"url":"https://i.scdn.co/image/ab67616d0000b2736610c21366e613bfd9f5d197","height":640,"width":640},{"url":"https://i.scdn.co/image/ab67616d00001e026610c21366e613bfd9f5d197","height":300,"width":300},{"url":"https://i.scdn.co/image/ab67616d000048516610c21366e613bfd9f5d197","height":64,"width":64}],"name":"Discovery","release_date":"2001-03-12","release_date_precision":"day","type":"album","uri":"spotify:album:2noRn2Aes5aoNVsU6iWThc","artists":[{"external_urls":{"spotify":"https://open.spotify.com/artist/4tZwfgrHOc3mvqYlEYSvVi"},"href":"https://api.spotify.com/v1/artists/4tZwfgrHOc3mvqYlEYSvVi","id":"4tZwfgrHOc3mvqYlEYSvVi","name":"Daft Punk","type":"artist","uri":"spotify:artist:4tZwfgrHOc3mvqYlEYSvVi"}],"tracks":{"href":"https://api.spotify.com/v1/albums/2noRn2Aes5aoNVsU6iWThc/tracks?offset=0&limit=50","limit":50,"next":null,"offset":0,"previous":null,"total":14,"items":[{"artists":[{"external_urls":{"spotify":"https://open.spotify.com/artist/4tZwfgrHOc3mvqYlEYSvVi"},"href":"https://api.spotify.com/v1/artists/4tZwfgrHOc3mvqYlEYSvVi","id":"4tZwfgrHOc3mvqYlEYSvVi","name":"Daft Punk","type":"artist","uri":"spotify:artist:4tZwfgrHOc3mvqYlEYSvVi"}],"available_markets":["AR","AU","AT","BE","BO","BR","BG","CA","CL","CO","CR","CY","CZ","DK","DO","DE","EC","EE","SV","FI","FR","GR","GT","HN","HK","HU","IS","IE","IT","LV","LT","LU","MY","MT","MX","NL","NZ","NI","NO","PA","PY","PE","PH","PL","PT","SG","SK","ES","SE","CH","TW","TR","UY","US","GB","AD","LI","MC","ID","JP","TH","VN","RO","IL","ZA","SA","AE","BH","QA","OM","KW","EG","MA","DZ","TN","LB","JO","PS","IN","BY","KZ","MD","UA","AL","BA","HR","ME","MK","RS","SI","KR","BD","PK","LK","GH","KE","NG","TZ","UG","AG","AM","BS","BB","BZ","BT","BW","BF","CV","CW","DM","FJ","GM","GE","GD","GW","GY","HT","JM","KI","LS","LR","MW","MV","ML","MH","FM","NA","NR","NE","PW","PG","PR","WS","SM","ST","SN","SC","SL","SB","KN","LC","VC","SR","TL","TO","TT","TV","VU","AZ","BN","BI","KH","CM","TD","KM","GQ","SZ","GA","GN","KG","LA","MO","MR","MN","NP","RW","TG","UZ","ZW","BJ","MG","MU","MZ","AO","CI","DJ","ZM","CD","CG","IQ","LY","TJ","VE","ET","XK"],"disc_number":1,"duration_ms":320357,"explicit":false,"external_urls":{"spotify":"https://open.spotify.com/track/0DiWol3AO6WpXZgp0goxAV"},"href":"https://api.spotify.com/v1/tracks/0DiWol3AO6WpXZgp0goxAV","id":"0DiWol3AO6WpXZgp0goxAV","name":"One More Time","preview_url":null,"track_number":1,"type":"track","uri":"spotify:track:0DiWol3AO6WpXZgp0goxAV","is_local":false},{"artists":[{"external_urls":{"spotify":"https://open.spotify.com/artist/4tZwfgrHOc3mvqYlEYSvVi"},"href":"https://api.spotify.com/v1/artists/4tZwfgrHOc3mvqYlEYSvVi","id":"4tZwfgrHOc3mvqYlEYSvVi","name":"Daft Punk","type":"artist","uri":"spotify:artist:4tZwfgrHOc3mvqYlEYSvVi"}],"available_markets":["AR","AU","AT","BE","BO","BR","BG","CA","CL","CO","CR","CY","CZ","DK","DO","DE","EC","EE","SV","FI","FR","GR","GT","HN","HK","HU","IS","IE","IT","LV","LT","LU","MY","MT","MX","NL","NZ","NI","NO","PA","PY","PE","PH","PL","PT","SG","SK","ES","SE","CH","TW","TR","UY","US","GB","AD","LI","MC","ID","JP","TH","VN","RO","IL","ZA","SA","AE","BH","QA","OM","KW","EG","MA","DZ","TN","LB","JO","PS","IN","BY","KZ","MD","UA","AL","BA","HR","ME","MK","RS","SI","KR","BD","PK","LK","GH","KE","NG","TZ","UG","AG","AM","BS","BB","BZ","BT","BW","BF","CV","CW","DM","FJ","GM","GE","GD","GW","GY","HT","JM","KI","LS","LR","MW","MV","ML","MH","FM","NA","NR","NE","PW","PG","PR","WS","SM","ST","SN","SC","SL","SB","KN","LC","VC","SR","TL","TO","TT","TV","VU","AZ","BN","BI","KH","CM","TD","KM","GQ","SZ","GA","GN","KG","LA","MO","MR","MN","NP","RW","TG","UZ","ZW","BJ","MG","MU","MZ","AO","CI","DJ","ZM","CD","CG","IQ","LY","TJ","VE","ET","XK"],"disc_number":1,"duration_ms":212546,"explicit":false,"external_urls":{"spotify":"https://open.spotify.com/track/3H3cOQ6LBLSvmcaV7QkZEu"},"href":"https://api.spotify.com/v1/tracks/3H3cOQ6LBLSvmcaV7QkZEu","id":"3H3cOQ6LBLSvmcaV7QkZEu","name":"Aerodynamic","preview_url":null,"track_number":2,"type":"track","uri":"spotify:track:3H3cOQ6LBLSvmcaV7QkZEu","is_local":false},{"artists":[{"external_urls":{"spotify":"https://open.spotify.com/artist/4tZwfgrHOc3mvqYlEYSvVi"},"href":"https://api.spotify.com/v1/artists/4tZwfgrHOc3mvqYlEYSvVi","id":"4tZwfgrHOc3mvqYlEYSvVi","name":"Daft Punk","type":"artist","uri":"spotify:artist:4tZwfgrHOc3mvqYlEYSvVi"}],"available_markets":["AR","AU","AT","BE","BO","BR","BG","CA","CL","CO","CR","CY","CZ","DK","DO","DE","EC","EE","SV","FI","FR","GR","GT","HN","HK","HU","IS","IE","IT","LV","LT","LU","MY","MT","MX","NL","NZ","NI","NO","PA","PY","PE","PH","PL","PT","SG","SK","ES","SE","CH","TW","TR","UY","US","GB","AD","LI","MC","ID","JP","TH","VN","RO","IL","ZA","SA","AE","BH","QA","OM","KW","EG","MA","DZ","TN","LB","JO","PS","IN","BY","KZ","MD","UA","AL","BA","HR","ME","MK","RS","SI","KR","BD","PK","LK","GH","KE","NG","TZ","UG","AG","AM","BS","BB","BZ","BT","BW","BF","CV","CW","DM","FJ","GM","GE","GD","GW","GY","HT","JM","KI","LS","LR","MW","MV","ML","MH","FM","NA","NR","NE","PW","PG","PR","WS","SM","ST","SN","SC","SL","SB","KN","LC","VC","SR","TL","TO","TT","TV","VU","AZ","BN","BI","KH","CM","TD","KM","GQ","SZ","GA","GN","KG","LA","MO","MR","MN","NP","RW","TG","UZ","ZW","BJ","MG","MU","MZ","AO","CI","DJ","ZM","CD","CG","IQ","LY","TJ","VE","ET","XK"],"disc_number":1,"duration_ms":301373,"explicit":false,"external_urls":{"spotify":"https://open.spotify.com/track/2VEZx7NWsZ1D0eJ4uv5Fym"},"href":"https://api.spotify.com/v1/tracks/2VEZx7NWsZ1D0eJ4uv5Fym","id":"2VEZx7NWsZ1D0eJ4uv5Fym","name":"Digital Love","preview_url":null,"track_number":3,"type":"track","uri":"spotify:track:2VEZx7NWsZ1D0eJ4uv5Fym","is_local":false},{"artists":[{"external_urls":{"spotify":"https://open.spotify.com/artist/4tZwfgrHOc3mvqYlEYSvVi"},"href":"https://api.spotify.com/v1/artists/4tZwfgrHOc3mvqYlEYSvVi","id":"4tZwfgrHOc3mvqYlEYSvVi","name":"Daft Punk","type":"artist","uri":"spotify:artist:4tZwfgrHOc3mvqYlEYSvVi"}],"available_markets":["AR","AU","AT","BE","BO","BR","BG","CA","CL","CO","CR","CY","CZ","DK","DO","DE","EC","EE","SV","FI","FR","GR","GT","HN","HK","HU","IS","IE","IT","LV","LT","LU","MY","MT","MX","NL","NZ","NI","NO","PA","PY","PE","PH","PL","PT","SG","SK","ES","SE","CH","TW","TR","UY","US","GB","AD","LI","MC","ID","JP","TH","VN","RO","IL","ZA","SA","AE","BH","QA","OM","KW","EG","MA","DZ","TN","LB","JO","PS","IN","BY","KZ","MD","UA","AL","BA","HR","ME","MK","RS","SI","KR","BD","PK","LK","GH","KE","NG","TZ","UG","AG","AM","BS","BB","BZ","BT","BW","BF","CV","CW","DM","FJ","GM","GE","GD","GW","GY","HT","JM","KI","LS","LR","MW","MV","ML","MH","FM","NA","NR","NE","PW","PG","PR","WS","SM","ST","SN","SC","SL","SB","KN","LC","VC","SR","TL","TO","TT","TV","VU","AZ","BN","BI","KH","CM","TD","KM","GQ","SZ","GA","GN","KG","LA","MO","MR","MN","NP","RW","TG","UZ","ZW","BJ","MG","MU","MZ","AO","CI","DJ","ZM","CD","CG","IQ","LY","TJ","VE","ET","XK"],"disc_number":1,"duration_ms":226413,"explicit":false,"external_urls":{"spotify":"https://open.spotify.com/track/5W3cjX2J3tjhG8zb6u0qHn"},"href":"https://api.spotify.com/v1/tracks/5W3cjX2J3tjhG8zb6u0qHn","id":"5W3cjX2J3tjhG8zb6u0qHn","name":"Harder, Better, Faster, Stronger","preview_url":null,"track_number":4,"type":"track","uri":"spotify:track:5W3cjX2J3tjhG8zb6u0qHn","is_local":false},{"artists":[{"external_urls":{"spotify":"https://open.spotify.com/artist/4tZwfgrHOc3mvqYlEYSvVi"},"href":"https://api.spotify.com/v1/artists/4tZwfgrHOc3mvqYlEYSvVi","id":"4tZwfgrHOc3mvqYlEYSvVi","name":"Daft Punk","type":"artist","uri":"spotify:artist:4tZwfgrHOc3mvqYlEYSvVi"}],"available_markets":["AR","AU","AT","BE","BO","BR","BG","CA","CL","CO","CR","CY","CZ","DK","DO","DE","EC","EE","SV","FI","FR","GR","GT","HN","HK","HU","IS","IE","IT","LV","LT","LU","MY","MT","MX","NL","NZ","NI","NO","PA","PY","PE","PH","PL","PT","SG","SK","ES","SE","CH","TW","TR","UY","US","GB","AD","LI","MC","ID","JP","TH","VN","RO","IL","ZA","SA","AE","BH","QA","OM","KW","EG","MA","DZ","TN","LB","JO","PS","IN","BY","KZ","MD","UA","AL","BA","HR","ME","MK","RS","SI","KR","BD","PK","LK","GH","KE","NG","TZ","UG","AG","AM","BS","BB","BZ","BT","BW","BF","CV","CW","DM","FJ","GM","GE","GD","GW","GY","HT","JM","KI","LS","LR","MW","MV","ML","MH","FM","NA","NR","NE","PW","PG","PR","WS","SM","ST","SN","SC","SL","SB","KN","LC","VC","SR","TL","TO","TT","TV","VU","AZ","BN","BI","KH","CM","TD","KM","GQ","SZ","GA","GN","KG","LA","MO","MR","MN","NP","RW","TG","UZ","ZW","BJ","MG","MU","MZ","AO","CI","DJ","ZM","CD","CG","IQ","LY","TJ","VE","ET","XK"],"disc_number":1,"duration_ms":211640,"explicit":false,"external_urls":{"spotify":"https://open.spotify.com/track/6vuPZX9fWESg5js2JFTQRJ"},"href":"https://api.spotify.com/v1/tracks/6vuPZX9fWESg5js2JFTQRJ","id":"6vuPZX9fWESg5js2JFTQRJ","name":"Crescendolls","preview_url":null,"track_number":5,"type":"track","uri":"spotify:track:6vuPZX9fWESg5js2JFTQRJ","is_local":false},{"artists":[{"external_urls":{"spotify":"https://open.spotify.com/artist/4tZwfgrHOc3mvqYlEYSvVi"},"href":"https://api.spotify.com/v1/artists/4tZwfgrHOc3mvqYlEYSvVi","id":"4tZwfgrHOc3mvqYlEYSvVi","name":"Daft Punk","type":"artist","uri":"spotify:artist:4tZwfgrHOc3mvqYlEYSvVi"}],"available_markets":["AR","AU","AT","BE","BO","BR","BG","CA","CL","CO","CR","CY","CZ","DK","DO","DE","EC","EE","SV","FI","FR","GR","GT","HN","HK","HU","IS","IE","IT","LV","LT","LU","MY","MT","MX","NL","NZ","NI","NO","PA","PY","PE","PH","PL","PT","SG","SK","ES","SE","CH","TW","TR","UY","US","GB","AD","LI","MC","ID","JP","TH","VN","RO","IL","ZA","SA","AE","BH","QA","OM","KW","EG","MA","DZ","TN","LB","JO","PS","IN","BY","KZ","MD","UA","AL","BA","HR","ME","MK","RS","SI","KR","BD","PK","LK","GH","KE","NG","TZ","UG","AG","AM","BS","BB","BZ","BT","BW","BF","CV","CW","DM","FJ","GM","GE","GD","GW","GY","HT","JM","KI","LS","LR","MW","MV","ML","MH","FM","NA","NR","NE","PW","PG","PR","WS","SM","ST","SN","SC","SL","SB","KN","LC","VC","SR","TL","TO","TT","TV","VU","AZ","BN","BI","KH","CM","TD","KM","GQ","SZ","GA","GN","KG","LA","MO","MR","MN","NP","RW","TG","UZ","ZW","BJ","MG","MU","MZ","AO","CI","DJ","ZM","CD","CG","IQ","LY","TJ","VE","ET","XK"],"disc_number":1,"duration_ms":104466,"explicit":false,"external_urls":{"spotify":"https://open.spotify.com/track/63JXZZRbmzooashakb0zbu"},"href":"https://api.spotify.com/v1/tracks/63JXZZRbmzooashakb0zbu","id":"63JXZZRbmzooashakb0zbu","name":"Nightvision","preview_url":null,"track_number":6,"type":"track","uri":"spotify:track:63JXZZRbmzooashakb0zbu","is_local":false},{"artists":[{"external_urls":{"spotify":"https://open.spotify.com/artist/4tZwfgrHOc3mvqYlEYSvVi"},"href":"https://api.spotify.com/v1/artists/4tZwfgrHOc3mvqYlEYSvVi","id":"4tZwfgrHOc3mvqYlEYSvVi","name":"Daft Punk","type":"artist","uri":"spotify:artist:4tZwfgrHOc3mvqYlEYSvVi"}],"available_markets":["AR","AU","AT","BE","BO","BR","BG","CA","CL","CO","CR","CY","CZ","DK","DO","DE","EC","EE","SV","FI","FR","GR","GT","HN","HK","HU","IS","IE","IT","LV","LT","LU","MY","MT","MX","NL","NZ","NI","NO","PA","PY","PE","PH","PL","PT","SG","SK","ES","SE","CH","TW","TR","UY","US","GB","AD","LI","MC","ID","JP","TH","VN","RO","IL","ZA","SA","AE","BH","QA","OM","KW","EG","MA","DZ","TN","LB","JO","PS","IN","BY","KZ","MD","UA","AL","BA","HR","ME","MK","RS","SI","KR","BD","PK","LK","GH","KE","NG","TZ","UG","AG","AM","BS","BB","BZ","BT","BW","BF","CV","CW","DM","FJ","GM","GE","GD","GW","GY","HT","JM","KI","LS","LR","MW","MV","ML","MH","FM","NA","NR","NE","PW","PG","PR","WS","SM","ST","SN","SC","SL","SB","KN","LC","VC","SR","TL","TO","TT","TV","VU","AZ","BN","BI","KH","CM","TD","KM","GQ","SZ","GA","GN","KG","LA","MO","MR","MN","NP","RW","TG","UZ","ZW","BJ","MG","MU","MZ","AO","CI","DJ","ZM","CD","CG","IQ","LY","TJ","VE","ET","XK"],"disc_number":1,"duration_ms":237800,"explicit":false,"external_urls":{"spotify":"https://open.spotify.com/track/186hvCTyrni4KT9nwIQ7zS"},"href":"https://api.spotify.com/v1/tracks/186hvCTyrni4KT9nwIQ7zS","id":"186hvCTyrni4KT9nwIQ7zS","name":"Superheroes","preview_url":null,"track_number":7,"type":"track","uri":"spotify:track:186hvCTyrni4KT9nwIQ7zS","is_local":false},{"artists":[{"external_urls":{"spotify":"https://open.spotify.com/artist/4tZwfgrHOc3mvqYlEYSvVi"},"href":"https://api.spotify.com/v1/artists/4tZwfgrHOc3mvqYlEYSvVi","id":"4tZwfgrHOc3mvqYlEYSvVi","name":"Daft Punk","type":"artist","uri":"spotify:artist:4tZwfgrHOc3mvqYlEYSvVi"}],"available_markets":["AR","AU","AT","BE","BO","BR","BG","CA","CL","CO","CR","CY","CZ","DK","DO","DE","EC","EE","SV","FI","FR","GR","GT","HN","HK","HU","IS","IE","IT","LV","LT","LU","MY","MT","MX","NL","NZ","NI","NO","PA","PY","PE","PH","PL","PT","SG","SK","ES","SE","CH","TW","TR","UY","US","GB","AD","LI","MC","ID","JP","TH","VN","RO","IL","ZA","SA","AE","BH","QA","OM","KW","EG","MA","DZ","TN","LB","JO","PS","IN","BY","KZ","MD","UA","AL","BA","HR","ME","MK","RS","SI","KR","BD","PK","LK","GH","KE","NG","TZ","UG","AG","AM","BS","BB","BZ","BT","BW","BF","CV","CW","DM","FJ","GM","GE","GD","GW","GY","HT","JM","KI","LS","LR","MW","MV","ML","MH","FM","NA","NR","NE","PW","PG","PR","WS","SM","ST","SN","SC","SL","SB","KN","LC","VC","SR","TL","TO","TT","TV","VU","AZ","BN","BI","KH","CM","TD","KM","GQ","SZ","GA","GN","KG","LA","MO","MR","MN","NP","RW","TG","UZ","ZW","BJ","MG","MU","MZ","AO","CI","DJ","ZM","CD","CG","IQ","LY","TJ","VE","ET","XK"],"disc_number":1,"duration_ms":201800,"explicit":false,"external_urls":{"spotify":"https://open.spotify.com/track/098ttCNmncrO4YvqWUNMvn"},"href":"https://api.spotify.com/v1/tracks/098ttCNmncrO4YvqWUNMvn","id":"098ttCNmncrO4YvqWUNMvn","name":"High Life","preview_url":null,"track_number":8,"type":"track","uri":"spotify:track:098ttCNmncrO4YvqWUNMvn","is_local":false},{"artists":[{"external_urls":{"spotify":"https://open.spotify.com/artist/4tZwfgrHOc3mvqYlEYSvVi"},"href":"https://api.spotify.com/v1/artists/4tZwfgrHOc3mvqYlEYSvVi","id":"4tZwfgrHOc3mvqYlEYSvVi","name":"Daft Punk","type":"artist","uri":"spotify:artist:4tZwfgrHOc3mvqYlEYSvVi"}],"available_markets":["AR","AU","AT","BE","BO","BR","BG","CA","CL","CO","CR","CY","CZ","DK","DO","DE","EC","EE","SV","FI","FR","GR","GT","HN","HK","HU","IS","IE","IT","LV","LT","LU","MY","MT","MX","NL","NZ","NI","NO","PA","PY","PE","PH","PL","PT","SG","SK","ES","SE","CH","TW","TR","UY","US","GB","AD","LI","MC","ID","JP","TH","VN","RO","IL","ZA","SA","AE","BH","QA","OM","KW","EG","MA","DZ","TN","LB","JO","PS","IN","BY","KZ","MD","UA","AL","BA","HR","ME","MK","RS","SI","KR","BD","PK","LK","GH","KE","NG","TZ","UG","AG","AM","BS","BB","BZ","BT","BW","BF","CV","CW","DM","FJ","GM","GE","GD","GW","GY","HT","JM","KI","LS","LR","MW","MV","ML","MH","FM","NA","NR","NE","PW","PG","PR","WS","SM","ST","SN","SC","SL","SB","KN","LC","VC","SR","TL","TO","TT","TV","VU","AZ","BN","BI","KH","CM","TD","KM","GQ","SZ","GA","GN","KG","LA","MO","MR","MN","NP","RW","TG","UZ","ZW","BJ","MG","MU","MZ","AO","CI","DJ","ZM","CD","CG","IQ","LY","TJ","VE","ET","XK"],"disc_number":1,"duration_ms":232666,"explicit":false,"external_urls":{"spotify":"https://open.spotify.com/track/1NeLwFETswx8Fzxl2AFl91"},"href":"https://api.spotify.com/v1/tracks/1NeLwFETswx8Fzxl2AFl91","id":"1NeLwFETswx8Fzxl2AFl91","name":"Something About Us","preview_url":null,"track_number":9,"type":"track","uri":"spotify:track:1NeLwFETswx8Fzxl2AFl91","is_local":false},{"artists":[{"external_urls":{"spotify":"https://open.spotify.com/artist/4tZwfgrHOc3mvqYlEYSvVi"},"href":"https://api.spotify.com/v1/artists/4tZwfgrHOc3mvqYlEYSvVi","id":"4tZwfgrHOc3mvqYlEYSvVi","name":"Daft Punk","type":"artist","uri":"spotify:artist:4tZwfgrHOc3mvqYlEYSvVi"}],"available_markets":["AR","AU","AT","BE","BO","BR","BG","CA","CL","CO","CR","CY","CZ","DK","DO","DE","EC","EE","SV","FI","FR","GR","GT","HN","HK","HU","IS","IE","IT","LV","LT","LU","MY","MT","MX","NL","NZ","NI","NO","PA","PY","PE","PH","PL","PT","SG","SK","ES","SE","CH","TW","TR","UY","US","GB","AD","LI","MC","ID","JP","TH","VN","RO","IL","ZA","SA","AE","BH","QA","OM","KW","EG","MA","DZ","TN","LB","JO","PS","IN","BY","KZ","MD","UA","AL","BA","HR","ME","MK","RS","SI","KR","BD","PK","LK","GH","KE","NG","TZ","UG","AG","AM","BS","BB","BZ","BT","BW","BF","CV","CW","DM","FJ","GM","GE","GD","GW","GY","HT","JM","KI","LS","LR","MW","MV","ML","MH","FM","NA","NR","NE","PW","PG","PR","WS","SM","ST","SN","SC","SL","SB","KN","LC","VC","SR","TL","TO","TT","TV","VU","AZ","BN","BI","KH","CM","TD","KM","GQ","SZ","GA","GN","KG","LA","MO","MR","MN","NP","RW","TG","UZ","ZW","BJ","MG","MU","MZ","AO","CI","DJ","ZM","CD","CG","IQ","LY","TJ","VE","ET","XK"],"disc_number":1,"duration_ms":227866,"explicit":false,"external_urls":{"spotify":"https://open.spotify.com/track/7cMFjxhbXBpOlais7KMF3j"},"href":"https://api.spotify.com/v1/tracks/7cMFjxhbXBpOlais7KMF3j","id":"7cMFjxhbXBpOlais7KMF3j","name":"Voyager","preview_url":null,"track_number":10,"type":"track","uri":"spotify:track:7cMFjxhbXBpOlais7KMF3j","is_local":false},{"artists":[{"external_urls":{"spotify":"https://open.spotify.com/artist/4tZwfgrHOc3mvqYlEYSvVi"},"href":"https://api.spotify.com/v1/artists/4tZwfgrHOc3mvqYlEYSvVi","id":"4tZwfgrHOc3mvqYlEYSvVi","name":"Daft Punk","type":"artist","uri":"spotify:artist:4tZwfgrHOc3mvqYlEYSvVi"}],"available_markets":["AR","AU","AT","BE","BO","BR","BG","CA","CL","CO","CR","CY","CZ","DK","DO","DE","EC","EE","SV","FI","FR","GR","GT","HN","HK","HU","IS","IE","IT","LV","LT","LU","MY","MT","MX","NL","NZ","NI","NO","PA","PY","PE","PH","PL","PT","SG","SK","ES","SE","CH","TW","TR","UY","US","GB","AD","LI","MC","ID","JP","TH","VN","RO","IL","ZA","SA","AE","BH","QA","OM","KW","EG","MA","DZ","TN","LB","JO","PS","IN","BY","KZ","MD","UA","AL","BA","HR","ME","MK","RS","SI","KR","BD","PK","LK","GH","KE","NG","TZ","UG","AG","AM","BS","BB","BZ","BT","BW","BF","CV","CW","DM","FJ","GM","GE","GD","GW","GY","HT","JM","KI","LS","LR","MW","MV","ML","MH","FM","NA","NR","NE","PW","PG","PR","WS","SM","ST","SN","SC","SL","SB","KN","LC","VC","SR","TL","TO","TT","TV","VU","AZ","BN","BI","KH","CM","TD","KM","GQ","SZ","GA","GN","KG","LA","MO","MR","MN","NP","RW","TG","UZ","ZW","BJ","MG","MU","MZ","AO","CI","DJ","ZM","CD","CG","IQ","LY","TJ","VE","ET","XK"],"disc_number":1,"duration_ms":345186,"explicit":false,"external_urls":{"spotify":"https://open.spotify.com/track/2LD2gT7gwAurzdQDQtILds"},"href":"https://api.spotify.com/v1/tracks/2LD2gT7gwAurzdQDQtILds","id":"2LD2gT7gwAurzdQDQtILds","name":"Veridis Quo","preview_url":null,"track_number":11,"type":"track","uri":"spotify:track:2LD2gT7gwAurzdQDQtILds","is_local":false},{"artists":[{"external_urls":{"spotify":"https://open.spotify.com/artist/4tZwfgrHOc3mvqYlEYSvVi"},"href":"https://api.spotify.com/v1/artists/4tZwfgrHOc3mvqYlEYSvVi","id":"4tZwfgrHOc3mvqYlEYSvVi","name":"Daft Punk","type":"artist","uri":"spotify:artist:4tZwfgrHOc3mvqYlEYSvVi"}],"available_markets":["AR","AU","AT","BE","BO","BR","BG","CA","CL","CO","CR","CY","CZ","DK","DO","DE","EC","EE","SV","FI","FR","GR","GT","HN","HK","HU","IS","IE","IT","LV","LT","LU","MY","MT","MX","NL","NZ","NI","NO","PA","PY","PE","PH","PL","PT","SG","SK","ES","SE","CH","TW","TR","UY","US","GB","AD","LI","MC","ID","JP","TH","VN","RO","IL","ZA","SA","AE","BH","QA","OM","KW","EG","MA","DZ","TN","LB","JO","PS","IN","BY","KZ","MD","UA","AL","BA","HR","ME","MK","RS","SI","KR","BD","PK","LK","GH","KE","NG","TZ","UG","AG","AM","BS","BB","BZ","BT","BW","BF","CV","CW","DM","FJ","GM","GE","GD","GW","GY","HT","JM","KI","LS","LR","MW","MV","ML","MH","FM","NA","NR","NE","PW","PG","PR","WS","SM","ST","SN","SC","SL","SB","KN","LC","VC","SR","TL","TO","TT","TV","VU","AZ","BN","BI","KH","CM","TD","KM","GQ","SZ","GA","GN","KG","LA","MO","MR","MN","NP","RW","TG","UZ","ZW","BJ","MG","MU","MZ","AO","CI","DJ","ZM","CD","CG","IQ","LY","TJ","VE","ET","XK"],"disc_number":1,"duration_ms":206866,"explicit":false,"external_urls":{"spotify":"https://open.spotify.com/track/4npMbTuxrUA3Wd7edACZ2L"},"href":"https://api.spotify.com/v1/tracks/4npMbTuxrUA3Wd7edACZ2L","id":"4npMbTuxrUA3Wd7edACZ2L","name":"Short Circuit","preview_url":null,"track_number":12,"type":"track","uri":"spotify:track:4npMbTuxrUA3Wd7edACZ2L","is_local":false},{"artists":[{"external_urls":{"spotify":"https://open.spotify.com/artist/4tZwfgrHOc3mvqYlEYSvVi"},"href":"https://api.spotify.com/v1/artists/4tZwfgrHOc3mvqYlEYSvVi","id":"4tZwfgrHOc3mvqYlEYSvVi","name":"Daft Punk","type":"artist","uri":"spotify:artist:4tZwfgrHOc3mvqYlEYSvVi"}],"available_markets":["AR","AU","AT","BE","BO","BR","BG","CA","CL","CO","CR","CY","CZ","DK","DO","DE","EC","EE","SV","FI","FR","GR","GT","HN","HK","HU","IS","IE","IT","LV","LT","LU","MY","MT","MX","NL","NZ","NI","NO","PA","PY","PE","PH","PL","PT","SG","SK","ES","SE","CH","TW","TR","UY","US","GB","AD","LI","MC","ID","JP","TH","VN","RO","IL","ZA","SA","AE","BH","QA","OM","KW","EG","MA","DZ","TN","LB","JO","PS","IN","BY","KZ","MD","UA","AL","BA","HR","ME","MK","RS","SI","KR","BD","PK","LK","GH","KE","NG","TZ","UG","AG","AM","BS","BB","BZ","BT","BW","BF","CV","CW","DM","FJ","GM","GE","GD","GW","GY","HT","JM","KI","LS","LR","MW","MV","ML","MH","FM","NA","NR","NE","PW","PG","PR","WS","SM","ST","SN","SC","SL","SB","KN","LC","VC","SR","TL","TO","TT","TV","VU","AZ","BN","BI","KH","CM","TD","KM","GQ","SZ","GA","GN","KG","LA","MO","MR","MN","NP","RW","TG","UZ","ZW","BJ","MG","MU","MZ","AO","CI","DJ","ZM","CD","CG","IQ","LY","TJ","VE","ET","XK"],"disc_number":1,"duration_ms":240173,"explicit":false,"external_urls":{"spotify":"https://open.spotify.com/track/7v9Q0dAb9t7h8gJOkcJHay"},"href":"https://api.spotify.com/v1/tracks/7v9Q0dAb9t7h8gJOkcJHay","id":"7v9Q0dAb9t7h8gJOkcJHay","name":"Face to Face","preview_url":null,"track_number":13,"type":"track","uri":"spotify:track:7v9Q0dAb9t7h8gJOkcJHay","is_local":false},{"artists":[{"external_urls":{"spotify":"https://open.spotify.com/artist/4tZwfgrHOc3mvqYlEYSvVi"},"href":"https://api.spotify.com/v1/artists/4tZwfgrHOc3mvqYlEYSvVi","id":"4tZwfgrHOc3mvqYlEYSvVi","name":"Daft Punk","type":"artist","uri":"spotify:artist:4tZwfgrHOc3mvqYlEYSvVi"}],"available_markets":["AR","AU","AT","BE","BO","BR","BG","CA","CL","CO","CR","CY","CZ","DK","DO","DE","EC","EE","SV","FI","FR","GR","GT","HN","HK","HU","IS","IE","IT","LV","LT","LU","MY","MT","MX","NL","NZ","NI","NO","PA","PY","PE","PH","PL","PT","SG","SK","ES","SE","CH","TW","TR","UY","US","GB","AD","LI","MC","ID","JP","TH","VN","RO","IL","ZA","SA","AE","BH","QA","OM","KW","EG","MA","DZ","TN","LB","JO","PS","IN","BY","KZ","MD","UA","AL","BA","HR","ME","MK","RS","SI","KR","BD","PK","LK","GH","KE","NG","TZ","UG","AG","AM","BS","BB","BZ","BT","BW","BF","CV","CW","DM","FJ","GM","GE","GD","GW","GY","HT","JM","KI","LS","LR","MW","MV","ML","MH","FM","NA","NR","NE","PW","PG","PR","WS","SM","ST","SN","SC","SL","SB","KN","LC","VC","SR","TL","TO","TT","TV","VU","AZ","BN","BI","KH","CM","TD","KM","GQ","SZ","GA","GN","KG","LA","MO","MR","MN","NP","RW","TG","UZ","ZW","BJ","MG","MU","MZ","AO","CI","DJ","ZM","CD","CG","IQ","LY","TJ","VE","ET","XK"],"disc_number":1,"duration_ms":600293,"explicit":false,"external_urls":{"spotify":"https://open.spotify.com/track/3zMvotMEQK3xvH01vA9wAP"},"href":"https://api.spotify.com/v1/tracks/3zMvotMEQK3xvH01vA9wAP","id":"3zMvotMEQK3xvH01vA9wAP","name":"Too Long","preview_url":null,"track_number":14,"type":"track","uri":"spotify:track:3zMvotMEQK3xvH01vA9wAP","is_local":false}]},"copyrights":[{"text":"2001 Distributed exclusively by Warner Music France / ADA France, 2001 Daft Life Ltd.","type":"C"},{"text":"2001 Distributed exclusively by Warner Music France / ADA France, 2001 Daft Life Ltd.","type":"P"}],"external_ids":{"upc":"0724384960650"},"genres":[],"label":"Daft Life Ltd./ADA France","popularity":78}},{"added_at":"2024-12-03T16:30:26Z","album":{"album_type":"album","total_tracks":15,"available_markets":["AR","AU","AT","BE","BO","BR","BG","CA","CL","CO","CR","CY","CZ","DK","DO","DE","EC","EE","SV","FI","FR","GR","GT","HN","HK","HU","IS","IE","IT","LV","LT","LU","MY","MT","MX","NL","NZ","NI","NO","PA","PY","PE","PH","PL","PT","SG","SK","ES","SE","CH","TW","TR","UY","US","GB","AD","LI","MC","ID","JP","TH","VN","RO","IL","ZA","SA","AE","BH","QA","OM","KW","EG","MA","DZ","TN","LB","JO","PS","IN","KZ","MD","UA","AL","BA","HR","ME","MK","RS","SI","KR","BD","PK","LK","GH","KE","NG","TZ","UG","AG","AM","BS","BB","BZ","BT","BW","BF","CV","CW","DM","FJ","GM","GE","GD","GW","GY","HT","JM","KI","LS","LR","MW","MV","ML","MH","FM","NA","NR","NE","PW","PG","WS","SM","ST","SN","SC","SL","SB","KN","LC","VC","SR","TL","TO","TT","TV","VU","AZ","BN","BI","KH","CM","TD","KM","GQ","SZ","GA","GN","KG","LA","MO","MR","MN","NP","RW","TG","UZ","ZW","BJ","MG","MU","MZ","AO","CI","DJ","ZM","CD","CG","IQ","LY","TJ","VE","ET","XK"],"external_urls":{"spotify":"https://open.spotify.com/album/382ObEPsp2rxGrnsizN5TX"},"href":"https://api.spotify.com/v1/albums/382ObEPsp2rxGrnsizN5TX","id":"382ObEPsp2rxGrnsizN5TX","images":[{"url":"https://i.scdn.co/image/ab67616d0000b27326597c053b38c9cf93f8f3a9","height":640,"width":640},{"url":"https://i.scdn.co/image/ab67616d00001e0226597c053b38c9cf93f8f3a9","height":300,"width":300},{"url":"https://i.scdn.co/image/ab67616d0000485126597c053b38c9cf93f8f3a9","height":64,"width":64}],"name":"TRON: Legacy Reconfigured","release_date":"2011-01-01","release_date_precision":"day","type":"album","uri":"spotify:album:382ObEPsp2rxGrnsizN5TX","artists":[{"external_urls":{"spotify":"https://open.spotify.com/artist/4tZwfgrHOc3mvqYlEYSvVi"},"href":"https://api.spotify.com/v1/artists/4tZwfgrHOc3mvqYlEYSvVi","id":"4tZwfgrHOc3mvqYlEYSvVi","name":"Daft Punk","type":"artist","uri":"spotify:artist:4tZwfgrHOc3mvqYlEYSvVi"}],"tracks":{"href":"https://api.spotify.com/v1/albums/382ObEPsp2rxGrnsizN5TX/tracks?offset=0&limit=50","limit":50,"next":null,"offset":0,"previous":null,"total":15,"items":[{"artists":[{"external_urls":{"spotify":"https://open.spotify.com/artist/4tZwfgrHOc3mvqYlEYSvVi"},"href":"https://api.spotify.com/v1/artists/4tZwfgrHOc3mvqYlEYSvVi","id":"4tZwfgrHOc3mvqYlEYSvVi","name":"Daft Punk","type":"artist","uri":"spotify:artist:4tZwfgrHOc3mvqYlEYSvVi"},{"external_urls":{"spotify":"https://open.spotify.com/artist/3a9qv6NLHnsVxJUtKOMHvD"},"href":"https://api.spotify.com/v1/artists/3a9qv6NLHnsVxJUtKOMHvD","id":"3a9qv6NLHnsVxJUtKOMHvD","name":"The Glitch Mob","type":"artist","uri":"spotify:artist:3a9qv6NLHnsVxJUtKOMHvD"}],"available_markets":["AR","AU","AT","BE","BO","BR","BG","CA","CL","CO","CR","CY","CZ","DK","DO","DE","EC","EE","SV","FI","FR","GR","GT","HN","HK","HU","IS","IE","IT","LV","LT","LU","MY","MT","MX","NL","NZ","NI","NO","PA","PY","PE","PH","PL","PT","SG","SK","ES","SE","CH","TW","TR","UY","US","GB","AD","LI","MC","ID","JP","TH","VN","RO","IL","ZA","SA","AE","BH","QA","OM","KW","EG","MA","DZ","TN","LB","JO","PS","IN","KZ","MD","UA","AL","BA","HR","ME","MK","RS","SI","KR","BD","PK","LK","GH","KE","NG","TZ","UG","AG","AM","BS","BB","BZ","BT","BW","BF","CV","CW","DM","FJ","GM","GE","GD","GW","GY","HT","JM","KI","LS","LR","MW","MV","ML","MH","FM","NA","NR","NE","PW","PG","WS","SM","ST","SN","SC","SL","SB","KN","LC","VC","SR","TL","TO","TT","TV","VU","AZ","BN","BI","KH","CM","TD","KM","GQ","SZ","GA","GN","KG","LA","MO","MR","MN","NP","RW","TG","UZ","ZW","BJ","MG","MU","MZ","AO","CI","DJ","ZM","CD","CG","IQ","LY","TJ","VE","ET","XK"],"disc_number":1,"duration_ms":262240,"explicit":false,"external_urls":{"spotify":"https://open.spotify.com/track/4lteJuSjb9Jt9W1W7PIU2U"},"href":"https://api.spotify.com/v1/tracks/4lteJuSjb9Jt9W1W7PIU2U","id":"4lteJuSjb9Jt9W1W7PIU2U","name":"Derezzed - Remixed by The Glitch Mob","preview_url":null,"track_number":1,"type":"track","uri":"spotify:track:4lteJuSjb9Jt9W1W7PIU2U","is_local":false},{"artists":[{"external_urls":{"spotify":"https://open.spotify.com/artist/4tZwfgrHOc3mvqYlEYSvVi"},"href":"https://api.spotify.com/v1/artists/4tZwfgrHOc3mvqYlEYSvVi","id":"4tZwfgrHOc3mvqYlEYSvVi","name":"Daft Punk","type":"artist","uri":"spotify:artist:4tZwfgrHOc3mvqYlEYSvVi"},{"external_urls":{"spotify":"https://open.spotify.com/artist/4CecgT3PfTiMzdO3pFCDNP"},"href":"https://api.spotify.com/v1/artists/4CecgT3PfTiMzdO3pFCDNP","id":"4CecgT3PfTiMzdO3pFCDNP","name":"M83 VS Big Black Delta","type":"artist","uri":"spotify:artist:4CecgT3PfTiMzdO3pFCDNP"},{"external_urls":{"spotify":"https://open.spotify.com/artist/63MQldklfxkjYDoUE4Tppz"},"href":"https://api.spotify.com/v1/artists/63MQldklfxkjYDoUE4Tppz","id":"63MQldklfxkjYDoUE4Tppz","name":"M83","type":"artist","uri":"spotify:artist:63MQldklfxkjYDoUE4Tppz"},{"external_urls":{"spotify":"https://open.spotify.com/artist/2TXpVEw5FbzDh93tLoDm0i"},"href":"https://api.spotify.com/v1/artists/2TXpVEw5FbzDh93tLoDm0i","id":"2TXpVEw5FbzDh93tLoDm0i","name":"Big Black Delta","type":"artist","uri":"spotify:artist:2TXpVEw5FbzDh93tLoDm0i"}],"available_markets":["AR","AU","AT","BE","BO","BR","BG","CA","CL","CO","CR","CY","CZ","DK","DO","DE","EC","EE","SV","FI","FR","GR","GT","HN","HK","HU","IS","IE","IT","LV","LT","LU","MY","MT","MX","NL","NZ","NI","NO","PA","PY","PE","PH","PL","PT","SG","SK","ES","SE","CH","TW","TR","UY","US","GB","AD","LI","MC","ID","JP","TH","VN","RO","IL","ZA","SA","AE","BH","QA","OM","KW","EG","MA","DZ","TN","LB","JO","PS","IN","KZ","MD","UA","AL","BA","HR","ME","MK","RS","SI","KR","BD","PK","LK","GH","KE","NG","TZ","UG","AG","AM","BS","BB","BZ","BT","BW","BF","CV","CW","DM","FJ","GM","GE","GD","GW","GY","HT","JM","KI","LS","LR","MW","MV","ML","MH","FM","NA","NR","NE","PW","PG","WS","SM","ST","SN","SC","SL","SB","KN","LC","VC","SR","TL","TO","TT","TV","VU","AZ","BN","BI","KH","CM","TD","KM","GQ","SZ","GA","GN","KG","LA","MO","MR","MN","NP","RW","TG","UZ","ZW","BJ","MG","MU","MZ","AO","CI","DJ","ZM","CD","CG","IQ","LY","TJ","VE","ET","XK"],"disc_number":1,"duration_ms":234986,"explicit":false,"external_urls":{"spotify":"https://open.spotify.com/track/66uVqkmHAc0MBUzoPhIypN"},"href":"https://api.spotify.com/v1/tracks/66uVqkmHAc0MBUzoPhIypN","id":"66uVqkmHAc0MBUzoPhIypN","name":"Fall - Remixed by M83 VS Big Black Delta","preview_url":null,"track_number":2,"type":"track","uri":"spotify:track:66uVqkmHAc0MBUzoPhIypN","is_local":false},{"artists":[{"external_urls":{"spotify":"https://open.spotify.com/artist/4tZwfgrHOc3mvqYlEYSvVi"},"href":"https://api.spotify.com/v1/artists/4tZwfgrHOc3mvqYlEYSvVi","id":"4tZwfgrHOc3mvqYlEYSvVi","name":"Daft Punk","type":"artist","uri":"spotify:artist:4tZwfgrHOc3mvqYlEYSvVi"},{"external_urls":{"spotify":"https://open.spotify.com/artist/5eKLa1xyHLq8ERWmT1CRHj"},"href":"https://api.spotify.com/v1/artists/5eKLa1xyHLq8ERWmT1CRHj","id":"5eKLa1xyHLq8ERWmT1CRHj","name":"The Crystal Method","type":"artist","uri":"spotify:artist:5eKLa1xyHLq8ERWmT1CRHj"}],"available_markets":["AR","AU","AT","BE","BO","BR","BG","CA","CL","CO","CR","CY","CZ","DK","DO","DE","EC","EE","SV","FI","FR","GR","GT","HN","HK","HU","IS","IE","IT","LV","LT","LU","MY","MT","MX","NL","NZ","NI","NO","PA","PY","PE","PH","PL","PT","SG","SK","ES","SE","CH","TW","TR","UY","US","GB","AD","LI","MC","ID","JP","TH","VN","RO","IL","ZA","SA","AE","BH","QA","OM","KW","EG","MA","DZ","TN","LB","JO","PS","IN","KZ","MD","UA","AL","BA","HR","ME","MK","RS","SI","KR","BD","PK","LK","GH","KE","NG","TZ","UG","AG","AM","BS","BB","BZ","BT","BW","BF","CV","CW","DM","FJ","GM","GE","GD","GW","GY","HT","JM","KI","LS","LR","MW","MV","ML","MH","FM","NA","NR","NE","PW","PG","WS","SM","ST","SN","SC","SL","SB","KN","LC","VC","SR","TL","TO","TT","TV","VU","AZ","BN","BI","KH","CM","TD","KM","GQ","SZ","GA","GN","KG","LA","MO","MR","MN","NP","RW","TG","UZ","ZW","BJ","MG","MU","MZ","AO","CI","DJ","ZM","CD","CG","IQ","LY","TJ","VE","ET","XK"],"disc_number":1,"duration_ms":267786,"explicit":false,"external_urls":{"spotify":"https://open.spotify.com/track/4OEnpg5ubhg6OQ4M2ZjtsL"},"href":"https://api.spotify.com/v1/tracks/4OEnpg5ubhg6OQ4M2ZjtsL","id":"4OEnpg5ubhg6OQ4M2ZjtsL","name":"The Grid - Remixed by The Crystal Method","preview_url":null,"track_number":3,"type":"track","uri":"spotify:track:4OEnpg5ubhg6OQ4M2ZjtsL","is_local":false},{"artists":[{"external_urls":{"spotify":"https://open.spotify.com/artist/4tZwfgrHOc3mvqYlEYSvVi"},"href":"https://api.spotify.com/v1/artists/4tZwfgrHOc3mvqYlEYSvVi","id":"4tZwfgrHOc3mvqYlEYSvVi","name":"Daft Punk","type":"artist","uri":"spotify:artist:4tZwfgrHOc3mvqYlEYSvVi"},{"external_urls":{"spotify":"https://open.spotify.com/artist/3gqv1kgivAc92KnUm4elKv"},"href":"https://api.spotify.com/v1/artists/3gqv1kgivAc92KnUm4elKv","id":"3gqv1kgivAc92KnUm4elKv","name":"Teddybears","type":"artist","uri":"spotify:artist:3gqv1kgivAc92KnUm4elKv"}],"available_markets":["AR","AU","AT","BE","BO","BR","BG","CA","CL","CO","CR","CY","CZ","DK","DO","DE","EC","EE","SV","FI","FR","GR","GT","HN","HK","HU","IS","IE","IT","LV","LT","LU","MY","MT","MX","NL","NZ","NI","NO","PA","PY","PE","PH","PL","PT","SG","SK","ES","SE","CH","TW","TR","UY","US","GB","AD","LI","MC","ID","JP","TH","VN","RO","IL","ZA","SA","AE","BH","QA","OM","KW","EG","MA","DZ","TN","LB","JO","PS","IN","KZ","MD","UA","AL","BA","HR","ME","MK","RS","SI","KR","BD","PK","LK","GH","KE","NG","TZ","UG","AG","AM","BS","BB","BZ","BT","BW","BF","CV","CW","DM","FJ","GM","GE","GD","GW","GY","HT","JM","KI","LS","LR","MW","MV","ML","MH","FM","NA","NR","NE","PW","PG","WS","SM","ST","SN","SC","SL","SB","KN","LC","VC","SR","TL","TO","TT","TV","VU","AZ","BN","BI","KH","CM","TD","KM","GQ","SZ","GA","GN","KG","LA","MO","MR","MN","NP","RW","TG","UZ","ZW","BJ","MG","MU","MZ","AO","CI","DJ","ZM","CD","CG","IQ","LY","TJ","VE","ET","XK"],"disc_number":1,"duration_ms":334346,"explicit":false,"external_urls":{"spotify":"https://open.spotify.com/track/2EyK6JBWqftJlxAuqd0Dsq"},"href":"https://api.spotify.com/v1/tracks/2EyK6JBWqftJlxAuqd0Dsq","id":"2EyK6JBWqftJlxAuqd0Dsq","name":"Adagio for TRON - Remixed by Teddybears","preview_url":null,"track_number":4,"type":"track","uri":"spotify:track:2EyK6JBWqftJlxAuqd0Dsq","is_local":false},{"artists":[{"external_urls":{"spotify":"https://open.spotify.com/artist/4tZwfgrHOc3mvqYlEYSvVi"},"href":"https://api.spotify.com/v1/artists/4tZwfgrHOc3mvqYlEYSvVi","id":"4tZwfgrHOc3mvqYlEYSvVi","name":"Daft Punk","type":"artist","uri":"spotify:artist:4tZwfgrHOc3mvqYlEYSvVi"},{"external_urls":{"spotify":"https://open.spotify.com/artist/1mB4aweE1XGdjbFVFC8i5m"},"href":"https://api.spotify.com/v1/artists/1mB4aweE1XGdjbFVFC8i5m","id":"1mB4aweE1XGdjbFVFC8i5m","name":"Ki:Theory","type":"artist","uri":"spotify:artist:1mB4aweE1XGdjbFVFC8i5m"}],"available_markets":["AR","AU","AT","BE","BO","BR","BG","CA","CL","CO","CR","CY","CZ","DK","DO","DE","EC","EE","SV","FI","FR","GR","GT","HN","HK","HU","IS","IE","IT","LV","LT","LU","MY","MT","MX","NL","NZ","NI","NO","PA","PY","PE","PH","PL","PT","SG","SK","ES","SE","CH","TW","TR","UY","US","GB","AD","LI","MC","ID","JP","TH","VN","RO","IL","ZA","SA","AE","BH","QA","OM","KW","EG","MA","DZ","TN","LB","JO","PS","IN","KZ","MD","UA","AL","BA","HR","ME","MK","RS","SI","KR","BD","PK","LK","GH","KE","NG","TZ","UG","AG","AM","BS","BB","BZ","BT","BW","BF","CV","CW","DM","FJ","GM","GE","GD","GW","GY","HT","JM","KI","LS","LR","MW","MV","ML","MH","FM","NA","NR","NE","PW","PG","WS","SM","ST","SN","SC","SL","SB","KN","LC","VC","SR","TL","TO","TT","TV","VU","AZ","BN","BI","KH","CM","TD","KM","GQ","SZ","GA","GN","KG","LA","MO","MR","MN","NP","RW","TG","UZ","ZW","BJ","MG","MU","MZ","AO","CI","DJ","ZM","CD","CG","IQ","LY","TJ","VE","ET","XK"],"disc_number":1,"duration_ms":291506,"explicit":false,"external_urls":{"spotify":"https://open.spotify.com/track/1TT6gRprLQ5vSWgoWpyKfR"},"href":"https://api.spotify.com/v1/tracks/1TT6gRprLQ5vSWgoWpyKfR","id":"1TT6gRprLQ5vSWgoWpyKfR","name":"The Son of Flynn - Remixed by Ki:Theory","preview_url":null,"track_number":5,"type":"track","uri":"spotify:track:1TT6gRprLQ5vSWgoWpyKfR","is_local":false},{"artists":[{"external_urls":{"spotify":"https://open.spotify.com/artist/4tZwfgrHOc3mvqYlEYSvVi"},"href":"https://api.spotify.com/v1/artists/4tZwfgrHOc3mvqYlEYSvVi","id":"4tZwfgrHOc3mvqYlEYSvVi","name":"Daft Punk","type":"artist","uri":"spotify:artist:4tZwfgrHOc3mvqYlEYSvVi"},{"external_urls":{"spotify":"https://open.spotify.com/artist/5MO2kbaGGA2a8kL4c9qqHq"},"href":"https://api.spotify.com/v1/artists/5MO2kbaGGA2a8kL4c9qqHq","id":"5MO2kbaGGA2a8kL4c9qqHq","name":"Paul Oakenfold","type":"artist","uri":"spotify:artist:5MO2kbaGGA2a8kL4c9qqHq"}],"available_markets":["AR","AU","AT","BE","BO","BR","BG","CA","CL","CO","CR","CY","CZ","DK","DO","DE","EC","EE","SV","FI","FR","GR","GT","HN","HK","HU","IS","IE","IT","LV","LT","LU","MY","MT","MX","NL","NZ","NI","NO","PA","PY","PE","PH","PL","PT","SG","SK","ES","SE","CH","TW","TR","UY","US","GB","AD","LI","MC","ID","JP","TH","VN","RO","IL","ZA","SA","AE","BH","QA","OM","KW","EG","MA","DZ","TN","LB","JO","PS","IN","KZ","MD","UA","AL","BA","HR","ME","MK","RS","SI","KR","BD","PK","LK","GH","KE","NG","TZ","UG","AG","AM","BS","BB","BZ","BT","BW","BF","CV","CW","DM","FJ","GM","GE","GD","GW","GY","HT","JM","KI","LS","LR","MW","MV","ML","MH","FM","NA","NR","NE","PW","PG","WS","SM","ST","SN","SC","SL","SB","KN","LC","VC","SR","TL","TO","TT","TV","VU","AZ","BN","BI","KH","CM","TD","KM","GQ","SZ","GA","GN","KG","LA","MO","MR","MN","NP","RW","TG","UZ","ZW","BJ","MG","MU","MZ","AO","CI","DJ","ZM","CD","CG","IQ","LY","TJ","VE","ET","XK"],"disc_number":1,"duration_ms":275266,"explicit":false,"external_urls":{"spotify":"https://open.spotify.com/track/6hEvTmmvby9ZTkSdfmPW3m"},"href":"https://api.spotify.com/v1/tracks/6hEvTmmvby9ZTkSdfmPW3m","id":"6hEvTmmvby9ZTkSdfmPW3m","name":"C.L.U. - Remixed by Paul Oakenfold","preview_url":null,"track_number":6,"type":"track","uri":"spotify:track:6hEvTmmvby9ZTkSdfmPW3m","is_local":false},{"artists":[{"external_urls":{"spotify":"https://open.spotify.com/artist/4tZwfgrHOc3mvqYlEYSvVi"},"href":"https://api.spotify.com/v1/artists/4tZwfgrHOc3mvqYlEYSvVi","id":"4tZwfgrHOc3mvqYlEYSvVi","name":"Daft Punk","type":"artist","uri":"spotify:artist:4tZwfgrHOc3mvqYlEYSvVi"},{"external_urls":{"spotify":"https://open.spotify.com/artist/3OsRAKCvk37zwYcnzRf5XF"},"href":"https://api.spotify.com/v1/artists/3OsRAKCvk37zwYcnzRf5XF","id":"3OsRAKCvk37zwYcnzRf5XF","name":"Moby","type":"artist","uri":"spotify:artist:3OsRAKCvk37zwYcnzRf5XF"}],"available_markets":["AR","AU","AT","BE","BO","BR","BG","CA","CL","CO","CR","CY","CZ","DK","DO","DE","EC","EE","SV","FI","FR","GR","GT","HN","HK","HU","IS","IE","IT","LV","LT","LU","MY","MT","MX","NL","NZ","NI","NO","PA","PY","PE","PH","PL","PT","SG","SK","ES","SE","CH","TW","TR","UY","US","GB","AD","LI","MC","ID","JP","TH","VN","RO","IL","ZA","SA","AE","BH","QA","OM","KW","EG","MA","DZ","TN","LB","JO","PS","IN","KZ","MD","UA","AL","BA","HR","ME","MK","RS","SI","KR","BD","PK","LK","GH","KE","NG","TZ","UG","AG","AM","BS","BB","BZ","BT","BW","BF","CV","CW","DM","FJ","GM","GE","GD","GW","GY","HT","JM","KI","LS","LR","MW","MV","ML","MH","FM","NA","NR","NE","PW","PG","WS","SM","ST","SN","SC","SL","SB","KN","LC","VC","SR","TL","TO","TT","TV","VU","AZ","BN","BI","KH","CM","TD","KM","GQ","SZ","GA","GN","KG","LA","MO","MR","MN","NP","RW","TG","UZ","ZW","BJ","MG","MU","MZ","AO","CI","DJ","ZM","CD","CG","IQ","LY","TJ","VE","ET","XK"],"disc_number":1,"duration_ms":392293,"explicit":false,"external_urls":{"spotify":"https://open.spotify.com/track/03uOJUuuTgaFFI1Efal1no"},"href":"https://api.spotify.com/v1/tracks/03uOJUuuTgaFFI1Efal1no","id":"03uOJUuuTgaFFI1Efal1no","name":"The Son of Flynn - Remixed by Moby","preview_url":null,"track_number":7,"type":"track","uri":"spotify:track:03uOJUuuTgaFFI1Efal1no","is_local":false},{"artists":[{"external_urls":{"spotify":"https://open.spotify.com/artist/4tZwfgrHOc3mvqYlEYSvVi"},"href":"https://api.spotify.com/v1/artists/4tZwfgrHOc3mvqYlEYSvVi","id":"4tZwfgrHOc3mvqYlEYSvVi","name":"Daft Punk","type":"artist","uri":"spotify:artist:4tZwfgrHOc3mvqYlEYSvVi"},{"external_urls":{"spotify":"https://open.spotify.com/artist/62k5LKMhymqlDNo2DWOvvv"},"href":"https://api.spotify.com/v1/artists/62k5LKMhymqlDNo2DWOvvv","id":"62k5LKMhymqlDNo2DWOvvv","name":"Boys Noize","type":"artist","uri":"spotify:artist:62k5LKMhymqlDNo2DWOvvv"}],"available_markets":["AR","AU","AT","BE","BO","BR","BG","CA","CL","CO","CR","CY","CZ","DK","DO","DE","EC","EE","SV","FI","FR","GR","GT","HN","HK","HU","IS","IE","IT","LV","LT","LU","MY","MT","MX","NL","NZ","NI","NO","PA","PY","PE","PH","PL","PT","SG","SK","ES","SE","CH","TW","TR","UY","US","GB","AD","LI","MC","ID","JP","TH","VN","RO","IL","ZA","SA","AE","BH","QA","OM","KW","EG","MA","DZ","TN","LB","JO","PS","IN","KZ","MD","UA","AL","BA","HR","ME","MK","RS","SI","KR","BD","PK","LK","GH","KE","NG","TZ","UG","AG","AM","BS","BB","BZ","BT","BW","BF","CV","CW","DM","FJ","GM","GE","GD","GW","GY","HT","JM","KI","LS","LR","MW","MV","ML","MH","FM","NA","NR","NE","PW","PG","WS","SM","ST","SN","SC","SL","SB","KN","LC","VC","SR","TL","TO","TT","TV","VU","AZ","BN","BI","KH","CM","TD","KM","GQ","SZ","GA","GN","KG","LA","MO","MR","MN","NP","RW","TG","UZ","ZW","BJ","MG","MU","MZ","AO","CI","DJ","ZM","CD","CG","IQ","LY","TJ","VE","ET","XK"],"disc_number":1,"duration_ms":340186,"explicit":false,"external_urls":{"spotify":"https://open.spotify.com/track/3YYnfKM02WkygOwg6ozfrL"},"href":"https://api.spotify.com/v1/tracks/3YYnfKM02WkygOwg6ozfrL","id":"3YYnfKM02WkygOwg6ozfrL","name":"End of Line - Remixed by Boys Noize","preview_url":null,"track_number":8,"type":"track","uri":"spotify:track:3YYnfKM02WkygOwg6ozfrL","is_local":false},{"artists":[{"external_urls":{"spotify":"https://open.spotify.com/artist/4tZwfgrHOc3mvqYlEYSvVi"},"href":"https://api.spotify.com/v1/artists/4tZwfgrHOc3mvqYlEYSvVi","id":"4tZwfgrHOc3mvqYlEYSvVi","name":"Daft Punk","type":"artist","uri":"spotify:artist:4tZwfgrHOc3mvqYlEYSvVi"},{"external_urls":{"spotify":"https://open.spotify.com/artist/6TQj5BFPooTa08A7pk8AQ1"},"href":"https://api.spotify.com/v1/artists/6TQj5BFPooTa08A7pk8AQ1","id":"6TQj5BFPooTa08A7pk8AQ1","name":"Kaskade","type":"artist","uri":"spotify:artist:6TQj5BFPooTa08A7pk8AQ1"}],"available_markets":["AR","AU","AT","BE","BO","BR","BG","CA","CL","CO","CR","CY","CZ","DK","DO","DE","EC","EE","SV","FI","FR","GR","GT","HN","HK","HU","IS","IE","IT","LV","LT","LU","MY","MT","MX","NL","NZ","NI","NO","PA","PY","PE","PH","PL","PT","SG","SK","ES","SE","CH","TW","TR","UY","US","GB","AD","LI","MC","ID","JP","TH","VN","RO","IL","ZA","SA","AE","BH","QA","OM","KW","EG","MA","DZ","TN","LB","JO","PS","IN","KZ","MD","UA","AL","BA","HR","ME","MK","RS","SI","KR","BD","PK","LK","GH","KE","NG","TZ","UG","AG","AM","BS","BB","BZ","BT","BW","BF","CV","CW","DM","FJ","GM","GE","GD","GW","GY","HT","JM","KI","LS","LR","MW","MV","ML","MH","FM","NA","NR","NE","PW","PG","WS","SM","ST","SN","SC","SL","SB","KN","LC","VC","SR","TL","TO","TT","TV","VU","AZ","BN","BI","KH","CM","TD","KM","GQ","SZ","GA","GN","KG","LA","MO","MR","MN","NP","RW","TG","UZ","ZW","BJ","MG","MU","MZ","AO","CI","DJ","ZM","CD","CG","IQ","LY","TJ","VE","ET","XK"],"disc_number":1,"duration_ms":412440,"explicit":false,"external_urls":{"spotify":"https://open.spotify.com/track/2jFLd9OdNcLsblpv4fDTRn"},"href":"https://api.spotify.com/v1/tracks/2jFLd9OdNcLsblpv4fDTRn","id":"2jFLd9OdNcLsblpv4fDTRn","name":"Rinzler - Remixed by Kaskade","preview_url":null,"track_number":9,"type":"track","uri":"spotify:track:2jFLd9OdNcLsblpv4fDTRn","is_local":false},{"artists":[{"external_urls":{"spotify":"https://open.spotify.com/artist/4tZwfgrHOc3mvqYlEYSvVi"},"href":"https://api.spotify.com/v1/artists/4tZwfgrHOc3mvqYlEYSvVi","id":"4tZwfgrHOc3mvqYlEYSvVi","name":"Daft Punk","type":"artist","uri":"spotify:artist:4tZwfgrHOc3mvqYlEYSvVi"},{"external_urls":{"spotify":"https://open.spotify.com/artist/2wouN3QXejYa5tKetYdcVX"},"href":"https://api.spotify.com/v1/artists/2wouN3QXejYa5tKetYdcVX","id":"2wouN3QXejYa5tKetYdcVX","name":"Com Truise","type":"artist","uri":"spotify:artist:2wouN3QXejYa5tKetYdcVX"}],"available_markets":["AR","AU","AT","BE","BO","BR","BG","CA","CL","CO","CR","CY","CZ","DK","DO","DE","EC","EE","SV","FI","FR","GR","GT","HN","HK","HU","IS","IE","IT","LV","LT","LU","MY","MT","MX","NL","NZ","NI","NO","PA","PY","PE","PH","PL","PT","SG","SK","ES","SE","CH","TW","TR","UY","US","GB","AD","LI","MC","ID","JP","TH","VN","RO","IL","ZA","SA","AE","BH","QA","OM","KW","EG","MA","DZ","TN","LB","JO","PS","IN","KZ","MD","UA","AL","BA","HR","ME","MK","RS","SI","KR","BD","PK","LK","GH","KE","NG","TZ","UG","AG","AM","BS","BB","BZ","BT","BW","BF","CV","CW","DM","FJ","GM","GE","GD","GW","GY","HT","JM","KI","LS","LR","MW","MV","ML","MH","FM","NA","NR","NE","PW","PG","WS","SM","ST","SN","SC","SL","SB","KN","LC","VC","SR","TL","TO","TT","TV","VU","AZ","BN","BI","KH","CM","TD","KM","GQ","SZ","GA","GN","KG","LA","MO","MR","MN","NP","RW","TG","UZ","ZW","BJ","MG","MU","MZ","AO","CI","DJ","ZM","CD","CG","IQ","LY","TJ","VE","ET","XK"],"disc_number":1,"duration_ms":292093,"explicit":false,"external_urls":{"spotify":"https://open.spotify.com/track/3SL3UavpjRKNMM9UVlE9Bx"},"href":"https://api.spotify.com/v1/tracks/3SL3UavpjRKNMM9UVlE9Bx","id":"3SL3UavpjRKNMM9UVlE9Bx","name":"Encom Part 2 - Remixed by Com Truise","preview_url":null,"track_number":10,"type":"track","uri":"spotify:track:3SL3UavpjRKNMM9UVlE9Bx","is_local":false},{"artists":[{"external_urls":{"spotify":"https://open.spotify.com/artist/4tZwfgrHOc3mvqYlEYSvVi"},"href":"https://api.spotify.com/v1/artists/4tZwfgrHOc3mvqYlEYSvVi","id":"4tZwfgrHOc3mvqYlEYSvVi","name":"Daft Punk","type":"artist","uri":"spotify:artist:4tZwfgrHOc3mvqYlEYSvVi"},{"external_urls":{"spotify":"https://open.spotify.com/artist/3hXDMlrPegHRO0zUvBsRSI"},"href":"https://api.spotify.com/v1/artists/3hXDMlrPegHRO0zUvBsRSI","id":"3hXDMlrPegHRO0zUvBsRSI","name":"Photek","type":"artist","uri":"spotify:artist:3hXDMlrPegHRO0zUvBsRSI"}],"available_markets":["AR","AU","AT","BE","BO","BR","BG","CA","CL","CO","CR","CY","CZ","DK","DO","DE","EC","EE","SV","FI","FR","GR","GT","HN","HK","HU","IS","IE","IT","LV","LT","LU","MY","MT","MX","NL","NZ","NI","NO","PA","PY","PE","PH","PL","PT","SG","SK","ES","SE","CH","TW","TR","UY","US","GB","AD","LI","MC","ID","JP","TH","VN","RO","IL","ZA","SA","AE","BH","QA","OM","KW","EG","MA","DZ","TN","LB","JO","PS","IN","KZ","MD","UA","AL","BA","HR","ME","MK","RS","SI","KR","BD","PK","LK","GH","KE","NG","TZ","UG","AG","AM","BS","BB","BZ","BT","BW","BF","CV","CW","DM","FJ","GM","GE","GD","GW","GY","HT","JM","KI","LS","LR","MW","MV","ML","MH","FM","NA","NR","NE","PW","PG","WS","SM","ST","SN","SC","SL","SB","KN","LC","VC","SR","TL","TO","TT","TV","VU","AZ","BN","BI","KH","CM","TD","KM","GQ","SZ","GA","GN","KG","LA","MO","MR","MN","NP","RW","TG","UZ","ZW","BJ","MG","MU","MZ","AO","CI","DJ","ZM","CD","CG","IQ","LY","TJ","VE","ET","XK"],"disc_number":1,"duration_ms":318720,"explicit":false,"external_urls":{"spotify":"https://open.spotify.com/track/2UBYw2qf9PkvoKQ610ocft"},"href":"https://api.spotify.com/v1/tracks/2UBYw2qf9PkvoKQ610ocft","id":"2UBYw2qf9PkvoKQ610ocft","name":"End of Line - Remixed by Photek","preview_url":null,"track_number":11,"type":"track","uri":"spotify:track:2UBYw2qf9PkvoKQ610ocft","is_local":false},{"artists":[{"external_urls":{"spotify":"https://open.spotify.com/artist/4tZwfgrHOc3mvqYlEYSvVi"},"href":"https://api.spotify.com/v1/artists/4tZwfgrHOc3mvqYlEYSvVi","id":"4tZwfgrHOc3mvqYlEYSvVi","name":"Daft Punk","type":"artist","uri":"spotify:artist:4tZwfgrHOc3mvqYlEYSvVi"},{"external_urls":{"spotify":"https://open.spotify.com/artist/5F8v5xSIGtfukNxq0Jqgwh"},"href":"https://api.spotify.com/v1/artists/5F8v5xSIGtfukNxq0Jqgwh","id":"5F8v5xSIGtfukNxq0Jqgwh","name":"The Japanese Popstars","type":"artist","uri":"spotify:artist:5F8v5xSIGtfukNxq0Jqgwh"}],"available_markets":["AR","AU","AT","BE","BO","BR","BG","CA","CL","CO","CR","CY","CZ","DK","DO","DE","EC","EE","SV","FI","FR","GR","GT","HN","HK","HU","IS","IE","IT","LV","LT","LU","MY","MT","MX","NL","NZ","NI","NO","PA","PY","PE","PH","PL","PT","SG","SK","ES","SE","CH","TW","TR","UY","US","GB","AD","LI","MC","ID","JP","TH","VN","RO","IL","ZA","SA","AE","BH","QA","OM","KW","EG","MA","DZ","TN","LB","JO","PS","IN","KZ","MD","UA","AL","BA","HR","ME","MK","RS","SI","KR","BD","PK","LK","GH","KE","NG","TZ","UG","AG","AM","BS","BB","BZ","BT","BW","BF","CV","CW","DM","FJ","GM","GE","GD","GW","GY","HT","JM","KI","LS","LR","MW","MV","ML","MH","FM","NA","NR","NE","PW","PG","WS","SM","ST","SN","SC","SL","SB","KN","LC","VC","SR","TL","TO","TT","TV","VU","AZ","BN","BI","KH","CM","TD","KM","GQ","SZ","GA","GN","KG","LA","MO","MR","MN","NP","RW","TG","UZ","ZW","BJ","MG","MU","MZ","AO","CI","DJ","ZM","CD","CG","IQ","LY","TJ","VE","ET","XK"],"disc_number":1,"duration_ms":367720,"explicit":false,"external_urls":{"spotify":"https://open.spotify.com/track/7irNlzUSPNgCDtEyQuS3lm"},"href":"https://api.spotify.com/v1/tracks/7irNlzUSPNgCDtEyQuS3lm","id":"7irNlzUSPNgCDtEyQuS3lm","name":"Arena - Remixed by The Japanese Popstars","preview_url":null,"track_number":12,"type":"track","uri":"spotify:track:7irNlzUSPNgCDtEyQuS3lm","is_local":false},{"artists":[{"external_urls":{"spotify":"https://open.spotify.com/artist/4tZwfgrHOc3mvqYlEYSvVi"},"href":"https://api.spotify.com/v1/artists/4tZwfgrHOc3mvqYlEYSvVi","id":"4tZwfgrHOc3mvqYlEYSvVi","name":"Daft Punk","type":"artist","uri":"spotify:artist:4tZwfgrHOc3mvqYlEYSvVi"},{"external_urls":{"spotify":"https://open.spotify.com/artist/1vCWHaC5f2uS3yhpwWbIA6"},"href":"https://api.spotify.com/v1/artists/1vCWHaC5f2uS3yhpwWbIA6","id":"1vCWHaC5f2uS3yhpwWbIA6","name":"Avicii","type":"artist","uri":"spotify:artist:1vCWHaC5f2uS3yhpwWbIA6"}],"available_markets":["AR","AU","AT","BE","BO","BR","BG","CA","CL","CO","CR","CY","CZ","DK","DO","DE","EC","EE","SV","FI","FR","GR","GT","HN","HK","HU","IS","IE","IT","LV","LT","LU","MY","MT","MX","NL","NZ","NI","NO","PA","PY","PE","PH","PL","PT","SG","SK","ES","SE","CH","TW","TR","UY","US","GB","AD","LI","MC","ID","JP","TH","VN","RO","IL","ZA","SA","AE","BH","QA","OM","KW","EG","MA","DZ","TN","LB","JO","PS","IN","KZ","MD","UA","AL","BA","HR","ME","MK","RS","SI","KR","BD","PK","LK","GH","KE","NG","TZ","UG","AG","AM","BS","BB","BZ","BT","BW","BF","CV","CW","DM","FJ","GM","GE","GD","GW","GY","HT","JM","KI","LS","LR","MW","MV","ML","MH","FM","NA","NR","NE","PW","PG","WS","SM","ST","SN","SC","SL","SB","KN","LC","VC","SR","TL","TO","TT","TV","VU","AZ","BN","BI","KH","CM","TD","KM","GQ","SZ","GA","GN","KG","LA","MO","MR","MN","NP","RW","TG","UZ","ZW","BJ","MG","MU","MZ","AO","CI","DJ","ZM","CD","CG","IQ","LY","TJ","VE","ET","XK"],"disc_number":1,"duration_ms":303946,"explicit":false,"external_urls":{"spotify":"https://open.spotify.com/track/1rn6JIHBuBZiwvA57jeoOB"},"href":"https://api.spotify.com/v1/tracks/1rn6JIHBuBZiwvA57jeoOB","id":"1rn6JIHBuBZiwvA57jeoOB","name":"Derezzed - Remixed by Avicii","preview_url":null,"track_number":13,"type":"track","uri":"spotify:track:1rn6JIHBuBZiwvA57jeoOB","is_local":false},{"artists":[{"external_urls":{"spotify":"https://open.spotify.com/artist/4tZwfgrHOc3mvqYlEYSvVi"},"href":"https://api.spotify.com/v1/artists/4tZwfgrHOc3mvqYlEYSvVi","id":"4tZwfgrHOc3mvqYlEYSvVi","name":"Daft Punk","type":"artist","uri":"spotify:artist:4tZwfgrHOc3mvqYlEYSvVi"},{"external_urls":{"spotify":"https://open.spotify.com/artist/4iVhFmG8YCCEHANGeUUS9q"},"href":"https://api.spotify.com/v1/artists/4iVhFmG8YCCEHANGeUUS9q","id":"4iVhFmG8YCCEHANGeUUS9q","name":"Pretty Lights","type":"artist","uri":"spotify:artist:4iVhFmG8YCCEHANGeUUS9q"}],"available_markets":["AR","AU","AT","BE","BO","BR","BG","CA","CL","CO","CR","CY","CZ","DK","DO","DE","EC","EE","SV","FI","FR","GR","GT","HN","HK","HU","IS","IE","IT","LV","LT","LU","MY","MT","MX","NL","NZ","NI","NO","PA","PY","PE","PH","PL","PT","SG","SK","ES","SE","CH","TW","TR","UY","US","GB","AD","LI","MC","ID","JP","TH","VN","RO","IL","ZA","SA","AE","BH","QA","OM","KW","EG","MA","DZ","TN","LB","JO","PS","IN","KZ","MD","UA","AL","BA","HR","ME","MK","RS","SI","KR","BD","PK","LK","GH","KE","NG","TZ","UG","AG","AM","BS","BB","BZ","BT","BW","BF","CV","CW","DM","FJ","GM","GE","GD","GW","GY","HT","JM","KI","LS","LR","MW","MV","ML","MH","FM","NA","NR","NE","PW","PG","WS","SM","ST","SN","SC","SL","SB","KN","LC","VC","SR","TL","TO","TT","TV","VU","AZ","BN","BI","KH","CM","TD","KM","GQ","SZ","GA","GN","KG","LA","MO","MR","MN","NP","RW","TG","UZ","ZW","BJ","MG","MU","MZ","AO","CI","DJ","ZM","CD","CG","IQ","LY","TJ","VE","ET","XK"],"disc_number":1,"duration_ms":272853,"explicit":false,"external_urls":{"spotify":"https://open.spotify.com/track/4OgB6TRmIGBRT4NoFxxIQd"},"href":"https://api.spotify.com/v1/tracks/4OgB6TRmIGBRT4NoFxxIQd","id":"4OgB6TRmIGBRT4NoFxxIQd","name":"Solar Sailer - Remixed by Pretty Lights","preview_url":null,"track_number":14,"type":"track","uri":"spotify:track:4OgB6TRmIGBRT4NoFxxIQd","is_local":false},{"artists":[{"external_urls":{"spotify":"https://open.spotify.com/artist/4tZwfgrHOc3mvqYlEYSvVi"},"href":"https://api.spotify.com/v1/artists/4tZwfgrHOc3mvqYlEYSvVi","id":"4tZwfgrHOc3mvqYlEYSvVi","name":"Daft Punk","type":"artist","uri":"spotify:artist:4tZwfgrHOc3mvqYlEYSvVi"},{"external_urls":{"spotify":"https://open.spotify.com/artist/3CfH3WZPzbk5mNDWXpGIy6"},"href":"https://api.spotify.com/v1/artists/3CfH3WZPzbk5mNDWXpGIy6","id":"3CfH3WZPzbk5mNDWXpGIy6","name":"Sander Kleinenberg","type":"artist","uri":"spotify:artist:3CfH3WZPzbk5mNDWXpGIy6"}],"available_markets":["AR","AU","AT","BE","BO","BR","BG","CA","CL","CO","CR","CY","CZ","DK","DO","DE","EC","EE","SV","FI","FR","GR","GT","HN","HK","HU","IS","IE","IT","LV","LT","LU","MY","MT","MX","NL","NZ","NI","NO","PA","PY","PE","PH","PL","PT","SG","SK","ES","SE","CH","TW","TR","UY","US","GB","AD","LI","MC","ID","JP","TH","VN","RO","IL","ZA","SA","AE","BH","QA","OM","KW","EG","MA","DZ","TN","LB","JO","PS","IN","KZ","MD","UA","AL","BA","HR","ME","MK","RS","SI","KR","BD","PK","LK","GH","KE","NG","TZ","UG","AG","AM","BS","BB","BZ","BT","BW","BF","CV","CW","DM","FJ","GM","GE","GD","GW","GY","HT","JM","KI","LS","LR","MW","MV","ML","MH","FM","NA","NR","NE","PW","PG","WS","SM","ST","SN","SC","SL","SB","KN","LC","VC","SR","TL","TO","TT","TV","VU","AZ","BN","BI","KH","CM","TD","KM","GQ","SZ","GA","GN","KG","LA","MO","MR","MN","NP","RW","TG","UZ","ZW","BJ","MG","MU","MZ","AO","CI","DJ","ZM","CD","CG","IQ","LY","TJ","VE","ET","XK"],"disc_number":1,"duration_ms":304466,"explicit":false,"external_urls":{"spotify":"https://open.spotify.com/track/1Nv1h7ANN9E4rAjLP4OfgA"},"href":"https://api.spotify.com/v1/tracks/1Nv1h7ANN9E4rAjLP4OfgA","id":"1Nv1h7ANN9E4rAjLP4OfgA","name":"TRON Legacy (End Titles) - Remixed by Sander Kleinenberg","preview_url":null,"track_number":15,"type":"track","uri":"spotify:track:1Nv1h7ANN9E4rAjLP4OfgA","is_local":false}]},"copyrights":[{"text":"© 2011 Disney","type":"C"},{"text":"℗ 2011 Walt Disney Records","type":"P"}],"external_ids":{"upc":"00050087239633"},"genres":[],"label":"Walt Disney Records","popularity":49}},{"added_at":"2024-12-02T21:20:05Z","album":{"album_type":"single","total_tracks":1,"available_markets":["AR","AU","AT","BE","BO","BR","BG","CA","CL","CO","CR","CY","CZ","DK","DO","DE","EC","EE","SV","FI","FR","GR","GT","HN","HK","HU","IS","IE","IT","LV","LT","LU","MY","MT","MX","NL","NZ","NI","NO","PA","PY","PE","PH","PL","PT","SG","SK","ES","SE","CH","TW","TR","UY","US","GB","AD","LI","MC","ID","JP","TH","VN","RO","IL","ZA","SA","AE","BH","QA","OM","KW","EG","MA","DZ","TN","LB","JO","PS","IN","BY","KZ","MD","UA","AL","BA","HR","ME","MK","RS","SI","KR","BD","PK","LK","GH","KE","NG","TZ","UG","AG","AM","BS","BB","BZ","BT","BW","BF","CV","CW","DM","FJ","GM","GE","GD","GW","GY","HT","JM","KI","LS","LR","MW","MV","ML","MH","FM","NA","NR","NE","PW","PG","PR","WS","SM","ST","SN","SC","SL","SB","KN","LC","VC","SR","TL","TO","TT","TV","VU","AZ","BN","BI","KH","CM","TD","KM","GQ","SZ","GA","GN","KG","LA","MO","MR","MN","NP","RW","TG","UZ","ZW","BJ","MG","MU","MZ","AO","CI","DJ","ZM","CD","CG","IQ","LY","TJ","VE","ET","XK"],"external_urls":{"spotify":"https://open.spotify.com/album/12zjl7XkE8K79dgDDTayZm"},"href":"https://api.spotify.com/v1/albums/12zjl7XkE8K79dgDDTayZm","id":"12zjl7XkE8K79dgDDTayZm","images":[{"url":"https://i.scdn.co/image/ab67616d0000b273259a07c57e972296aa0d9506","height":640,"width":640},{"url":"https://i.scdn.co/image/ab67616d00001e02259a07c57e972296aa0d9506","height":300,"width":300},{"url":"https://i.scdn.co/image/ab67616d00004851259a07c57e972296aa0d9506","height":64,"width":64}],"name":"Sun Meri Shehzadi (From \"Dilwale\")","release_date":"1993","release_date_precision":"year","type":"album","uri":"spotify:album:12zjl7XkE8K79dgDDTayZm","artists":[{"external_urls":{"spotify":"https://open.spotify.com/artist/4K6blSRoklNdpw4mzLxwfn"},"href":"https://api.spotify.com/v1/artists/4K6blSRoklNdpw4mzLxwfn","id":"4K6blSRoklNdpw4mzLxwfn","name":"Kumar Sanu","type":"artist","uri":"spotify:artist:4K6blSRoklNdpw4mzLxwfn"},{"external_urls":{"spotify":"https://open.spotify.com/artist/3gBKY0y3dFFVRqicLnVZYz"},"href":"https://api.spotify.com/v1/artists/3gBKY0y3dFFVRqicLnVZYz","id":"3gBKY0y3dFFVRqicLnVZYz","name":"Alka Yagnik","type":"artist","uri":"spotify:artist:3gBKY0y3dFFVRqicLnVZYz"},{"external_urls":{"spotify":"https://open.spotify.com/artist/7LyeGgsvbDsj1waCoOe3O3"},"href":"https://api.spotify.com/v1/artists/7LyeGgsvbDsj1waCoOe3O3","id":"7LyeGgsvbDsj1waCoOe3O3","name":"Nadeem","type":"artist","uri":"spotify:artist:7LyeGgsvbDsj1waCoOe3O3"}],"tracks":{"href":"https://api.spotify.com/v1/albums/12zjl7XkE8K79dgDDTayZm/tracks?offset=0&limit=50","limit":50,"next":null,"offset":0,"previous":null,"total":1,"items":[{"artists":[{"external_urls":{"spotify":"https://open.spotify.com/artist/4K6blSRoklNdpw4mzLxwfn"},"href":"https://api.spotify.com/v1/artists/4K6blSRoklNdpw4mzLxwfn","id":"4K6blSRoklNdpw4mzLxwfn","name":"Kumar Sanu","type":"artist","uri":"spotify:artist:4K6blSRoklNdpw4mzLxwfn"},{"external_urls":{"spotify":"https://open.spotify.com/artist/3gBKY0y3dFFVRqicLnVZYz"},"href":"https://api.spotify.com/v1/artists/3gBKY0y3dFFVRqicLnVZYz","id":"3gBKY0y3dFFVRqicLnVZYz","name":"Alka Yagnik","type":"artist","uri":"spotify:artist:3gBKY0y3dFFVRqicLnVZYz"},{"external_urls":{"spotify":"https://open.spotify.com/artist/7LyeGgsvbDsj1waCoOe3O3"},"href":"https://api.spotify.com/v1/artists/7LyeGgsvbDsj1waCoOe3O3","id":"7LyeGgsvbDsj1waCoOe3O3","name":"Nadeem","type":"artist","uri":"spotify:artist:7LyeGgsvbDsj1waCoOe3O3"},{"external_urls":{"spotify":"https://open.spotify.com/artist/6tNiCigsoiRmvTCUBmIfKl"},"href":"https://api.spotify.com/v1/artists/6tNiCigsoiRmvTCUBmIfKl","id":"6tNiCigsoiRmvTCUBmIfKl","name":"Shravan","type":"artist","uri":"spotify:artist:6tNiCigsoiRmvTCUBmIfKl"}],"available_markets":["AR","AU","AT","BE","BO","BR","BG","CA","CL","CO","CR","CY","CZ","DK","DO","DE","EC","EE","SV","FI","FR","GR","GT","HN","HK","HU","IS","IE","IT","LV","LT","LU","MY","MT","MX","NL","NZ","NI","NO","PA","PY","PE","PH","PL","PT","SG","SK","ES","SE","CH","TW","TR","UY","US","GB","AD","LI","MC","ID","JP","TH","VN","RO","IL","ZA","SA","AE","BH","QA","OM","KW","EG","MA","DZ","TN","LB","JO","PS","IN","BY","KZ","MD","UA","AL","BA","HR","ME","MK","RS","SI","KR","BD","PK","LK","GH","KE","NG","TZ","UG","AG","AM","BS","BB","BZ","BT","BW","BF","CV","CW","DM","FJ","GM","GE","GD","GW","GY","HT","JM","KI","LS","LR","MW","MV","ML","MH","FM","NA","NR","NE","PW","PG","PR","WS","SM","ST","SN","SC","SL","SB","KN","LC","VC","SR","TL","TO","TT","TV","VU","AZ","BN","BI","KH","CM","TD","KM","GQ","SZ","GA","GN","KG","LA","MO","MR","MN","NP","RW","TG","UZ","ZW","BJ","MG","MU","MZ","AO","CI","DJ","ZM","CD","CG","IQ","LY","TJ","VE","ET","XK"],"disc_number":1,"duration_ms":226107,"explicit":false,"external_urls":{"spotify":"https://open.spotify.com/track/0T4UqAqpv5c69VlMGyAiFZ"},"href":"https://api.spotify.com/v1/tracks/0T4UqAqpv5c69VlMGyAiFZ","id":"0T4UqAqpv5c69VlMGyAiFZ","name":"Sun Meri Shehzadi - From \"Dilwale\"","preview_url":null,"track_number":1,"type":"track","uri":"spotify:track:0T4UqAqpv5c69VlMGyAiFZ","is_local":false}]},"copyrights":[{"text":"1993 Ishtar Music Pvt. Ltd.","type":"C"},{"text":"1993 Ishtar Music Pvt. Ltd.","type":"P"}],"external_ids":{"upc":"8904228577394"},"genres":[],"label":"Ishtar Music Pvt. Ltd.","popularity":42}},{"added_at":"2024-12-02T19:48:08Z","album":{"album_type":"album","total_tracks":21,"available_markets":["AR","AU","AT","BE","BO","BR","BG","CA","CL","CO","CR","CY","CZ","DK","DO","DE","EC","EE","SV","FI","FR","GR","GT","HN","HK","HU","IS","IE","IT","LV","LT","LU","MY","MT","MX","NL","NZ","NI","NO","PA","PY","PE","PH","PL","PT","SG","SK","ES","SE","CH","TW","TR","UY","US","GB","ID","JP","TH","VN","RO","IL","ZA","SA","AE","BH","QA","OM","KW","EG","MA","DZ","TN","LB","JO","PS","IN","UA","AL","BA","HR","ME","MK","RS","SI","KR","LK","GH","KE","NG","TZ","UG","BW","BF","CV","CW","GM","GW","LS","LR","MW","ML","NA","NE","ST","SN","SC","SL","TT","BI","KH","CM","TD","KM","GQ","SZ","GA","GN","MR","RW","TG","ZW","BJ","MG","MU","MZ","AO","CI","DJ","ZM","CD","CG","IQ","LY","VE","ET","XK"],"external_urls":{"spotify":"https://open.spotify.com/album/4rvCQOx2G4DYIq2dnTIN5U"},"href":"https://api.spotify.com/v1/albums/4rvCQOx2G4DYIq2dnTIN5U","id":"4rvCQOx2G4DYIq2dnTIN5U","images":[{"url":"https://i.scdn.co/image/ab67616d0000b2731b8565b88af9ae26f1adb0f2","height":640,"width":640},{"url":"https://i.scdn.co/image/ab67616d00001e021b8565b88af9ae26f1adb0f2","height":300,"width":300},{"url":"https://i.scdn.co/image/ab67616d000048511b8565b88af9ae26f1adb0f2","height":64,"width":64}],"name":"Udit Narayan Most Loved Songs","release_date":"2024-11-25","release_date_precision":"day","type":"album","uri":"spotify:album:4rvCQOx2G4DYIq2dnTIN5U","artists":[{"external_urls":{"spotify":"https://open.spotify.com/artist/70B80Lwx2sxti0M1Ng9e8K"},"href":"https://api.spotify.com/v1/artists/70B80Lwx2sxti0M1Ng9e8K","id":"70B80Lwx2sxti0M1Ng9e8K","name":"Udit Narayan","type":"artist","uri":"spotify:artist:70B80Lwx2sxti0M1Ng9e8K"}],"tracks":{"href":"https://api.spotify.com/v1/albums/4rvCQOx2G4DYIq2dnTIN5U/tracks?offset=0&limit=50","limit":50,"next":null,"offset":0,"previous":null,"total":21,"items":[{"artists":[{"external_urls":{"spotify":"https://open.spotify.com/artist/70B80Lwx2sxti0M1Ng9e8K"},"href":"https://api.spotify.com/v1/artists/70B80Lwx2sxti0M1Ng9e8K","id":"70B80Lwx2sxti0M1Ng9e8K","name":"Udit Narayan","type":"artist","uri":"spotify:artist:70B80Lwx2sxti0M1Ng9e8K"},{"external_urls":{"spotify":"https://open.spotify.com/artist/3gBKY0y3dFFVRqicLnVZYz"},"href":"https://api.spotify.com/v1/artists/3gBKY0y3dFFVRqicLnVZYz","id":"3gBKY0y3dFFVRqicLnVZYz","name":"Alka Yagnik","type":"artist","uri":"spotify:artist:3gBKY0y3dFFVRqicLnVZYz"}],"available_markets":["AR","AU","AT","BE","BO","BR","BG","CA","CL","CO","CR","CY","CZ","DK","DO","DE","EC","EE","SV","FI","FR","GR","GT","HN","HK","HU","IS","IE","IT","LV","LT","LU","MY","MT","MX","NL","NZ","NI","NO","PA","PY","PE","PH","PL","PT","SG","SK","ES","SE","CH","TW","TR","UY","US","GB","ID","JP","TH","VN","RO","IL","ZA","SA","AE","BH","QA","OM","KW","EG","MA","DZ","TN","LB","JO","PS","IN","UA","AL","BA","HR","ME","MK","RS","SI","KR","LK","GH","KE","NG","TZ","UG","BW","BF","CV","CW","GM","GW","LS","LR","MW","ML","NA","NE","ST","SN","SC","SL","TT","BI","KH","CM","TD","KM","GQ","SZ","GA","GN","MR","RW","TG","ZW","BJ","MG","MU","MZ","AO","CI","DJ","ZM","CD","CG","IQ","LY","VE","ET","XK"],"disc_number":1,"duration_ms":266058,"explicit":false,"external_urls":{"spotify":"https://open.spotify.com/track/4T6ZmGkD6WOxkfJ5TQjwMW"},"href":"https://api.spotify.com/v1/tracks/4T6ZmGkD6WOxkfJ5TQjwMW","id":"4T6ZmGkD6WOxkfJ5TQjwMW","name":"Tu Mere Samne - From \"Chori Chori\"","preview_url":null,"track_number":1,"type":"track","uri":"spotify:track:4T6ZmGkD6WOxkfJ5TQjwMW","is_local":false},{"artists":[{"external_urls":{"spotify":"https://open.spotify.com/artist/70B80Lwx2sxti0M1Ng9e8K"},"href":"https://api.spotify.com/v1/artists/70B80Lwx2sxti0M1Ng9e8K","id":"70B80Lwx2sxti0M1Ng9e8K","name":"Udit Narayan","type":"artist","uri":"spotify:artist:70B80Lwx2sxti0M1Ng9e8K"}],"available_markets":["AR","AU","AT","BE","BO","BR","BG","CA","CL","CO","CR","CY","CZ","DK","DO","DE","EC","EE","SV","FI","FR","GR","GT","HN","HK","HU","IS","IE","IT","LV","LT","LU","MY","MT","MX","NL","NZ","NI","NO","PA","PY","PE","PH","PL","PT","SG","SK","ES","SE","CH","TW","TR","UY","US","GB","ID","JP","TH","VN","RO","IL","ZA","SA","AE","BH","QA","OM","KW","EG","MA","DZ","TN","LB","JO","PS","IN","UA","AL","BA","HR","ME","MK","RS","SI","KR","LK","GH","KE","NG","TZ","UG","BW","BF","CV","CW","GM","GW","LS","LR","MW","ML","NA","NE","ST","SN","SC","SL","TT","BI","KH","CM","TD","KM","GQ","SZ","GA","GN","MR","RW","TG","ZW","BJ","MG","MU","MZ","AO","CI","DJ","ZM","CD","CG","IQ","LY","VE","ET","XK"],"disc_number":1,"duration_ms":525456,"explicit":false,"external_urls":{"spotify":"https://open.spotify.com/track/2TFfaxpEpPdncdUOBIJVHi"},"href":"https://api.spotify.com/v1/tracks/2TFfaxpEpPdncdUOBIJVHi","id":"2TFfaxpEpPdncdUOBIJVHi","name":"Hawaon Ne Yeh Kaha - From \"Aap Mujhe Achche Lagne Lage\"","preview_url":null,"track_number":2,"type":"track","uri":"spotify:track:2TFfaxpEpPdncdUOBIJVHi","is_local":false},{"artists":[{"external_urls":{"spotify":"https://open.spotify.com/artist/70B80Lwx2sxti0M1Ng9e8K"},"href":"https://api.spotify.com/v1/artists/70B80Lwx2sxti0M1Ng9e8K","id":"70B80Lwx2sxti0M1Ng9e8K","name":"Udit Narayan","type":"artist","uri":"spotify:artist:70B80Lwx2sxti0M1Ng9e8K"},{"external_urls":{"spotify":"https://open.spotify.com/artist/2wVpsY4Geh7l1YugsakLF2"},"href":"https://api.spotify.com/v1/artists/2wVpsY4Geh7l1YugsakLF2","id":"2wVpsY4Geh7l1YugsakLF2","name":"Sulakshana Pandit","type":"artist","uri":"spotify:artist:2wVpsY4Geh7l1YugsakLF2"}],"available_markets":["AR","AU","AT","BE","BO","BR","BG","CA","CL","CO","CR","CY","CZ","DK","DO","DE","EC","EE","SV","FI","FR","GR","GT","HN","HK","HU","IS","IE","IT","LV","LT","LU","MY","MT","MX","NL","NZ","NI","NO","PA","PY","PE","PH","PL","PT","SG","SK","ES","SE","CH","TW","TR","UY","US","GB","ID","JP","TH","VN","RO","IL","ZA","SA","AE","BH","QA","OM","KW","EG","MA","DZ","TN","LB","JO","PS","IN","UA","AL","BA","HR","ME","MK","RS","SI","KR","LK","GH","KE","NG","TZ","UG","BW","BF","CV","CW","GM","GW","LS","LR","MW","ML","NA","NE","ST","SN","SC","SL","TT","BI","KH","CM","TD","KM","GQ","SZ","GA","GN","MR","RW","TG","ZW","BJ","MG","MU","MZ","AO","CI","DJ","ZM","CD","CG","IQ","LY","VE","ET","XK"],"disc_number":1,"duration_ms":359933,"explicit":false,"external_urls":{"spotify":"https://open.spotify.com/track/20t41au7yINGkw7AFLlnkL"},"href":"https://api.spotify.com/v1/tracks/20t41au7yINGkw7AFLlnkL","id":"20t41au7yINGkw7AFLlnkL","name":"Saagar Kinare Do Dil Hai Pyase - From \"Khamoshi - The Musical\"","preview_url":null,"track_number":3,"type":"track","uri":"spotify:track:20t41au7yINGkw7AFLlnkL","is_local":false},{"artists":[{"external_urls":{"spotify":"https://open.spotify.com/artist/70B80Lwx2sxti0M1Ng9e8K"},"href":"https://api.spotify.com/v1/artists/70B80Lwx2sxti0M1Ng9e8K","id":"70B80Lwx2sxti0M1Ng9e8K","name":"Udit Narayan","type":"artist","uri":"spotify:artist:70B80Lwx2sxti0M1Ng9e8K"},{"external_urls":{"spotify":"https://open.spotify.com/artist/4Hbdz7LNnEHpAD9MwvxCdV"},"href":"https://api.spotify.com/v1/artists/4Hbdz7LNnEHpAD9MwvxCdV","id":"4Hbdz7LNnEHpAD9MwvxCdV","name":"Saswati Phukan","type":"artist","uri":"spotify:artist:4Hbdz7LNnEHpAD9MwvxCdV"}],"available_markets":["AR","AU","AT","BE","BO","BR","BG","CA","CL","CO","CR","CY","CZ","DK","DO","DE","EC","EE","SV","FI","FR","GR","GT","HN","HK","HU","IS","IE","IT","LV","LT","LU","MY","MT","MX","NL","NZ","NI","NO","PA","PY","PE","PH","PL","PT","SG","SK","ES","SE","CH","TW","TR","UY","US","GB","ID","JP","TH","VN","RO","IL","ZA","SA","AE","BH","QA","OM","KW","EG","MA","DZ","TN","LB","JO","PS","IN","UA","AL","BA","HR","ME","MK","RS","SI","KR","LK","GH","KE","NG","TZ","UG","BW","BF","CV","CW","GM","GW","LS","LR","MW","ML","NA","NE","ST","SN","SC","SL","TT","BI","KH","CM","TD","KM","GQ","SZ","GA","GN","MR","RW","TG","ZW","BJ","MG","MU","MZ","AO","CI","DJ","ZM","CD","CG","IQ","LY","VE","ET","XK"],"disc_number":1,"duration_ms":333145,"explicit":false,"external_urls":{"spotify":"https://open.spotify.com/track/5fBnvyI0PB9qKovwugS5fO"},"href":"https://api.spotify.com/v1/tracks/5fBnvyI0PB9qKovwugS5fO","id":"5fBnvyI0PB9qKovwugS5fO","name":"Ek Ladki Bas Gayee - From \"Jaal - The Trap\"","preview_url":null,"track_number":4,"type":"track","uri":"spotify:track:5fBnvyI0PB9qKovwugS5fO","is_local":false},{"artists":[{"external_urls":{"spotify":"https://open.spotify.com/artist/6WPmTGeeoymoVlXVtsCwz7"},"href":"https://api.spotify.com/v1/artists/6WPmTGeeoymoVlXVtsCwz7","id":"6WPmTGeeoymoVlXVtsCwz7","name":"Kavita Krishnamurthy","type":"artist","uri":"spotify:artist:6WPmTGeeoymoVlXVtsCwz7"},{"external_urls":{"spotify":"https://open.spotify.com/artist/70B80Lwx2sxti0M1Ng9e8K"},"href":"https://api.spotify.com/v1/artists/70B80Lwx2sxti0M1Ng9e8K","id":"70B80Lwx2sxti0M1Ng9e8K","name":"Udit Narayan","type":"artist","uri":"spotify:artist:70B80Lwx2sxti0M1Ng9e8K"}],"available_markets":["AR","AU","AT","BE","BO","BR","BG","CA","CL","CO","CR","CY","CZ","DK","DO","DE","EC","EE","SV","FI","FR","GR","GT","HN","HK","HU","IS","IE","IT","LV","LT","LU","MY","MT","MX","NL","NZ","NI","NO","PA","PY","PE","PH","PL","PT","SG","SK","ES","SE","CH","TW","TR","UY","US","GB","ID","JP","TH","VN","RO","IL","ZA","SA","AE","BH","QA","OM","KW","EG","MA","DZ","TN","LB","JO","PS","IN","UA","AL","BA","HR","ME","MK","RS","SI","KR","LK","GH","KE","NG","TZ","UG","BW","BF","CV","CW","GM","GW","LS","LR","MW","ML","NA","NE","ST","SN","SC","SL","TT","BI","KH","CM","TD","KM","GQ","SZ","GA","GN","MR","RW","TG","ZW","BJ","MG","MU","MZ","AO","CI","DJ","ZM","CD","CG","IQ","LY","VE","ET","XK"],"disc_number":1,"duration_ms":362293,"explicit":false,"external_urls":{"spotify":"https://open.spotify.com/track/3j3b1xaOJEbw1JqSLNuUGJ"},"href":"https://api.spotify.com/v1/tracks/3j3b1xaOJEbw1JqSLNuUGJ","id":"3j3b1xaOJEbw1JqSLNuUGJ","name":"Hamesha Tumko Chaha - From \"Devdas\"","preview_url":null,"track_number":5,"type":"track","uri":"spotify:track:3j3b1xaOJEbw1JqSLNuUGJ","is_local":false},{"artists":[{"external_urls":{"spotify":"https://open.spotify.com/artist/70B80Lwx2sxti0M1Ng9e8K"},"href":"https://api.spotify.com/v1/artists/70B80Lwx2sxti0M1Ng9e8K","id":"70B80Lwx2sxti0M1Ng9e8K","name":"Udit Narayan","type":"artist","uri":"spotify:artist:70B80Lwx2sxti0M1Ng9e8K"},{"external_urls":{"spotify":"https://open.spotify.com/artist/3gBKY0y3dFFVRqicLnVZYz"},"href":"https://api.spotify.com/v1/artists/3gBKY0y3dFFVRqicLnVZYz","id":"3gBKY0y3dFFVRqicLnVZYz","name":"Alka Yagnik","type":"artist","uri":"spotify:artist:3gBKY0y3dFFVRqicLnVZYz"}],"available_markets":["AR","AU","AT","BE","BO","BR","BG","CA","CL","CO","CR","CY","CZ","DK","DO","DE","EC","EE","SV","FI","FR","GR","GT","HN","HK","HU","IS","IE","IT","LV","LT","LU","MY","MT","MX","NL","NZ","NI","NO","PA","PY","PE","PH","PL","PT","SG","SK","ES","SE","CH","TW","TR","UY","US","GB","ID","JP","TH","VN","RO","IL","ZA","SA","AE","BH","QA","OM","KW","EG","MA","DZ","TN","LB","JO","PS","IN","UA","AL","BA","HR","ME","MK","RS","SI","KR","LK","GH","KE","NG","TZ","UG","BW","BF","CV","CW","GM","GW","LS","LR","MW","ML","NA","NE","ST","SN","SC","SL","TT","BI","KH","CM","TD","KM","GQ","SZ","GA","GN","MR","RW","TG","ZW","BJ","MG","MU","MZ","AO","CI","DJ","ZM","CD","CG","IQ","LY","VE","ET","XK"],"disc_number":1,"duration_ms":269458,"explicit":false,"external_urls":{"spotify":"https://open.spotify.com/track/7x1cbTng0It7Knylo6A0Po"},"href":"https://api.spotify.com/v1/tracks/7x1cbTng0It7Knylo6A0Po","id":"7x1cbTng0It7Knylo6A0Po","name":"Rab Di Kasam - From \"Indian\"","preview_url":null,"track_number":6,"type":"track","uri":"spotify:track:7x1cbTng0It7Knylo6A0Po","is_local":false},{"artists":[{"external_urls":{"spotify":"https://open.spotify.com/artist/70B80Lwx2sxti0M1Ng9e8K"},"href":"https://api.spotify.com/v1/artists/70B80Lwx2sxti0M1Ng9e8K","id":"70B80Lwx2sxti0M1Ng9e8K","name":"Udit Narayan","type":"artist","uri":"spotify:artist:70B80Lwx2sxti0M1Ng9e8K"},{"external_urls":{"spotify":"https://open.spotify.com/artist/3eDT9fwXKuHWFvgZaaYC5v"},"href":"https://api.spotify.com/v1/artists/3eDT9fwXKuHWFvgZaaYC5v","id":"3eDT9fwXKuHWFvgZaaYC5v","name":"Sunidhi Chauhan","type":"artist","uri":"spotify:artist:3eDT9fwXKuHWFvgZaaYC5v"}],"available_markets":["AR","AU","AT","BE","BO","BR","BG","CA","CL","CO","CR","CY","CZ","DK","DO","DE","EC","EE","SV","FI","FR","GR","GT","HN","HK","HU","IS","IE","IT","LV","LT","LU","MY","MT","MX","NL","NZ","NI","NO","PA","PY","PE","PH","PL","PT","SG","SK","ES","SE","CH","TW","TR","UY","US","GB","ID","JP","TH","VN","RO","IL","ZA","SA","AE","BH","QA","OM","KW","EG","MA","DZ","TN","LB","JO","PS","IN","UA","AL","BA","HR","ME","MK","RS","SI","KR","LK","GH","KE","NG","TZ","UG","BW","BF","CV","CW","GM","GW","LS","LR","MW","ML","NA","NE","ST","SN","SC","SL","TT","BI","KH","CM","TD","KM","GQ","SZ","GA","GN","MR","RW","TG","ZW","BJ","MG","MU","MZ","AO","CI","DJ","ZM","CD","CG","IQ","LY","VE","ET","XK"],"disc_number":1,"duration_ms":251489,"explicit":false,"external_urls":{"spotify":"https://open.spotify.com/track/2mmvJ14ekizuPlPief97fg"},"href":"https://api.spotify.com/v1/tracks/2mmvJ14ekizuPlPief97fg","id":"2mmvJ14ekizuPlPief97fg","name":"Kehta Hai Mera Jiya - From \"Raja Bhaiya\"","preview_url":null,"track_number":7,"type":"track","uri":"spotify:track:2mmvJ14ekizuPlPief97fg","is_local":false},{"artists":[{"external_urls":{"spotify":"https://open.spotify.com/artist/70B80Lwx2sxti0M1Ng9e8K"},"href":"https://api.spotify.com/v1/artists/70B80Lwx2sxti0M1Ng9e8K","id":"70B80Lwx2sxti0M1Ng9e8K","name":"Udit Narayan","type":"artist","uri":"spotify:artist:70B80Lwx2sxti0M1Ng9e8K"}],"available_markets":["AR","AU","AT","BE","BO","BR","BG","CA","CL","CO","CR","CY","CZ","DK","DO","DE","EC","EE","SV","FI","FR","GR","GT","HN","HK","HU","IS","IE","IT","LV","LT","LU","MY","MT","MX","NL","NZ","NI","NO","PA","PY","PE","PH","PL","PT","SG","SK","ES","SE","CH","TW","TR","UY","US","GB","ID","JP","TH","VN","RO","IL","ZA","SA","AE","BH","QA","OM","KW","EG","MA","DZ","TN","LB","JO","PS","IN","UA","AL","BA","HR","ME","MK","RS","SI","KR","LK","GH","KE","NG","TZ","UG","BW","BF","CV","CW","GM","GW","LS","LR","MW","ML","NA","NE","ST","SN","SC","SL","TT","BI","KH","CM","TD","KM","GQ","SZ","GA","GN","MR","RW","TG","ZW","BJ","MG","MU","MZ","AO","CI","DJ","ZM","CD","CG","IQ","LY","VE","ET","XK"],"disc_number":1,"duration_ms":207990,"explicit":false,"external_urls":{"spotify":"https://open.spotify.com/track/2WuT14mASEIALLLDJyTvuX"},"href":"https://api.spotify.com/v1/tracks/2WuT14mASEIALLLDJyTvuX","id":"2WuT14mASEIALLLDJyTvuX","name":"Zindagi Hai Masti - From \"Aisa Kyon\"","preview_url":null,"track_number":8,"type":"track","uri":"spotify:track:2WuT14mASEIALLLDJyTvuX","is_local":false},{"artists":[{"external_urls":{"spotify":"https://open.spotify.com/artist/70B80Lwx2sxti0M1Ng9e8K"},"href":"https://api.spotify.com/v1/artists/70B80Lwx2sxti0M1Ng9e8K","id":"70B80Lwx2sxti0M1Ng9e8K","name":"Udit Narayan","type":"artist","uri":"spotify:artist:70B80Lwx2sxti0M1Ng9e8K"},{"external_urls":{"spotify":"https://open.spotify.com/artist/6WPmTGeeoymoVlXVtsCwz7"},"href":"https://api.spotify.com/v1/artists/6WPmTGeeoymoVlXVtsCwz7","id":"6WPmTGeeoymoVlXVtsCwz7","name":"Kavita Krishnamurthy","type":"artist","uri":"spotify:artist:6WPmTGeeoymoVlXVtsCwz7"}],"available_markets":["AR","AU","AT","BE","BO","BR","BG","CA","CL","CO","CR","CY","CZ","DK","DO","DE","EC","EE","SV","FI","FR","GR","GT","HN","HK","HU","IS","IE","IT","LV","LT","LU","MY","MT","MX","NL","NZ","NI","NO","PA","PY","PE","PH","PL","PT","SG","SK","ES","SE","CH","TW","TR","UY","US","GB","ID","JP","TH","VN","RO","IL","ZA","SA","AE","BH","QA","OM","KW","EG","MA","DZ","TN","LB","JO","PS","IN","UA","AL","BA","HR","ME","MK","RS","SI","KR","LK","GH","KE","NG","TZ","UG","BW","BF","CV","CW","GM","GW","LS","LR","MW","ML","NA","NE","ST","SN","SC","SL","TT","BI","KH","CM","TD","KM","GQ","SZ","GA","GN","MR","RW","TG","ZW","BJ","MG","MU","MZ","AO","CI","DJ","ZM","CD","CG","IQ","LY","VE","ET","XK"],"disc_number":1,"duration_ms":353125,"explicit":false,"external_urls":{"spotify":"https://open.spotify.com/track/7GZCjBqyLMSXWo9BusrLMs"},"href":"https://api.spotify.com/v1/tracks/7GZCjBqyLMSXWo9BusrLMs","id":"7GZCjBqyLMSXWo9BusrLMs","name":"Kitne Door Kitne Paas - From \"Kitne Door Kitne Paas\"","preview_url":null,"track_number":9,"type":"track","uri":"spotify:track:7GZCjBqyLMSXWo9BusrLMs","is_local":false},{"artists":[{"external_urls":{"spotify":"https://open.spotify.com/artist/70B80Lwx2sxti0M1Ng9e8K"},"href":"https://api.spotify.com/v1/artists/70B80Lwx2sxti0M1Ng9e8K","id":"70B80Lwx2sxti0M1Ng9e8K","name":"Udit Narayan","type":"artist","uri":"spotify:artist:70B80Lwx2sxti0M1Ng9e8K"},{"external_urls":{"spotify":"https://open.spotify.com/artist/5as8A4G47Ohu9NSWs3Je8U"},"href":"https://api.spotify.com/v1/artists/5as8A4G47Ohu9NSWs3Je8U","id":"5as8A4G47Ohu9NSWs3Je8U","name":"Asha Bhosle","type":"artist","uri":"spotify:artist:5as8A4G47Ohu9NSWs3Je8U"}],"available_markets":["AR","AU","AT","BE","BO","BR","BG","CA","CL","CO","CR","CY","CZ","DK","DO","DE","EC","EE","SV","FI","FR","GR","GT","HN","HK","HU","IS","IE","IT","LV","LT","LU","MY","MT","MX","NL","NZ","NI","NO","PA","PY","PE","PH","PL","PT","SG","SK","ES","SE","CH","TW","TR","UY","US","GB","ID","JP","TH","VN","RO","IL","ZA","SA","AE","BH","QA","OM","KW","EG","MA","DZ","TN","LB","JO","PS","IN","UA","AL","BA","HR","ME","MK","RS","SI","KR","LK","GH","KE","NG","TZ","UG","BW","BF","CV","CW","GM","GW","LS","LR","MW","ML","NA","NE","ST","SN","SC","SL","TT","BI","KH","CM","TD","KM","GQ","SZ","GA","GN","MR","RW","TG","ZW","BJ","MG","MU","MZ","AO","CI","DJ","ZM","CD","CG","IQ","LY","VE","ET","XK"],"disc_number":1,"duration_ms":332680,"explicit":false,"external_urls":{"spotify":"https://open.spotify.com/track/2JwUgq2SnZN2IuSUyDEuya"},"href":"https://api.spotify.com/v1/tracks/2JwUgq2SnZN2IuSUyDEuya","id":"2JwUgq2SnZN2IuSUyDEuya","name":"Ek Ladke Pe Aa Gaya Hai - Inth Ka Jawab Patthar / Soundtrack Version","preview_url":null,"track_number":10,"type":"track","uri":"spotify:track:2JwUgq2SnZN2IuSUyDEuya","is_local":false},{"artists":[{"external_urls":{"spotify":"https://open.spotify.com/artist/70B80Lwx2sxti0M1Ng9e8K"},"href":"https://api.spotify.com/v1/artists/70B80Lwx2sxti0M1Ng9e8K","id":"70B80Lwx2sxti0M1Ng9e8K","name":"Udit Narayan","type":"artist","uri":"spotify:artist:70B80Lwx2sxti0M1Ng9e8K"}],"available_markets":["AR","AU","AT","BE","BO","BR","BG","CA","CL","CO","CR","CY","CZ","DK","DO","DE","EC","EE","SV","FI","FR","GR","GT","HN","HK","HU","IS","IE","IT","LV","LT","LU","MY","MT","MX","NL","NZ","NI","NO","PA","PY","PE","PH","PL","PT","SG","SK","ES","SE","CH","TW","TR","UY","US","GB","ID","JP","TH","VN","RO","IL","ZA","SA","AE","BH","QA","OM","KW","EG","MA","DZ","TN","LB","JO","PS","IN","UA","AL","BA","HR","ME","MK","RS","SI","KR","LK","GH","KE","NG","TZ","UG","BW","BF","CV","CW","GM","GW","LS","LR","MW","ML","NA","NE","ST","SN","SC","SL","TT","BI","KH","CM","TD","KM","GQ","SZ","GA","GN","MR","RW","TG","ZW","BJ","MG","MU","MZ","AO","CI","DJ","ZM","CD","CG","IQ","LY","VE","ET","XK"],"disc_number":1,"duration_ms":313560,"explicit":false,"external_urls":{"spotify":"https://open.spotify.com/track/5EX1m8zlWxZa3zSh1VgmFi"},"href":"https://api.spotify.com/v1/tracks/5EX1m8zlWxZa3zSh1VgmFi","id":"5EX1m8zlWxZa3zSh1VgmFi","name":"Jana Suno Hum Tumpe Marte Hai - From \"Khamoshi - The Musical\"","preview_url":null,"track_number":11,"type":"track","uri":"spotify:track:5EX1m8zlWxZa3zSh1VgmFi","is_local":false},{"artists":[{"external_urls":{"spotify":"https://open.spotify.com/artist/70B80Lwx2sxti0M1Ng9e8K"},"href":"https://api.spotify.com/v1/artists/70B80Lwx2sxti0M1Ng9e8K","id":"70B80Lwx2sxti0M1Ng9e8K","name":"Udit Narayan","type":"artist","uri":"spotify:artist:70B80Lwx2sxti0M1Ng9e8K"},{"external_urls":{"spotify":"https://open.spotify.com/artist/6lpXKoHUzxZc5PwyS6cu4C"},"href":"https://api.spotify.com/v1/artists/6lpXKoHUzxZc5PwyS6cu4C","id":"6lpXKoHUzxZc5PwyS6cu4C","name":"Poornima","type":"artist","uri":"spotify:artist:6lpXKoHUzxZc5PwyS6cu4C"}],"available_markets":["AR","AU","AT","BE","BO","BR","BG","CA","CL","CO","CR","CY","CZ","DK","DO","DE","EC","EE","SV","FI","FR","GR","GT","HN","HK","HU","IS","IE","IT","LV","LT","LU","MY","MT","MX","NL","NZ","NI","NO","PA","PY","PE","PH","PL","PT","SG","SK","ES","SE","CH","TW","TR","UY","US","GB","ID","JP","TH","VN","RO","IL","ZA","SA","AE","BH","QA","OM","KW","EG","MA","DZ","TN","LB","JO","PS","IN","UA","AL","BA","HR","ME","MK","RS","SI","KR","LK","GH","KE","NG","TZ","UG","BW","BF","CV","CW","GM","GW","LS","LR","MW","ML","NA","NE","ST","SN","SC","SL","TT","BI","KH","CM","TD","KM","GQ","SZ","GA","GN","MR","RW","TG","ZW","BJ","MG","MU","MZ","AO","CI","DJ","ZM","CD","CG","IQ","LY","VE","ET","XK"],"disc_number":1,"duration_ms":302733,"explicit":false,"external_urls":{"spotify":"https://open.spotify.com/track/2quZfLH6GWTn5PJRAULoAb"},"href":"https://api.spotify.com/v1/tracks/2quZfLH6GWTn5PJRAULoAb","id":"2quZfLH6GWTn5PJRAULoAb","name":"Sone Jaisa Roop Hai - Deewana Hoon Pagal Nahin / Soundtrack Version","preview_url":null,"track_number":12,"type":"track","uri":"spotify:track:2quZfLH6GWTn5PJRAULoAb","is_local":false},{"artists":[{"external_urls":{"spotify":"https://open.spotify.com/artist/70B80Lwx2sxti0M1Ng9e8K"},"href":"https://api.spotify.com/v1/artists/70B80Lwx2sxti0M1Ng9e8K","id":"70B80Lwx2sxti0M1Ng9e8K","name":"Udit Narayan","type":"artist","uri":"spotify:artist:70B80Lwx2sxti0M1Ng9e8K"},{"external_urls":{"spotify":"https://open.spotify.com/artist/7guD32ltIhsA1tHdf7IVe0"},"href":"https://api.spotify.com/v1/artists/7guD32ltIhsA1tHdf7IVe0","id":"7guD32ltIhsA1tHdf7IVe0","name":"Babul Supriyo","type":"artist","uri":"spotify:artist:7guD32ltIhsA1tHdf7IVe0"},{"external_urls":{"spotify":"https://open.spotify.com/artist/3eDT9fwXKuHWFvgZaaYC5v"},"href":"https://api.spotify.com/v1/artists/3eDT9fwXKuHWFvgZaaYC5v","id":"3eDT9fwXKuHWFvgZaaYC5v","name":"Sunidhi Chauhan","type":"artist","uri":"spotify:artist:3eDT9fwXKuHWFvgZaaYC5v"}],"available_markets":["AR","AU","AT","BE","BO","BR","BG","CA","CL","CO","CR","CY","CZ","DK","DO","DE","EC","EE","SV","FI","FR","GR","GT","HN","HK","HU","IS","IE","IT","LV","LT","LU","MY","MT","MX","NL","NZ","NI","NO","PA","PY","PE","PH","PL","PT","SG","SK","ES","SE","CH","TW","TR","UY","US","GB","ID","JP","TH","VN","RO","IL","ZA","SA","AE","BH","QA","OM","KW","EG","MA","DZ","TN","LB","JO","PS","IN","UA","AL","BA","HR","ME","MK","RS","SI","KR","LK","GH","KE","NG","TZ","UG","BW","BF","CV","CW","GM","GW","LS","LR","MW","ML","NA","NE","ST","SN","SC","SL","TT","BI","KH","CM","TD","KM","GQ","SZ","GA","GN","MR","RW","TG","ZW","BJ","MG","MU","MZ","AO","CI","DJ","ZM","CD","CG","IQ","LY","VE","ET","XK"],"disc_number":1,"duration_ms":282431,"explicit":false,"external_urls":{"spotify":"https://open.spotify.com/track/70FGySA81QaCzP465O3uQj"},"href":"https://api.spotify.com/v1/tracks/70FGySA81QaCzP465O3uQj","id":"70FGySA81QaCzP465O3uQj","name":"Style Nasha Tera - From \"Aamdani Atthanni Kharcha Rupaiya\"","preview_url":null,"track_number":13,"type":"track","uri":"spotify:track:70FGySA81QaCzP465O3uQj","is_local":false},{"artists":[{"external_urls":{"spotify":"https://open.spotify.com/artist/70B80Lwx2sxti0M1Ng9e8K"},"href":"https://api.spotify.com/v1/artists/70B80Lwx2sxti0M1Ng9e8K","id":"70B80Lwx2sxti0M1Ng9e8K","name":"Udit Narayan","type":"artist","uri":"spotify:artist:70B80Lwx2sxti0M1Ng9e8K"}],"available_markets":["AR","AU","AT","BE","BO","BR","BG","CA","CL","CO","CR","CY","CZ","DK","DO","DE","EC","EE","SV","FI","FR","GR","GT","HN","HK","HU","IS","IE","IT","LV","LT","LU","MY","MT","MX","NL","NZ","NI","NO","PA","PY","PE","PH","PL","PT","SG","SK","ES","SE","CH","TW","TR","UY","US","GB","ID","JP","TH","VN","RO","IL","ZA","SA","AE","BH","QA","OM","KW","EG","MA","DZ","TN","LB","JO","PS","IN","UA","AL","BA","HR","ME","MK","RS","SI","KR","LK","GH","KE","NG","TZ","UG","BW","BF","CV","CW","GM","GW","LS","LR","MW","ML","NA","NE","ST","SN","SC","SL","TT","BI","KH","CM","TD","KM","GQ","SZ","GA","GN","MR","RW","TG","ZW","BJ","MG","MU","MZ","AO","CI","DJ","ZM","CD","CG","IQ","LY","VE","ET","XK"],"disc_number":1,"duration_ms":230121,"explicit":false,"external_urls":{"spotify":"https://open.spotify.com/track/2iovhDixLek9Y4YNxbvk0X"},"href":"https://api.spotify.com/v1/tracks/2iovhDixLek9Y4YNxbvk0X","id":"2iovhDixLek9Y4YNxbvk0X","name":"Aisa Kyon - From \"Aisa Kyon\"","preview_url":null,"track_number":14,"type":"track","uri":"spotify:track:2iovhDixLek9Y4YNxbvk0X","is_local":false},{"artists":[{"external_urls":{"spotify":"https://open.spotify.com/artist/70B80Lwx2sxti0M1Ng9e8K"},"href":"https://api.spotify.com/v1/artists/70B80Lwx2sxti0M1Ng9e8K","id":"70B80Lwx2sxti0M1Ng9e8K","name":"Udit Narayan","type":"artist","uri":"spotify:artist:70B80Lwx2sxti0M1Ng9e8K"}],"available_markets":["AR","AU","AT","BE","BO","BR","BG","CA","CL","CO","CR","CY","CZ","DK","DO","DE","EC","EE","SV","FI","FR","GR","GT","HN","HK","HU","IS","IE","IT","LV","LT","LU","MY","MT","MX","NL","NZ","NI","NO","PA","PY","PE","PH","PL","PT","SG","SK","ES","SE","CH","TW","TR","UY","US","GB","ID","JP","TH","VN","RO","IL","ZA","SA","AE","BH","QA","OM","KW","EG","MA","DZ","TN","LB","JO","PS","IN","UA","AL","BA","HR","ME","MK","RS","SI","KR","LK","GH","KE","NG","TZ","UG","BW","BF","CV","CW","GM","GW","LS","LR","MW","ML","NA","NE","ST","SN","SC","SL","TT","BI","KH","CM","TD","KM","GQ","SZ","GA","GN","MR","RW","TG","ZW","BJ","MG","MU","MZ","AO","CI","DJ","ZM","CD","CG","IQ","LY","VE","ET","XK"],"disc_number":1,"duration_ms":411333,"explicit":false,"external_urls":{"spotify":"https://open.spotify.com/track/0EC3Rd0IJn346a9oH9nc51"},"href":"https://api.spotify.com/v1/tracks/0EC3Rd0IJn346a9oH9nc51","id":"0EC3Rd0IJn346a9oH9nc51","name":"Badhaai Ho Badhaai - Badhaai Ho Badhaai / Soundtrack Version","preview_url":null,"track_number":15,"type":"track","uri":"spotify:track:0EC3Rd0IJn346a9oH9nc51","is_local":false},{"artists":[{"external_urls":{"spotify":"https://open.spotify.com/artist/70B80Lwx2sxti0M1Ng9e8K"},"href":"https://api.spotify.com/v1/artists/70B80Lwx2sxti0M1Ng9e8K","id":"70B80Lwx2sxti0M1Ng9e8K","name":"Udit Narayan","type":"artist","uri":"spotify:artist:70B80Lwx2sxti0M1Ng9e8K"},{"external_urls":{"spotify":"https://open.spotify.com/artist/5cB4d4jPYjMT326sjihQ4m"},"href":"https://api.spotify.com/v1/artists/5cB4d4jPYjMT326sjihQ4m","id":"5cB4d4jPYjMT326sjihQ4m","name":"Shaan","type":"artist","uri":"spotify:artist:5cB4d4jPYjMT326sjihQ4m"},{"external_urls":{"spotify":"https://open.spotify.com/artist/4rnZuhwnklBG6MvcLIjEfd"},"href":"https://api.spotify.com/v1/artists/4rnZuhwnklBG6MvcLIjEfd","id":"4rnZuhwnklBG6MvcLIjEfd","name":"Johnny Lever","type":"artist","uri":"spotify:artist:4rnZuhwnklBG6MvcLIjEfd"}],"available_markets":["AR","AU","AT","BE","BO","BR","BG","CA","CL","CO","CR","CY","CZ","DK","DO","DE","EC","EE","SV","FI","FR","GR","GT","HN","HK","HU","IS","IE","IT","LV","LT","LU","MY","MT","MX","NL","NZ","NI","NO","PA","PY","PE","PH","PL","PT","SG","SK","ES","SE","CH","TW","TR","UY","US","GB","ID","JP","TH","VN","RO","IL","ZA","SA","AE","BH","QA","OM","KW","EG","MA","DZ","TN","LB","JO","PS","IN","UA","AL","BA","HR","ME","MK","RS","SI","KR","LK","GH","KE","NG","TZ","UG","BW","BF","CV","CW","GM","GW","LS","LR","MW","ML","NA","NE","ST","SN","SC","SL","TT","BI","KH","CM","TD","KM","GQ","SZ","GA","GN","MR","RW","TG","ZW","BJ","MG","MU","MZ","AO","CI","DJ","ZM","CD","CG","IQ","LY","VE","ET","XK"],"disc_number":1,"duration_ms":370786,"explicit":false,"external_urls":{"spotify":"https://open.spotify.com/track/17xcHcrKMLeNOZYr5J4C4r"},"href":"https://api.spotify.com/v1/tracks/17xcHcrKMLeNOZYr5J4C4r","id":"17xcHcrKMLeNOZYr5J4C4r","name":"Aamdani Atthanni - Aamdani Atthanni Kharcha Rupaiya / Soundtrack Version","preview_url":null,"track_number":16,"type":"track","uri":"spotify:track:17xcHcrKMLeNOZYr5J4C4r","is_local":false},{"artists":[{"external_urls":{"spotify":"https://open.spotify.com/artist/70B80Lwx2sxti0M1Ng9e8K"},"href":"https://api.spotify.com/v1/artists/70B80Lwx2sxti0M1Ng9e8K","id":"70B80Lwx2sxti0M1Ng9e8K","name":"Udit Narayan","type":"artist","uri":"spotify:artist:70B80Lwx2sxti0M1Ng9e8K"},{"external_urls":{"spotify":"https://open.spotify.com/artist/3gBKY0y3dFFVRqicLnVZYz"},"href":"https://api.spotify.com/v1/artists/3gBKY0y3dFFVRqicLnVZYz","id":"3gBKY0y3dFFVRqicLnVZYz","name":"Alka Yagnik","type":"artist","uri":"spotify:artist:3gBKY0y3dFFVRqicLnVZYz"}],"available_markets":["AR","AU","AT","BE","BO","BR","BG","CA","CL","CO","CR","CY","CZ","DK","DO","DE","EC","EE","SV","FI","FR","GR","GT","HN","HK","HU","IS","IE","IT","LV","LT","LU","MY","MT","MX","NL","NZ","NI","NO","PA","PY","PE","PH","PL","PT","SG","SK","ES","SE","CH","TW","TR","UY","US","GB","ID","JP","TH","VN","RO","IL","ZA","SA","AE","BH","QA","OM","KW","EG","MA","DZ","TN","LB","JO","PS","IN","UA","AL","BA","HR","ME","MK","RS","SI","KR","LK","GH","KE","NG","TZ","UG","BW","BF","CV","CW","GM","GW","LS","LR","MW","ML","NA","NE","ST","SN","SC","SL","TT","BI","KH","CM","TD","KM","GQ","SZ","GA","GN","MR","RW","TG","ZW","BJ","MG","MU","MZ","AO","CI","DJ","ZM","CD","CG","IQ","LY","VE","ET","XK"],"disc_number":1,"duration_ms":327942,"explicit":false,"external_urls":{"spotify":"https://open.spotify.com/track/2V93YwAihWFPi9Qa1qArFa"},"href":"https://api.spotify.com/v1/tracks/2V93YwAihWFPi9Qa1qArFa","id":"2V93YwAihWFPi9Qa1qArFa","name":"Chudi Khankayi Re - From \"Yeh Hai Jalwa\"","preview_url":null,"track_number":17,"type":"track","uri":"spotify:track:2V93YwAihWFPi9Qa1qArFa","is_local":false},{"artists":[{"external_urls":{"spotify":"https://open.spotify.com/artist/70B80Lwx2sxti0M1Ng9e8K"},"href":"https://api.spotify.com/v1/artists/70B80Lwx2sxti0M1Ng9e8K","id":"70B80Lwx2sxti0M1Ng9e8K","name":"Udit Narayan","type":"artist","uri":"spotify:artist:70B80Lwx2sxti0M1Ng9e8K"},{"external_urls":{"spotify":"https://open.spotify.com/artist/3gBKY0y3dFFVRqicLnVZYz"},"href":"https://api.spotify.com/v1/artists/3gBKY0y3dFFVRqicLnVZYz","id":"3gBKY0y3dFFVRqicLnVZYz","name":"Alka Yagnik","type":"artist","uri":"spotify:artist:3gBKY0y3dFFVRqicLnVZYz"}],"available_markets":["AR","AU","AT","BE","BO","BR","BG","CA","CL","CO","CR","CY","CZ","DK","DO","DE","EC","EE","SV","FI","FR","GR","GT","HN","HK","HU","IS","IE","IT","LV","LT","LU","MY","MT","MX","NL","NZ","NI","NO","PA","PY","PE","PH","PL","PT","SG","SK","ES","SE","CH","TW","TR","UY","US","GB","ID","JP","TH","VN","RO","IL","ZA","SA","AE","BH","QA","OM","KW","EG","MA","DZ","TN","LB","JO","PS","IN","UA","AL","BA","HR","ME","MK","RS","SI","KR","LK","GH","KE","NG","TZ","UG","BW","BF","CV","CW","GM","GW","LS","LR","MW","ML","NA","NE","ST","SN","SC","SL","TT","BI","KH","CM","TD","KM","GQ","SZ","GA","GN","MR","RW","TG","ZW","BJ","MG","MU","MZ","AO","CI","DJ","ZM","CD","CG","IQ","LY","VE","ET","XK"],"disc_number":1,"duration_ms":268972,"explicit":false,"external_urls":{"spotify":"https://open.spotify.com/track/3V3BTu3sF872XCLhRfFYWa"},"href":"https://api.spotify.com/v1/tracks/3V3BTu3sF872XCLhRfFYWa","id":"3V3BTu3sF872XCLhRfFYWa","name":"Mujhe Teri Nazarne - Waah..! Tera Kya Kehna / OST","preview_url":null,"track_number":18,"type":"track","uri":"spotify:track:3V3BTu3sF872XCLhRfFYWa","is_local":false},{"artists":[{"external_urls":{"spotify":"https://open.spotify.com/artist/70B80Lwx2sxti0M1Ng9e8K"},"href":"https://api.spotify.com/v1/artists/70B80Lwx2sxti0M1Ng9e8K","id":"70B80Lwx2sxti0M1Ng9e8K","name":"Udit Narayan","type":"artist","uri":"spotify:artist:70B80Lwx2sxti0M1Ng9e8K"},{"external_urls":{"spotify":"https://open.spotify.com/artist/0Yb0T3wUUNiIvHjqnfkbuH"},"href":"https://api.spotify.com/v1/artists/0Yb0T3wUUNiIvHjqnfkbuH","id":"0Yb0T3wUUNiIvHjqnfkbuH","name":"Mahalakshmi Iyer","type":"artist","uri":"spotify:artist:0Yb0T3wUUNiIvHjqnfkbuH"}],"available_markets":["AR","AU","AT","BE","BO","BR","BG","CA","CL","CO","CR","CY","CZ","DK","DO","DE","EC","EE","SV","FI","FR","GR","GT","HN","HK","HU","IS","IE","IT","LV","LT","LU","MY","MT","MX","NL","NZ","NI","NO","PA","PY","PE","PH","PL","PT","SG","SK","ES","SE","CH","TW","TR","UY","US","GB","ID","JP","TH","VN","RO","IL","ZA","SA","AE","BH","QA","OM","KW","EG","MA","DZ","TN","LB","JO","PS","IN","UA","AL","BA","HR","ME","MK","RS","SI","KR","LK","GH","KE","NG","TZ","UG","BW","BF","CV","CW","GM","GW","LS","LR","MW","ML","NA","NE","ST","SN","SC","SL","TT","BI","KH","CM","TD","KM","GQ","SZ","GA","GN","MR","RW","TG","ZW","BJ","MG","MU","MZ","AO","CI","DJ","ZM","CD","CG","IQ","LY","VE","ET","XK"],"disc_number":1,"duration_ms":260733,"explicit":false,"external_urls":{"spotify":"https://open.spotify.com/track/5eCnr6stwrH5jCxnkplnCI"},"href":"https://api.spotify.com/v1/tracks/5eCnr6stwrH5jCxnkplnCI","id":"5eCnr6stwrH5jCxnkplnCI","name":"Tum Kaho To - Shaadi Ka Laddoo / Soundtrack Version","preview_url":null,"track_number":19,"type":"track","uri":"spotify:track:5eCnr6stwrH5jCxnkplnCI","is_local":false},{"artists":[{"external_urls":{"spotify":"https://open.spotify.com/artist/70B80Lwx2sxti0M1Ng9e8K"},"href":"https://api.spotify.com/v1/artists/70B80Lwx2sxti0M1Ng9e8K","id":"70B80Lwx2sxti0M1Ng9e8K","name":"Udit Narayan","type":"artist","uri":"spotify:artist:70B80Lwx2sxti0M1Ng9e8K"},{"external_urls":{"spotify":"https://open.spotify.com/artist/5as8A4G47Ohu9NSWs3Je8U"},"href":"https://api.spotify.com/v1/artists/5as8A4G47Ohu9NSWs3Je8U","id":"5as8A4G47Ohu9NSWs3Je8U","name":"Asha Bhosle","type":"artist","uri":"spotify:artist:5as8A4G47Ohu9NSWs3Je8U"}],"available_markets":["AR","AU","AT","BE","BO","BR","BG","CA","CL","CO","CR","CY","CZ","DK","DO","DE","EC","EE","SV","FI","FR","GR","GT","HN","HK","HU","IS","IE","IT","LV","LT","LU","MY","MT","MX","NL","NZ","NI","NO","PA","PY","PE","PH","PL","PT","SG","SK","ES","SE","CH","TW","TR","UY","US","GB","ID","JP","TH","VN","RO","IL","ZA","SA","AE","BH","QA","OM","KW","EG","MA","DZ","TN","LB","JO","PS","IN","UA","AL","BA","HR","ME","MK","RS","SI","KR","LK","GH","KE","NG","TZ","UG","BW","BF","CV","CW","GM","GW","LS","LR","MW","ML","NA","NE","ST","SN","SC","SL","TT","BI","KH","CM","TD","KM","GQ","SZ","GA","GN","MR","RW","TG","ZW","BJ","MG","MU","MZ","AO","CI","DJ","ZM","CD","CG","IQ","LY","VE","ET","XK"],"disc_number":1,"duration_ms":342920,"explicit":false,"external_urls":{"spotify":"https://open.spotify.com/track/7h5i8V9bfUdCZ412yzpUKY"},"href":"https://api.spotify.com/v1/tracks/7h5i8V9bfUdCZ412yzpUKY","id":"7h5i8V9bfUdCZ412yzpUKY","name":"Rajai Odh Ke - Inth Ka Jawab Patthar / Soundtrack Version","preview_url":null,"track_number":20,"type":"track","uri":"spotify:track:7h5i8V9bfUdCZ412yzpUKY","is_local":false},{"artists":[{"external_urls":{"spotify":"https://open.spotify.com/artist/3gBKY0y3dFFVRqicLnVZYz"},"href":"https://api.spotify.com/v1/artists/3gBKY0y3dFFVRqicLnVZYz","id":"3gBKY0y3dFFVRqicLnVZYz","name":"Alka Yagnik","type":"artist","uri":"spotify:artist:3gBKY0y3dFFVRqicLnVZYz"},{"external_urls":{"spotify":"https://open.spotify.com/artist/70B80Lwx2sxti0M1Ng9e8K"},"href":"https://api.spotify.com/v1/artists/70B80Lwx2sxti0M1Ng9e8K","id":"70B80Lwx2sxti0M1Ng9e8K","name":"Udit Narayan","type":"artist","uri":"spotify:artist:70B80Lwx2sxti0M1Ng9e8K"}],"available_markets":["AR","AU","AT","BE","BO","BR","BG","CA","CL","CO","CR","CY","CZ","DK","DO","DE","EC","EE","SV","FI","FR","GR","GT","HN","HK","HU","IS","IE","IT","LV","LT","LU","MY","MT","MX","NL","NZ","NI","NO","PA","PY","PE","PH","PL","PT","SG","SK","ES","SE","CH","TW","TR","UY","US","GB","ID","JP","TH","VN","RO","IL","ZA","SA","AE","BH","QA","OM","KW","EG","MA","DZ","TN","LB","JO","PS","IN","UA","AL","BA","HR","ME","MK","RS","SI","KR","LK","GH","KE","NG","TZ","UG","BW","BF","CV","CW","GM","GW","LS","LR","MW","ML","NA","NE","ST","SN","SC","SL","TT","BI","KH","CM","TD","KM","GQ","SZ","GA","GN","MR","RW","TG","ZW","BJ","MG","MU","MZ","AO","CI","DJ","ZM","CD","CG","IQ","LY","VE","ET","XK"],"disc_number":1,"duration_ms":280986,"explicit":false,"external_urls":{"spotify":"https://open.spotify.com/track/0veb8GZd7AOcTtQ8XDAYsV"},"href":"https://api.spotify.com/v1/tracks/0veb8GZd7AOcTtQ8XDAYsV","id":"0veb8GZd7AOcTtQ8XDAYsV","name":"Kuchh Hamare Hai - Pyaar Koi Khel Nahin / Soundtrack Version","preview_url":null,"track_number":21,"type":"track","uri":"spotify:track:0veb8GZd7AOcTtQ8XDAYsV","is_local":false}]},"copyrights":[{"text":"© 2024 UMG Recordings, Inc.","type":"C"},{"text":"℗ 2024 UMG Recordings, Inc. FP","type":"P"}],"external_ids":{"upc":"00602475631798"},"genres":[],"label":"UME - Global Clearing House","popularity":33}}],"limit":20,"next":null,"offset":0,"previous":null,"total":5}
]]></system-out>
  </testcase>
  <testcase name="saveAlbumForUser" classname="webAPI.TestAlbum" time="1.452">
    <system-out><![CDATA[04:07:26.655 [main] INFO core.OutputLog -- >>> saveAlbumForUserexecution has been started.
>>> User Request Specification
Under if condition
>>> Access Token Specification
>>>> ResponseBody : {"access_token":"BQB8FBEqqmcswjM2sdd8tEriKzOruvByCLEY0vCiZ3FxktGaLNt8sWuVfKuhIvC-JbWWNZo5SA7gp07UgVhTm2ssdotRqxwagdwEU_D4lW2vTR7DlDXqBs0dER5PTQ--tihmwuAmVLe8XSz6SSE3LDnIAMxUuflJv1qngsy-1xkAZcY0qRK4GuTKvgbk7q9Dz85c4WnuY2QJ2W-ASbdBT9PiPHDke_9E1wO3-g","token_type":"Bearer","expires_in":3600,"scope":"user-library-read user-library-modify"}
### : BQCMC5kZ-UH7bu_5YpQ55dzzDohBbN6m7p6SwAkvp2QJEihmmMhpURBC8fpCTWR9hThXl0AkN5yOYdB0Fsvfx3sMGJBpLxVjXtPxn7nIlpNR21iPaysiOiPskc9RWOlcNxEQeehQ7NIVgrZrbiUUzLHu4zBSDNNIO24LaXjqZpIAy_f5jYg9D6XCDXh8cmCPTJThegz5uByeXgElguCNH_ATkN9o4S3f8_feSA
04:07:27.906 [main] INFO core.OutputLog -- >>> Executing getArtist
>>> User Request Specification
ArtistResponse : {"external_urls":{"spotify":"https://open.spotify.com/artist/70B80Lwx2sxti0M1Ng9e8K"},"followers":{"href":null,"total":16948185},"genres":["chutney","filmi","odia pop"],"href":"https://api.spotify.com/v1/artists/70B80Lwx2sxti0M1Ng9e8K","id":"70B80Lwx2sxti0M1Ng9e8K","images":[{"url":"https://i.scdn.co/image/ab6761610000e5eb8de0e6e7e55d7773931ab7f4","height":640,"width":640},{"url":"https://i.scdn.co/image/ab676161000051748de0e6e7e55d7773931ab7f4","height":320,"width":320},{"url":"https://i.scdn.co/image/ab6761610000f1788de0e6e7e55d7773931ab7f4","height":160,"width":160}],"name":"Udit Narayan","popularity":81,"type":"artist","uri":"spotify:artist:70B80Lwx2sxti0M1Ng9e8K"}
04:07:28.115 [main] INFO core.OutputLog -- >>> Executed
]]></system-out>
  </testcase>
  <testcase name="removeAlbumForUser" classname="webAPI.TestAlbum" time="0.587">
    <system-out><![CDATA[04:07:28.118 [main] INFO core.OutputLog -- >>> removeAlbumForUserexecution has been started.
>>> User Request Specification
Under if condition
>>> Access Token Specification
>>>> ResponseBody : {"access_token":"BQDd4htms3WGeX-s-SEbfeRTrk3sP8yNW_gkgnRlUJDrXl_x8MNqFTBAYh0a1HnK-7m-oY2VNmIc2KEA2w3xU3bwz-jub8ftOogp_WEBSSAnjhD62I5mttPoUbrghKKLBmUHxwMUevYCMueWFWrRWG8rICStpUo7pgN5KuDvNR9kciQ9ZXW58e2ZD2l5MNujaqRzlIh72k2WAO1L6_WU5hvjuGh_SCFZWA6R3Q","token_type":"Bearer","expires_in":3600,"scope":"user-library-read user-library-modify"}
### : BQCMC5kZ-UH7bu_5YpQ55dzzDohBbN6m7p6SwAkvp2QJEihmmMhpURBC8fpCTWR9hThXl0AkN5yOYdB0Fsvfx3sMGJBpLxVjXtPxn7nIlpNR21iPaysiOiPskc9RWOlcNxEQeehQ7NIVgrZrbiUUzLHu4zBSDNNIO24LaXjqZpIAy_f5jYg9D6XCDXh8cmCPTJThegz5uByeXgElguCNH_ATkN9o4S3f8_feSA
04:07:28.508 [main] INFO core.OutputLog -- >>> Executing getArtist
>>> User Request Specification
ArtistResponse : {"external_urls":{"spotify":"https://open.spotify.com/artist/70B80Lwx2sxti0M1Ng9e8K"},"followers":{"href":null,"total":16948185},"genres":["chutney","filmi","odia pop"],"href":"https://api.spotify.com/v1/artists/70B80Lwx2sxti0M1Ng9e8K","id":"70B80Lwx2sxti0M1Ng9e8K","images":[{"url":"https://i.scdn.co/image/ab6761610000e5eb8de0e6e7e55d7773931ab7f4","height":640,"width":640},{"url":"https://i.scdn.co/image/ab676161000051748de0e6e7e55d7773931ab7f4","height":320,"width":320},{"url":"https://i.scdn.co/image/ab6761610000f1788de0e6e7e55d7773931ab7f4","height":160,"width":160}],"name":"Udit Narayan","popularity":81,"type":"artist","uri":"spotify:artist:70B80Lwx2sxti0M1Ng9e8K"}
04:07:28.708 [main] INFO core.OutputLog -- >>> Executed
]]></system-out>
  </testcase>
  <testcase name="getNewRelease" classname="webAPI.TestAlbum" time="0.425">
    <system-out><![CDATA[04:07:28.711 [main] INFO core.OutputLog -- >>> getNewReleaseexecution has been started.
>>> User Request Specification
AlbumResponse : {"albums":{"href":"https://api.spotify.com/v1/browse/new-releases?offset=0&limit=20","items":[{"album_type":"album","artists":[{"external_urls":{"spotify":"https://open.spotify.com/artist/3qnGvpP8Yth1AqSBMqON5x"},"href":"https://api.spotify.com/v1/artists/3qnGvpP8Yth1AqSBMqON5x","id":"3qnGvpP8Yth1AqSBMqON5x","name":"Leon Bridges","type":"artist","uri":"spotify:artist:3qnGvpP8Yth1AqSBMqON5x"}],"available_markets":["AR","AU","AT","BE","BO","BR","BG","CA","CL","CO","CR","CY","CZ","DK","DO","DE","EC","EE","SV","FI","FR","GR","GT","HN","HK","HU","IS","IE","IT","LV","LT","LU","MY","MT","MX","NL","NZ","NI","NO","PA","PY","PE","PH","PL","PT","SG","SK","ES","SE","CH","TW","TR","UY","US","GB","AD","LI","MC","ID","JP","TH","VN","RO","IL","ZA","SA","AE","BH","QA","OM","KW","EG","MA","DZ","TN","LB","JO","PS","IN","BY","KZ","MD","UA","AL","BA","HR","ME","MK","RS","SI","KR","BD","PK","LK","GH","KE","NG","TZ","UG","AG","AM","BS","BB","BZ","BT","BW","BF","CV","CW","DM","FJ","GM","GE","GD","GW","GY","HT","JM","KI","LS","LR","MW","MV","ML","MH","FM","NA","NR","NE","PW","PG","PR","WS","SM","ST","SN","SC","SL","SB","KN","LC","VC","SR","TL","TO","TT","TV","VU","AZ","BN","BI","KH","CM","TD","KM","GQ","SZ","GA","GN","KG","LA","MO","MR","MN","NP","RW","TG","UZ","ZW","BJ","MG","MU","MZ","AO","CI","DJ","ZM","CD","CG","IQ","LY","TJ","VE","ET","XK"],"external_urls":{"spotify":"https://open.spotify.com/album/6mHNMtHrXIdUWWuZD9njsG"},"href":"https://api.spotify.com/v1/albums/6mHNMtHrXIdUWWuZD9njsG","id":"6mHNMtHrXIdUWWuZD9njsG","images":[{"height":300,"url":"https://i.scdn.co/image/ab67616d00001e02b7ac31cd8650b673ed24ea71","width":300},{"height":64,"url":"https://i.scdn.co/image/ab67616d00004851b7ac31cd8650b673ed24ea71","width":64},{"height":640,"url":"https://i.scdn.co/image/ab67616d0000b273b7ac31cd8650b673ed24ea71","width":640}],"name":"Leon","release_date":"2024-10-04","release_date_precision":"day","total_tracks":13,"type":"album","uri":"spotify:album:6mHNMtHrXIdUWWuZD9njsG"},{"album_type":"album","artists":[{"external_urls":{"spotify":"https://open.spotify.com/artist/6ygKuZFz2sRggPZRaLHVHD"},"href":"https://api.spotify.com/v1/artists/6ygKuZFz2sRggPZRaLHVHD","id":"6ygKuZFz2sRggPZRaLHVHD","name":"Aziz Hedra","type":"artist","uri":"spotify:artist:6ygKuZFz2sRggPZRaLHVHD"}],"available_markets":["AR","AU","AT","BE","BO","BR","BG","CA","CL","CO","CR","CY","CZ","DK","DO","DE","EC","EE","SV","FI","FR","GR","GT","HN","HK","HU","IS","IE","IT","LV","LT","LU","MY","MT","MX","NL","NZ","NI","NO","PA","PY","PE","PH","PL","PT","SG","SK","ES","SE","CH","TW","TR","UY","US","GB","AD","LI","MC","ID","JP","TH","VN","RO","IL","ZA","SA","AE","BH","QA","OM","KW","EG","MA","DZ","TN","LB","JO","PS","IN","BY","KZ","MD","UA","AL","BA","HR","ME","MK","RS","SI","KR","BD","PK","LK","GH","KE","NG","TZ","UG","AG","AM","BS","BB","BZ","BT","BW","BF","CV","CW","DM","FJ","GM","GE","GD","GW","GY","HT","JM","KI","LS","LR","MW","MV","ML","MH","FM","NA","NR","NE","PW","PG","PR","WS","SM","ST","SN","SC","SL","SB","KN","LC","VC","SR","TL","TO","TT","TV","VU","AZ","BN","BI","KH","CM","TD","KM","GQ","SZ","GA","GN","KG","LA","MO","MR","MN","NP","RW","TG","UZ","ZW","BJ","MG","MU","MZ","AO","CI","DJ","ZM","CD","CG","IQ","LY","TJ","VE","ET","XK"],"external_urls":{"spotify":"https://open.spotify.com/album/1ShrAiTDbq2soLmIpmIvd8"},"href":"https://api.spotify.com/v1/albums/1ShrAiTDbq2soLmIpmIvd8","id":"1ShrAiTDbq2soLmIpmIvd8","images":[{"height":300,"url":"https://i.scdn.co/image/ab67616d00001e02dfa72d72dd91d9b28dedf9e9","width":300},{"height":64,"url":"https://i.scdn.co/image/ab67616d00004851dfa72d72dd91d9b28dedf9e9","width":64},{"height":640,"url":"https://i.scdn.co/image/ab67616d0000b273dfa72d72dd91d9b28dedf9e9","width":640}],"name":"Lesson Learned","release_date":"2024-08-09","release_date_precision":"day","total_tracks":11,"type":"album","uri":"spotify:album:1ShrAiTDbq2soLmIpmIvd8"},{"album_type":"single","artists":[{"external_urls":{"spotify":"https://open.spotify.com/artist/0Vw76uk7P8yVtTClWyOhac"},"href":"https://api.spotify.com/v1/artists/0Vw76uk7P8yVtTClWyOhac","id":"0Vw76uk7P8yVtTClWyOhac","name":"HONNE","type":"artist","uri":"spotify:artist:0Vw76uk7P8yVtTClWyOhac"}],"available_markets":["HK","ID","JP","KH","KR","LA","MO","MY","PH","SG","TH","TW","VN"],"external_urls":{"spotify":"https://open.spotify.com/album/0pG2PLMMgxqjNDVnjITHrz"},"href":"https://api.spotify.com/v1/albums/0pG2PLMMgxqjNDVnjITHrz","id":"0pG2PLMMgxqjNDVnjITHrz","images":[{"height":300,"url":"https://i.scdn.co/image/ab67616d00001e02edd1c37f17b85f483255c6e8","width":300},{"height":64,"url":"https://i.scdn.co/image/ab67616d00004851edd1c37f17b85f483255c6e8","width":64},{"height":640,"url":"https://i.scdn.co/image/ab67616d0000b273edd1c37f17b85f483255c6e8","width":640}],"name":"Backseat Driver","release_date":"2024-07-12","release_date_precision":"day","total_tracks":4,"type":"album","uri":"spotify:album:0pG2PLMMgxqjNDVnjITHrz"},{"album_type":"album","artists":[{"external_urls":{"spotify":"https://open.spotify.com/artist/57okaLdCtv3nVBSn5otJkp"},"href":"https://api.spotify.com/v1/artists/57okaLdCtv3nVBSn5otJkp","id":"57okaLdCtv3nVBSn5otJkp","name":"HYUKOH","type":"artist","uri":"spotify:artist:57okaLdCtv3nVBSn5otJkp"},{"external_urls":{"spotify":"https://open.spotify.com/artist/7BqRcZsHYYQeqMAOp7e532"},"href":"https://api.spotify.com/v1/artists/7BqRcZsHYYQeqMAOp7e532","id":"7BqRcZsHYYQeqMAOp7e532","name":"落日飛車 Sunset Rollercoaster","type":"artist","uri":"spotify:artist:7BqRcZsHYYQeqMAOp7e532"}],"available_markets":["AR","AU","AT","BE","BO","BR","BG","CA","CL","CO","CR","CY","CZ","DK","DO","DE","EC","EE","SV","FI","FR","GR","GT","HN","HK","HU","IS","IE","IT","LV","LT","LU","MY","MT","MX","NL","NZ","NI","NO","PA","PY","PE","PH","PL","PT","SG","SK","ES","SE","CH","TR","UY","US","GB","AD","LI","MC","ID","JP","TH","VN","RO","IL","ZA","SA","AE","BH","QA","OM","KW","EG","MA","DZ","TN","LB","JO","PS","IN","BY","KZ","MD","UA","AL","BA","HR","ME","MK","RS","SI","KR","BD","PK","LK","GH","KE","NG","TZ","UG","AG","AM","BS","BB","BZ","BT","BW","BF","CV","CW","DM","FJ","GM","GE","GD","GW","GY","HT","JM","KI","LS","LR","MW","MV","ML","MH","FM","NA","NR","NE","PW","PG","PR","WS","SM","ST","SN","SC","SL","SB","KN","LC","VC","SR","TL","TO","TT","TV","VU","AZ","BN","BI","KH","CM","TD","KM","GQ","SZ","GA","GN","KG","LA","MO","MR","MN","NP","RW","TG","UZ","ZW","BJ","MG","MU","MZ","AO","CI","DJ","ZM","CD","CG","IQ","LY","TJ","VE","ET","XK"],"external_urls":{"spotify":"https://open.spotify.com/album/1tEu6qNPURb0YfjaRDK23w"},"href":"https://api.spotify.com/v1/albums/1tEu6qNPURb0YfjaRDK23w","id":"1tEu6qNPURb0YfjaRDK23w","images":[{"height":300,"url":"https://i.scdn.co/image/ab67616d00001e028c20a529bcd2c5e7367d7f3a","width":300},{"height":64,"url":"https://i.scdn.co/image/ab67616d000048518c20a529bcd2c5e7367d7f3a","width":64},{"height":640,"url":"https://i.scdn.co/image/ab67616d0000b2738c20a529bcd2c5e7367d7f3a","width":640}],"name":"AAA","release_date":"2024-07-10","release_date_precision":"day","total_tracks":8,"type":"album","uri":"spotify:album:1tEu6qNPURb0YfjaRDK23w"},{"album_type":"single","artists":[{"external_urls":{"spotify":"https://open.spotify.com/artist/11kt6ggsdxvI8MhyeSMKom"},"href":"https://api.spotify.com/v1/artists/11kt6ggsdxvI8MhyeSMKom","id":"11kt6ggsdxvI8MhyeSMKom","name":"CYRIL","type":"artist","uri":"spotify:artist:11kt6ggsdxvI8MhyeSMKom"},{"external_urls":{"spotify":"https://open.spotify.com/artist/3QSQFmccmX81fWCUSPTS7y"},"href":"https://api.spotify.com/v1/artists/3QSQFmccmX81fWCUSPTS7y","id":"3QSQFmccmX81fWCUSPTS7y","name":"Dean Lewis","type":"artist","uri":"spotify:artist:3QSQFmccmX81fWCUSPTS7y"}],"available_markets":["AR","AU","AT","BE","BO","BR","BG","CA","CL","CO","CR","CY","CZ","DK","DO","DE","EC","EE","SV","FI","FR","GR","GT","HN","HK","HU","IS","IE","IT","LV","LT","LU","MY","MT","MX","NL","NZ","NI","NO","PA","PY","PE","PH","PL","PT","SG","SK","ES","SE","CH","TW","TR","UY","US","GB","AD","LI","MC","ID","JP","TH","VN","RO","IL","ZA","SA","AE","BH","QA","OM","KW","EG","MA","DZ","TN","LB","JO","PS","IN","KZ","MD","UA","AL","BA","HR","ME","MK","RS","SI","KR","BD","PK","LK","GH","KE","NG","TZ","UG","AG","AM","BS","BB","BZ","BT","BW","BF","CV","CW","DM","FJ","GM","GE","GD","GW","GY","HT","JM","KI","LS","LR","MW","MV","ML","MH","FM","NA","NR","NE","PW","PG","PR","WS","SM","ST","SN","SC","SL","SB","KN","LC","VC","SR","TL","TO","TT","TV","VU","AZ","BN","BI","KH","CM","TD","KM","GQ","SZ","GA","GN","KG","LA","MO","MR","MN","NP","RW","TG","UZ","ZW","BJ","MG","MU","MZ","AO","CI","DJ","ZM","CD","CG","IQ","LY","TJ","VE","ET","XK"],"external_urls":{"spotify":"https://open.spotify.com/album/7msRig3mOdFp1MeUZPngiY"},"href":"https://api.spotify.com/v1/albums/7msRig3mOdFp1MeUZPngiY","id":"7msRig3mOdFp1MeUZPngiY","images":[{"height":300,"url":"https://i.scdn.co/image/ab67616d00001e020a63b431878cbb7df4082d75","width":300},{"height":64,"url":"https://i.scdn.co/image/ab67616d000048510a63b431878cbb7df4082d75","width":64},{"height":640,"url":"https://i.scdn.co/image/ab67616d0000b2730a63b431878cbb7df4082d75","width":640}],"name":"Fall At Your Feet (with Dean Lewis)","release_date":"2024-07-12","release_date_precision":"day","total_tracks":1,"type":"album","uri":"spotify:album:7msRig3mOdFp1MeUZPngiY"},{"album_type":"single","artists":[{"external_urls":{"spotify":"https://open.spotify.com/artist/0A0FS04o6zMoto8OKPsDwY"},"href":"https://api.spotify.com/v1/artists/0A0FS04o6zMoto8OKPsDwY","id":"0A0FS04o6zMoto8OKPsDwY","name":"YG","type":"artist","uri":"spotify:artist:0A0FS04o6zMoto8OKPsDwY"},{"external_urls":{"spotify":"https://open.spotify.com/artist/6icQOAFXDZKsumw3YXyusw"},"href":"https://api.spotify.com/v1/artists/6icQOAFXDZKsumw3YXyusw","id":"6icQOAFXDZKsumw3YXyusw","name":"Lil Yachty","type":"artist","uri":"spotify:artist:6icQOAFXDZKsumw3YXyusw"},{"external_urls":{"spotify":"https://open.spotify.com/artist/3zZ88AwlTwfCJkowsFCvLA"},"href":"https://api.spotify.com/v1/artists/3zZ88AwlTwfCJkowsFCvLA","id":"3zZ88AwlTwfCJkowsFCvLA","name":"Babyface Ray","type":"artist","uri":"spotify:artist:3zZ88AwlTwfCJkowsFCvLA"}],"available_markets":["AR","AU","AT","BE","BO","BR","BG","CA","CL","CO","CR","CY","CZ","DK","DO","DE","EC","EE","SV","FI","FR","GR","GT","HN","HK","HU","IS","IE","IT","LV","LT","LU","MY","MT","MX","NL","NZ","NI","NO","PA","PY","PE","PH","PL","PT","SG","SK","ES","SE","CH","TW","TR","UY","US","GB","AD","LI","MC","ID","JP","TH","VN","RO","IL","ZA","SA","AE","BH","QA","OM","KW","EG","MA","DZ","TN","LB","JO","PS","IN","BY","KZ","MD","UA","AL","BA","HR","ME","MK","RS","SI","KR","BD","PK","LK","GH","KE","NG","TZ","UG","AG","AM","BS","BB","BZ","BT","BW","BF","CV","CW","DM","FJ","GM","GE","GD","GW","GY","HT","JM","KI","LS","LR","MW","MV","ML","MH","FM","NA","NR","NE","PW","PG","PR","WS","SM","ST","SN","SC","SL","SB","KN","LC","VC","SR","TL","TO","TT","TV","VU","AZ","BN","BI","KH","CM","TD","KM","GQ","SZ","GA","GN","KG","LA","MO","MR","MN","NP","RW","TG","UZ","ZW","BJ","MG","MU","MZ","AO","CI","DJ","ZM","CD","CG","IQ","LY","TJ","VE","ET","XK"],"external_urls":{"spotify":"https://open.spotify.com/album/0LpnKDM6JGLcZP4haLZpwI"},"href":"https://api.spotify.com/v1/albums/0LpnKDM6JGLcZP4haLZpwI","id":"0LpnKDM6JGLcZP4haLZpwI","images":[{"height":300,"url":"https://i.scdn.co/image/ab67616d00001e0269a55478b66127cc62fedfa7","width":300},{"height":64,"url":"https://i.scdn.co/image/ab67616d0000485169a55478b66127cc62fedfa7","width":64},{"height":640,"url":"https://i.scdn.co/image/ab67616d0000b27369a55478b66127cc62fedfa7","width":640}],"name":"STUPID (WITH LIL YACHTY & BABYFACE RAY)","release_date":"2024-07-09","release_date_precision":"day","total_tracks":1,"type":"album","uri":"spotify:album:0LpnKDM6JGLcZP4haLZpwI"},{"album_type":"album","artists":[{"external_urls":{"spotify":"https://open.spotify.com/artist/1QAJqy2dA3ihHBFIHRphZj"},"href":"https://api.spotify.com/v1/artists/1QAJqy2dA3ihHBFIHRphZj","id":"1QAJqy2dA3ihHBFIHRphZj","name":"Cigarettes After Sex","type":"artist","uri":"spotify:artist:1QAJqy2dA3ihHBFIHRphZj"}],"available_markets":["AR","AT","BE","BO","BR","BG","CA","CL","CO","CR","CY","CZ","DK","DO","DE","EC","EE","SV","FI","FR","GR","GT","HN","HK","HU","IS","IE","IT","LV","LT","LU","MY","MT","MX","NL","NI","NO","PA","PY","PE","PH","PL","PT","SG","SK","ES","SE","CH","TW","TR","UY","US","GB","AD","LI","MC","ID","JP","TH","VN","RO","IL","ZA","SA","AE","BH","QA","OM","KW","EG","MA","DZ","TN","LB","JO","PS","IN","BY","KZ","MD","UA","AL","BA","HR","ME","MK","RS","SI","KR","BD","PK","LK","GH","KE","NG","TZ","UG","AG","AM","BS","BB","BZ","BT","BW","BF","CV","CW","DM","FJ","GM","GE","GD","GW","GY","HT","JM","KI","LS","LR","MW","MV","ML","MH","FM","NA","NR","NE","PW","PG","PR","WS","SM","ST","SN","SC","SL","SB","KN","LC","VC","SR","TL","TO","TT","TV","VU","AZ","BN","BI","KH","CM","TD","KM","GQ","SZ","GA","GN","KG","LA","MO","MR","MN","NP","RW","TG","UZ","ZW","BJ","MG","MU","MZ","AO","CI","DJ","ZM","CD","CG","IQ","LY","TJ","VE","ET","XK"],"external_urls":{"spotify":"https://open.spotify.com/album/10i6evsxSFs2fuPQRWvI6I"},"href":"https://api.spotify.com/v1/albums/10i6evsxSFs2fuPQRWvI6I","id":"10i6evsxSFs2fuPQRWvI6I","images":[{"height":300,"url":"https://i.scdn.co/image/ab67616d00001e02765c3f0a6ce3d22bc5485010","width":300},{"height":64,"url":"https://i.scdn.co/image/ab67616d00004851765c3f0a6ce3d22bc5485010","width":64},{"height":640,"url":"https://i.scdn.co/image/ab67616d0000b273765c3f0a6ce3d22bc5485010","width":640}],"name":"X's","release_date":"2024-07-12","release_date_precision":"day","total_tracks":10,"type":"album","uri":"spotify:album:10i6evsxSFs2fuPQRWvI6I"},{"album_type":"single","artists":[{"external_urls":{"spotify":"https://open.spotify.com/artist/4RVnAU35WRWra6OZ3CbbMA"},"href":"https://api.spotify.com/v1/artists/4RVnAU35WRWra6OZ3CbbMA","id":"4RVnAU35WRWra6OZ3CbbMA","name":"Kylie Minogue","type":"artist","uri":"spotify:artist:4RVnAU35WRWra6OZ3CbbMA"},{"external_urls":{"spotify":"https://open.spotify.com/artist/64M6ah0SkkRsnPGtGiRAbb"},"href":"https://api.spotify.com/v1/artists/64M6ah0SkkRsnPGtGiRAbb","id":"64M6ah0SkkRsnPGtGiRAbb","name":"Bebe Rexha","type":"artist","uri":"spotify:artist:64M6ah0SkkRsnPGtGiRAbb"},{"external_urls":{"spotify":"https://open.spotify.com/artist/4NHQUGzhtTLFvgF5SZesLK"},"href":"https://api.spotify.com/v1/artists/4NHQUGzhtTLFvgF5SZesLK","id":"4NHQUGzhtTLFvgF5SZesLK","name":"Tove Lo","type":"artist","uri":"spotify:artist:4NHQUGzhtTLFvgF5SZesLK"}],"available_markets":["AR","AT","BE","BO","BR","BG","CA","CL","CO","CR","CY","CZ","DK","DO","DE","EC","EE","SV","FI","FR","GR","GT","HN","HK","HU","IS","IE","IT","LV","LT","LU","MY","MT","MX","NL","NI","NO","PA","PY","PE","PH","PL","PT","SG","SK","ES","SE","CH","TW","TR","UY","US","GB","AD","LI","MC","ID","JP","TH","VN","RO","IL","ZA","SA","AE","BH","QA","OM","KW","EG","MA","DZ","TN","LB","JO","PS","IN","BY","KZ","MD","UA","AL","BA","HR","ME","MK","RS","SI","KR","BD","PK","LK","GH","KE","NG","TZ","UG","AG","AM","BS","BB","BZ","BT","BW","BF","CV","CW","DM","FJ","GM","GE","GD","GW","GY","HT","JM","KI","LS","LR","MW","MV","ML","MH","FM","NA","NR","NE","PW","PG","PR","WS","SM","ST","SN","SC","SL","SB","KN","LC","VC","SR","TL","TO","TT","TV","VU","AZ","BN","BI","KH","CM","TD","KM","GQ","SZ","GA","GN","KG","LA","MO","MR","MN","NP","RW","TG","UZ","ZW","BJ","MG","MU","MZ","AO","CI","DJ","ZM","CD","CG","IQ","LY","TJ","VE","ET","XK"],"external_urls":{"spotify":"https://open.spotify.com/album/6L5PWde8zjpIa2C6SIjNv8"},"href":"https://api.spotify.com/v1/albums/6L5PWde8zjpIa2C6SIjNv8","id":"6L5PWde8zjpIa2C6SIjNv8","images":[{"height":300,"url":"https://i.scdn.co/image/ab67616d00001e024c667d5daade0d69a62234d1","width":300},{"height":64,"url":"https://i.scdn.co/image/ab67616d000048514c667d5daade0d69a62234d1","width":64},{"height":640,"url":"https://i.scdn.co/image/ab67616d0000b2734c667d5daade0d69a62234d1","width":640}],"name":"My Oh My (with Bebe Rexha & Tove Lo)","release_date":"2024-07-11","release_date_precision":"day","total_tracks":1,"type":"album","uri":"spotify:album:6L5PWde8zjpIa2C6SIjNv8"},{"album_type":"album","artists":[{"external_urls":{"spotify":"https://open.spotify.com/artist/5RJFJWYgtgWktosLrUDzff"},"href":"https://api.spotify.com/v1/artists/5RJFJWYgtgWktosLrUDzff","id":"5RJFJWYgtgWktosLrUDzff","name":"Griff","type":"artist","uri":"spotify:artist:5RJFJWYgtgWktosLrUDzff"}],"available_markets":["AR","AU","AT","BE","BO","BR","BG","CA","CL","CO","CR","CY","CZ","DK","DO","DE","EC","EE","SV","FI","FR","GR","GT","HN","HK","HU","IS","IE","IT","LV","LT","LU","MY","MT","MX","NL","NZ","NI","NO","PA","PY","PE","PH","PL","PT","SG","SK","ES","SE","CH","TW","TR","UY","US","GB","AD","LI","MC","ID","JP","TH","VN","RO","IL","ZA","SA","AE","BH","QA","OM","KW","EG","MA","DZ","TN","LB","JO","PS","IN","KZ","MD","UA","AL","BA","HR","ME","MK","RS","SI","KR","BD","PK","LK","GH","KE","NG","TZ","UG","AG","AM","BS","BB","BZ","BT","BW","BF","CV","CW","DM","FJ","GM","GE","GD","GW","GY","HT","JM","KI","LS","LR","MW","MV","ML","MH","FM","NA","NR","NE","PW","PG","PR","WS","SM","ST","SN","SC","SL","SB","KN","LC","VC","SR","TL","TO","TT","TV","VU","AZ","BN","BI","KH","CM","TD","KM","GQ","SZ","GA","GN","KG","LA","MO","MR","MN","NP","RW","TG","UZ","ZW","BJ","MG","MU","MZ","AO","CI","DJ","ZM","CD","CG","IQ","LY","TJ","VE","ET","XK"],"external_urls":{"spotify":"https://open.spotify.com/album/3VA9PnquCzG4E2GHgBzFQE"},"href":"https://api.spotify.com/v1/albums/3VA9PnquCzG4E2GHgBzFQE","id":"3VA9PnquCzG4E2GHgBzFQE","images":[{"height":300,"url":"https://i.scdn.co/image/ab67616d00001e02961e1590a2f35c12814c9f8f","width":300},{"height":64,"url":"https://i.scdn.co/image/ab67616d00004851961e1590a2f35c12814c9f8f","width":64},{"height":640,"url":"https://i.scdn.co/image/ab67616d0000b273961e1590a2f35c12814c9f8f","width":640}],"name":"Vertigo","release_date":"2024-07-12","release_date_precision":"day","total_tracks":14,"type":"album","uri":"spotify:album:3VA9PnquCzG4E2GHgBzFQE"},{"album_type":"album","artists":[{"external_urls":{"spotify":"https://open.spotify.com/artist/3bUwxJgNakzYKkqAVgZLlh"},"href":"https://api.spotify.com/v1/artists/3bUwxJgNakzYKkqAVgZLlh","id":"3bUwxJgNakzYKkqAVgZLlh","name":"Travis","type":"artist","uri":"spotify:artist:3bUwxJgNakzYKkqAVgZLlh"}],"available_markets":["AR","AU","AT","BE","BO","BR","BG","CA","CL","CO","CR","CY","CZ","DK","DO","DE","EC","EE","SV","FI","FR","GR","GT","HN","HK","HU","IS","IE","IT","LV","LT","LU","MY","MT","MX","NL","NZ","NI","NO","PA","PY","PE","PH","PL","PT","SG","SK","ES","SE","CH","TW","TR","UY","US","GB","AD","LI","MC","ID","JP","TH","VN","RO","IL","ZA","SA","AE","BH","QA","OM","KW","EG","MA","DZ","TN","LB","JO","PS","IN","BY","KZ","MD","UA","AL","BA","HR","ME","MK","RS","SI","KR","BD","PK","LK","GH","KE","NG","TZ","UG","AG","AM","BS","BB","BZ","BT","BW","BF","CV","CW","DM","FJ","GM","GE","GD","GW","GY","HT","JM","KI","LS","LR","MW","MV","ML","MH","FM","NA","NR","NE","PW","PG","PR","WS","SM","ST","SN","SC","SL","SB","KN","LC","VC","SR","TL","TO","TT","TV","VU","AZ","BN","BI","KH","CM","TD","KM","GQ","SZ","GA","GN","KG","LA","MO","MR","MN","NP","RW","TG","UZ","ZW","BJ","MG","MU","MZ","AO","CI","DJ","ZM","CD","CG","IQ","LY","TJ","VE","ET","XK"],"external_urls":{"spotify":"https://open.spotify.com/album/7wYyR1xrLO0uWxBlanysNT"},"href":"https://api.spotify.com/v1/albums/7wYyR1xrLO0uWxBlanysNT","id":"7wYyR1xrLO0uWxBlanysNT","images":[{"height":300,"url":"https://i.scdn.co/image/ab67616d00001e021ed4db3926bfff6a9e88d287","width":300},{"height":64,"url":"https://i.scdn.co/image/ab67616d000048511ed4db3926bfff6a9e88d287","width":64},{"height":640,"url":"https://i.scdn.co/image/ab67616d0000b2731ed4db3926bfff6a9e88d287","width":640}],"name":"L.A. Times","release_date":"2024-07-12","release_date_precision":"day","total_tracks":16,"type":"album","uri":"spotify:album:7wYyR1xrLO0uWxBlanysNT"},{"album_type":"single","artists":[{"external_urls":{"spotify":"https://open.spotify.com/artist/0SfsnGyD8FpIN4U4WCkBZ5"},"href":"https://api.spotify.com/v1/artists/0SfsnGyD8FpIN4U4WCkBZ5","id":"0SfsnGyD8FpIN4U4WCkBZ5","name":"Armin van Buuren","type":"artist","uri":"spotify:artist:0SfsnGyD8FpIN4U4WCkBZ5"},{"external_urls":{"spotify":"https://open.spotify.com/artist/1Cs0zKBU1kc0i8ypK3B9ai"},"href":"https://api.spotify.com/v1/artists/1Cs0zKBU1kc0i8ypK3B9ai","id":"1Cs0zKBU1kc0i8ypK3B9ai","name":"David Guetta","type":"artist","uri":"spotify:artist:1Cs0zKBU1kc0i8ypK3B9ai"},{"external_urls":{"spotify":"https://open.spotify.com/artist/15SHURx3CnODWKpjmNcxgO"},"href":"https://api.spotify.com/v1/artists/15SHURx3CnODWKpjmNcxgO","id":"15SHURx3CnODWKpjmNcxgO","name":"Aldae","type":"artist","uri":"spotify:artist:15SHURx3CnODWKpjmNcxgO"}],"available_markets":["AU","BE","BG","CY","CZ","DK","EE","FI","FR","GR","HK","HU","IS","IE","IT","LV","LT","LU","MY","MT","NL","NZ","NO","PH","PL","PT","SG","SK","ES","SE","TW","TR","US","GB","AD","LI","MC","ID","JP","TH","VN","RO","IL","ZA","SA","AE","BH","QA","OM","KW","EG","MA","DZ","TN","LB","JO","PS","IN","BY","KZ","MD","UA","AL","BA","HR","ME","MK","RS","SI","KR","BD","PK","LK","GH","KE","NG","TZ","UG","AM","BT","BW","BF","CV","CW","FJ","GM","GE","GW","GY","KI","LS","LR","MW","MV","ML","MH","FM","NA","NR","NE","PW","PG","PR","WS","SM","ST","SN","SC","SL","SB","TL","TO","TV","VU","AZ","BN","BI","KH","CM","TD","KM","GQ","SZ","GA","GN","KG","LA","MO","MR","MN","NP","RW","TG","UZ","ZW","BJ","MG","MU","MZ","AO","CI","DJ","ZM","CD","CG","IQ","LY","TJ","ET","XK"],"external_urls":{"spotify":"https://open.spotify.com/album/34XrK5yFLziX15BSjDDiyO"},"href":"https://api.spotify.com/v1/albums/34XrK5yFLziX15BSjDDiyO","id":"34XrK5yFLziX15BSjDDiyO","images":[{"height":300,"url":"https://i.scdn.co/image/ab67616d00001e02854f4a260d7816f974bd2a39","width":300},{"height":64,"url":"https://i.scdn.co/image/ab67616d00004851854f4a260d7816f974bd2a39","width":64},{"height":640,"url":"https://i.scdn.co/image/ab67616d0000b273854f4a260d7816f974bd2a39","width":640}],"name":"In The Dark","release_date":"2024-07-12","release_date_precision":"day","total_tracks":1,"type":"album","uri":"spotify:album:34XrK5yFLziX15BSjDDiyO"},{"album_type":"single","artists":[{"external_urls":{"spotify":"https://open.spotify.com/artist/1wRPtKGflJrBx9BmLsSwlU"},"href":"https://api.spotify.com/v1/artists/1wRPtKGflJrBx9BmLsSwlU","id":"1wRPtKGflJrBx9BmLsSwlU","name":"Pritam","type":"artist","uri":"spotify:artist:1wRPtKGflJrBx9BmLsSwlU"},{"external_urls":{"spotify":"https://open.spotify.com/artist/4YRxDV8wJFPHPTeXepOstw"},"href":"https://api.spotify.com/v1/artists/4YRxDV8wJFPHPTeXepOstw","id":"4YRxDV8wJFPHPTeXepOstw","name":"Arijit Singh","type":"artist","uri":"spotify:artist:4YRxDV8wJFPHPTeXepOstw"},{"external_urls":{"spotify":"https://open.spotify.com/artist/2LgKrgRJcbJlt14i1LTzDU"},"href":"https://api.spotify.com/v1/artists/2LgKrgRJcbJlt14i1LTzDU","id":"2LgKrgRJcbJlt14i1LTzDU","name":"Amit Mishra","type":"artist","uri":"spotify:artist:2LgKrgRJcbJlt14i1LTzDU"}],"available_markets":["AR","AU","AT","BE","BO","BR","BG","CA","CL","CO","CR","CY","CZ","DK","DO","DE","EC","EE","SV","FI","FR","GR","GT","HN","HK","HU","IS","IE","IT","LV","LT","LU","MY","MT","MX","NL","NZ","NI","NO","PA","PY","PE","PH","PL","PT","SG","SK","ES","SE","CH","TW","TR","UY","US","GB","AD","LI","MC","ID","JP","TH","VN","RO","IL","ZA","SA","AE","BH","QA","OM","KW","EG","MA","DZ","TN","LB","JO","PS","IN","BY","KZ","MD","UA","AL","BA","HR","ME","MK","RS","SI","KR","BD","PK","LK","GH","KE","NG","TZ","UG","AG","AM","BS","BB","BZ","BT","BW","BF","CV","CW","DM","FJ","GM","GE","GD","GW","GY","HT","JM","KI","LS","LR","MW","MV","ML","MH","FM","NA","NR","NE","PW","PG","PR","WS","SM","ST","SN","SC","SL","SB","KN","LC","VC","SR","TL","TO","TT","TV","VU","AZ","BN","BI","KH","CM","TD","KM","GQ","SZ","GA","GN","KG","LA","MO","MR","MN","NP","RW","TG","UZ","ZW","BJ","MG","MU","MZ","AO","CI","DJ","ZM","CD","CG","IQ","LY","TJ","VE","ET","XK"],"external_urls":{"spotify":"https://open.spotify.com/album/6LVS3ciZv4mt2m1dA5FWnx"},"href":"https://api.spotify.com/v1/albums/6LVS3ciZv4mt2m1dA5FWnx","id":"6LVS3ciZv4mt2m1dA5FWnx","images":[{"height":300,"url":"https://i.scdn.co/image/ab67616d00001e02d45d964b438b8297eb908384","width":300},{"height":64,"url":"https://i.scdn.co/image/ab67616d00004851d45d964b438b8297eb908384","width":64},{"height":640,"url":"https://i.scdn.co/image/ab67616d0000b273d45d964b438b8297eb908384","width":640}],"name":"Tu Hai Champion (From \"Chandu Champion\")","release_date":"2024-05-30","release_date_precision":"day","total_tracks":1,"type":"album","uri":"spotify:album:6LVS3ciZv4mt2m1dA5FWnx"},{"album_type":"single","artists":[{"external_urls":{"spotify":"https://open.spotify.com/artist/1wRPtKGflJrBx9BmLsSwlU"},"href":"https://api.spotify.com/v1/artists/1wRPtKGflJrBx9BmLsSwlU","id":"1wRPtKGflJrBx9BmLsSwlU","name":"Pritam","type":"artist","uri":"spotify:artist:1wRPtKGflJrBx9BmLsSwlU"},{"external_urls":{"spotify":"https://open.spotify.com/artist/4YRxDV8wJFPHPTeXepOstw"},"href":"https://api.spotify.com/v1/artists/4YRxDV8wJFPHPTeXepOstw","id":"4YRxDV8wJFPHPTeXepOstw","name":"Arijit Singh","type":"artist","uri":"spotify:artist:4YRxDV8wJFPHPTeXepOstw"},{"external_urls":{"spotify":"https://open.spotify.com/artist/4kq8z3vydHjPDggxb16ErB"},"href":"https://api.spotify.com/v1/artists/4kq8z3vydHjPDggxb16ErB","id":"4kq8z3vydHjPDggxb16ErB","name":"Nakash Aziz","type":"artist","uri":"spotify:artist:4kq8z3vydHjPDggxb16ErB"}],"available_markets":["AR","AU","AT","BE","BO","BR","BG","CA","CL","CO","CR","CY","CZ","DK","DO","DE","EC","EE","SV","FI","FR","GR","GT","HN","HK","HU","IS","IE","IT","LV","LT","LU","MY","MT","MX","NL","NZ","NI","NO","PA","PY","PE","PH","PL","PT","SG","SK","ES","SE","CH","TW","TR","UY","US","GB","AD","LI","MC","ID","JP","TH","VN","RO","IL","ZA","SA","AE","BH","QA","OM","KW","EG","MA","DZ","TN","LB","JO","PS","IN","BY","KZ","MD","UA","AL","BA","HR","ME","MK","RS","SI","KR","BD","PK","LK","GH","KE","NG","TZ","UG","AG","AM","BS","BB","BZ","BT","BW","BF","CV","CW","DM","FJ","GM","GE","GD","GW","GY","HT","JM","KI","LS","LR","MW","MV","ML","MH","FM","NA","NR","NE","PW","PG","PR","WS","SM","ST","SN","SC","SL","SB","KN","LC","VC","SR","TL","TO","TT","TV","VU","AZ","BN","BI","KH","CM","TD","KM","GQ","SZ","GA","GN","KG","LA","MO","MR","MN","NP","RW","TG","UZ","ZW","BJ","MG","MU","MZ","AO","CI","DJ","ZM","CD","CG","IQ","LY","TJ","VE","ET","XK"],"external_urls":{"spotify":"https://open.spotify.com/album/5FTM4NCtG5AT3PFsNXbVTr"},"href":"https://api.spotify.com/v1/albums/5FTM4NCtG5AT3PFsNXbVTr","id":"5FTM4NCtG5AT3PFsNXbVTr","images":[{"height":300,"url":"https://i.scdn.co/image/ab67616d00001e025cee751f037b3400e2c3e882","width":300},{"height":64,"url":"https://i.scdn.co/image/ab67616d000048515cee751f037b3400e2c3e882","width":64},{"height":640,"url":"https://i.scdn.co/image/ab67616d0000b2735cee751f037b3400e2c3e882","width":640}],"name":"Satyanaas (From \"Chandu Champion\")","release_date":"2024-05-24","release_date_precision":"day","total_tracks":1,"type":"album","uri":"spotify:album:5FTM4NCtG5AT3PFsNXbVTr"},{"album_type":"album","artists":[{"external_urls":{"spotify":"https://open.spotify.com/artist/4f7KfxeHq9BiylGmyXepGt"},"href":"https://api.spotify.com/v1/artists/4f7KfxeHq9BiylGmyXepGt","id":"4f7KfxeHq9BiylGmyXepGt","name":"Tanishk Bagchi","type":"artist","uri":"spotify:artist:4f7KfxeHq9BiylGmyXepGt"},{"external_urls":{"spotify":"https://open.spotify.com/artist/5wJ1H6ud777odtZl5gG507"},"href":"https://api.spotify.com/v1/artists/5wJ1H6ud777odtZl5gG507","id":"5wJ1H6ud777odtZl5gG507","name":"Vishal Mishra","type":"artist","uri":"spotify:artist:5wJ1H6ud777odtZl5gG507"},{"external_urls":{"spotify":"https://open.spotify.com/artist/5gZhfbckaWo89OzDSk3gdT"},"href":"https://api.spotify.com/v1/artists/5gZhfbckaWo89OzDSk3gdT","id":"5gZhfbckaWo89OzDSk3gdT","name":"Jaani","type":"artist","uri":"spotify:artist:5gZhfbckaWo89OzDSk3gdT"}],"available_markets":["AR","AU","AT","BE","BO","BR","BG","CA","CL","CO","CR","CY","CZ","DK","DO","DE","EC","EE","SV","FI","FR","GR","GT","HN","HK","HU","IS","IE","IT","LV","LT","LU","MY","MT","MX","NL","NZ","NI","NO","PA","PY","PE","PH","PL","PT","SG","SK","ES","SE","CH","TW","TR","UY","US","GB","AD","LI","MC","ID","JP","TH","VN","RO","IL","ZA","SA","AE","BH","QA","OM","KW","EG","MA","DZ","TN","LB","JO","PS","IN","BY","KZ","MD","UA","AL","BA","HR","ME","MK","RS","SI","KR","BD","PK","LK","GH","KE","NG","TZ","UG","AG","AM","BS","BB","BZ","BT","BW","BF","CV","CW","DM","FJ","GM","GE","GD","GW","GY","HT","JM","KI","LS","LR","MW","MV","ML","MH","FM","NA","NR","NE","PW","PG","PR","WS","SM","ST","SN","SC","SL","SB","KN","LC","VC","SR","TL","TO","TT","TV","VU","AZ","BN","BI","KH","CM","TD","KM","GQ","SZ","GA","GN","KG","LA","MO","MR","MN","NP","RW","TG","UZ","ZW","BJ","MG","MU","MZ","AO","CI","DJ","ZM","CD","CG","IQ","LY","TJ","VE","ET","XK"],"external_urls":{"spotify":"https://open.spotify.com/album/3PI3er7mHLniPndwdo0mlA"},"href":"https://api.spotify.com/v1/albums/3PI3er7mHLniPndwdo0mlA","id":"3PI3er7mHLniPndwdo0mlA","images":[{"height":300,"url":"https://i.scdn.co/image/ab67616d00001e02373b21b6dfdb6cd71e03101f","width":300},{"height":64,"url":"https://i.scdn.co/image/ab67616d00004851373b21b6dfdb6cd71e03101f","width":64},{"height":640,"url":"https://i.scdn.co/image/ab67616d0000b273373b21b6dfdb6cd71e03101f","width":640}],"name":"Mr. And Mrs. Mahi (Original Motion Picture Soundtrack)","release_date":"2024-05-24","release_date_precision":"day","total_tracks":7,"type":"album","uri":"spotify:album:3PI3er7mHLniPndwdo0mlA"},{"album_type":"single","artists":[{"external_urls":{"spotify":"https://open.spotify.com/artist/4xerUCsurnILh4KpC5FVWX"},"href":"https://api.spotify.com/v1/artists/4xerUCsurnILh4KpC5FVWX","id":"4xerUCsurnILh4KpC5FVWX","name":"Elephant Kind","type":"artist","uri":"spotify:artist:4xerUCsurnILh4KpC5FVWX"}],"available_markets":["AR","AU","AT","BE","BO","BR","BG","CA","CL","CO","CR","CY","CZ","DK","DO","DE","EC","EE","SV","FI","FR","GR","GT","HN","HK","HU","IS","IE","IT","LV","LT","LU","MY","MT","MX","NL","NZ","NI","NO","PA","PY","PE","PH","PL","PT","SG","SK","ES","SE","CH","TW","TR","UY","US","GB","AD","LI","MC","ID","JP","TH","VN","RO","IL","ZA","SA","AE","BH","QA","OM","KW","EG","MA","DZ","TN","LB","JO","PS","IN","BY","KZ","MD","UA","AL","BA","HR","ME","MK","RS","SI","KR","BD","PK","LK","GH","KE","NG","TZ","UG","AG","AM","BS","BB","BZ","BT","BW","BF","CV","CW","DM","FJ","GM","GE","GD","GW","GY","HT","JM","KI","LS","LR","MW","MV","ML","MH","FM","NA","NR","NE","PW","PG","PR","WS","SM","ST","SN","SC","SL","SB","KN","LC","VC","SR","TL","TO","TT","TV","VU","AZ","BN","BI","KH","CM","TD","KM","GQ","SZ","GA","GN","KG","LA","MO","MR","MN","NP","RW","TG","UZ","ZW","BJ","MG","MU","MZ","AO","CI","DJ","ZM","CD","CG","IQ","LY","TJ","VE","ET","XK"],"external_urls":{"spotify":"https://open.spotify.com/album/0yx4JsRKHVe7JLgKIyebOp"},"href":"https://api.spotify.com/v1/albums/0yx4JsRKHVe7JLgKIyebOp","id":"0yx4JsRKHVe7JLgKIyebOp","images":[{"height":300,"url":"https://i.scdn.co/image/ab67616d00001e0266f0c862e7dc0e2c4f20b770","width":300},{"height":64,"url":"https://i.scdn.co/image/ab67616d0000485166f0c862e7dc0e2c4f20b770","width":64},{"height":640,"url":"https://i.scdn.co/image/ab67616d0000b27366f0c862e7dc0e2c4f20b770","width":640}],"name":"Louder","release_date":"2024-05-17","release_date_precision":"day","total_tracks":1,"type":"album","uri":"spotify:album:0yx4JsRKHVe7JLgKIyebOp"},{"album_type":"album","artists":[{"external_urls":{"spotify":"https://open.spotify.com/artist/3TkSKriI4EZmTxSFyzs0fd"},"href":"https://api.spotify.com/v1/artists/3TkSKriI4EZmTxSFyzs0fd","id":"3TkSKriI4EZmTxSFyzs0fd","name":"Ardhito Pramono","type":"artist","uri":"spotify:artist:3TkSKriI4EZmTxSFyzs0fd"}],"available_markets":["AR","AU","AT","BE","BO","BR","BG","CA","CL","CO","CR","CY","CZ","DK","DO","DE","EC","EE","SV","FI","FR","GR","GT","HN","HK","HU","IS","IE","IT","LV","LT","LU","MY","MT","MX","NL","NZ","NI","NO","PA","PY","PE","PH","PL","PT","SG","SK","ES","SE","CH","TW","TR","UY","US","GB","AD","LI","MC","ID","JP","TH","VN","RO","IL","ZA","SA","AE","BH","QA","OM","KW","EG","MA","DZ","TN","JO","PS","IN","BY","KZ","MD","UA","AL","BA","HR","ME","MK","RS","SI","KR","BD","PK","LK","GH","KE","NG","TZ","UG","AG","AM","BS","BB","BZ","BT","BW","BF","CV","CW","DM","FJ","GM","GE","GD","GW","GY","HT","JM","KI","LS","LR","MW","MV","ML","MH","FM","NA","NR","NE","PW","PG","PR","WS","SM","ST","SN","SC","SL","SB","KN","LC","VC","SR","TL","TO","TT","TV","VU","AZ","BN","BI","KH","CM","TD","KM","GQ","SZ","GA","GN","KG","LA","MO","MR","MN","NP","RW","TG","UZ","ZW","BJ","MG","MU","MZ","AO","CI","DJ","ZM","CD","CG","LY","TJ","VE","ET","XK"],"external_urls":{"spotify":"https://open.spotify.com/album/6udjCLHRuFO5Yjxy2pBlky"},"href":"https://api.spotify.com/v1/albums/6udjCLHRuFO5Yjxy2pBlky","id":"6udjCLHRuFO5Yjxy2pBlky","images":[{"height":300,"url":"https://i.scdn.co/image/ab67616d00001e02399ab79bb2c435eb6d979ecf","width":300},{"height":64,"url":"https://i.scdn.co/image/ab67616d00004851399ab79bb2c435eb6d979ecf","width":64},{"height":640,"url":"https://i.scdn.co/image/ab67616d0000b273399ab79bb2c435eb6d979ecf","width":640}],"name":"Roadtrip","release_date":"2024-05-17","release_date_precision":"day","total_tracks":11,"type":"album","uri":"spotify:album:6udjCLHRuFO5Yjxy2pBlky"},{"album_type":"single","artists":[{"external_urls":{"spotify":"https://open.spotify.com/artist/7JUNqSO2J7JcC76ShZ9DI9"},"href":"https://api.spotify.com/v1/artists/7JUNqSO2J7JcC76ShZ9DI9","id":"7JUNqSO2J7JcC76ShZ9DI9","name":"Paul Partohap","type":"artist","uri":"spotify:artist:7JUNqSO2J7JcC76ShZ9DI9"}],"available_markets":["AR","AU","AT","BE","BO","BR","BG","CA","CL","CO","CR","CY","CZ","DK","DO","DE","EC","EE","SV","FI","FR","GR","GT","HN","HK","HU","IS","IE","IT","LV","LT","LU","MY","MT","MX","NL","NZ","NI","NO","PA","PY","PE","PH","PL","PT","SG","SK","ES","SE","CH","TW","TR","UY","US","GB","AD","LI","MC","ID","JP","TH","VN","RO","IL","ZA","SA","AE","BH","QA","OM","KW","EG","MA","DZ","TN","LB","JO","PS","IN","KZ","MD","UA","AL","BA","HR","ME","MK","RS","SI","KR","BD","PK","LK","GH","KE","NG","TZ","UG","AG","AM","BS","BB","BZ","BT","BW","BF","CV","CW","DM","FJ","GM","GE","GD","GW","GY","HT","JM","KI","LS","LR","MW","MV","ML","MH","FM","NA","NR","NE","PW","PG","PR","WS","SM","ST","SN","SC","SL","SB","KN","LC","VC","SR","TL","TO","TT","TV","VU","AZ","BN","BI","KH","CM","TD","KM","GQ","SZ","GA","GN","KG","LA","MO","MR","MN","NP","RW","TG","UZ","ZW","BJ","MG","MU","MZ","AO","CI","DJ","ZM","CD","CG","IQ","LY","TJ","VE","ET","XK"],"external_urls":{"spotify":"https://open.spotify.com/album/1n9VJFm671VITcO2VnttNh"},"href":"https://api.spotify.com/v1/albums/1n9VJFm671VITcO2VnttNh","id":"1n9VJFm671VITcO2VnttNh","images":[{"height":300,"url":"https://i.scdn.co/image/ab67616d00001e02d7b6e9f7aabcdac6e0d35814","width":300},{"height":64,"url":"https://i.scdn.co/image/ab67616d00004851d7b6e9f7aabcdac6e0d35814","width":64},{"height":640,"url":"https://i.scdn.co/image/ab67616d0000b273d7b6e9f7aabcdac6e0d35814","width":640}],"name":"CANDYRELLA","release_date":"2024-05-15","release_date_precision":"day","total_tracks":2,"type":"album","uri":"spotify:album:1n9VJFm671VITcO2VnttNh"},{"album_type":"single","artists":[{"external_urls":{"spotify":"https://open.spotify.com/artist/1whPdBCsbQv270FMoML1fa"},"href":"https://api.spotify.com/v1/artists/1whPdBCsbQv270FMoML1fa","id":"1whPdBCsbQv270FMoML1fa","name":"NUZB","type":"artist","uri":"spotify:artist:1whPdBCsbQv270FMoML1fa"},{"external_urls":{"spotify":"https://open.spotify.com/artist/6h4WunR692wig5eJkBt8qQ"},"href":"https://api.spotify.com/v1/artists/6h4WunR692wig5eJkBt8qQ","id":"6h4WunR692wig5eJkBt8qQ","name":"QuickBuck","type":"artist","uri":"spotify:artist:6h4WunR692wig5eJkBt8qQ"}],"available_markets":["AR","AU","AT","BE","BO","BR","BG","CA","CL","CO","CR","CY","CZ","DK","DO","DE","EC","EE","SV","FI","FR","GR","GT","HN","HU","IS","IE","IT","LV","LT","LU","MY","MT","MX","NL","NZ","NI","NO","PA","PY","PE","PH","PL","PT","SG","SK","ES","SE","CH","TR","UY","US","GB","AD","LI","MC","JP","TH","VN","RO","IL","ZA","SA","AE","BH","QA","OM","KW","EG","MA","DZ","TN","LB","JO","PS","IN","BY","KZ","MD","UA","AL","BA","HR","ME","MK","RS","SI","KR","BD","PK","LK","GH","KE","NG","TZ","UG","AG","AM","BS","BB","BZ","BT","BW","BF","CV","CW","DM","FJ","GM","GE","GD","GW","GY","HT","JM","KI","LS","LR","MW","MV","ML","MH","FM","NA","NR","NE","PW","PG","PR","WS","SM","ST","SN","SC","SL","SB","KN","LC","VC","SR","TL","TO","TT","TV","VU","AZ","BN","BI","KH","CM","TD","KM","GQ","SZ","GA","GN","KG","LA","MR","MN","NP","RW","TG","UZ","ZW","BJ","MG","MU","MZ","AO","CI","DJ","ZM","CD","CG","IQ","LY","TJ","VE","ET","XK"],"external_urls":{"spotify":"https://open.spotify.com/album/07tlJPRw1kXHayjJ0rgatM"},"href":"https://api.spotify.com/v1/albums/07tlJPRw1kXHayjJ0rgatM","id":"07tlJPRw1kXHayjJ0rgatM","images":[{"height":300,"url":"https://i.scdn.co/image/ab67616d00001e02304361c669b0863251c6668c","width":300},{"height":64,"url":"https://i.scdn.co/image/ab67616d00004851304361c669b0863251c6668c","width":64},{"height":640,"url":"https://i.scdn.co/image/ab67616d0000b273304361c669b0863251c6668c","width":640}],"name":"Give All","release_date":"2024-05-17","release_date_precision":"day","total_tracks":1,"type":"album","uri":"spotify:album:07tlJPRw1kXHayjJ0rgatM"},{"album_type":"single","artists":[{"external_urls":{"spotify":"https://open.spotify.com/artist/6xQvQwZQQuq9R3TdPNbcR8"},"href":"https://api.spotify.com/v1/artists/6xQvQwZQQuq9R3TdPNbcR8","id":"6xQvQwZQQuq9R3TdPNbcR8","name":"Bassjackers","type":"artist","uri":"spotify:artist:6xQvQwZQQuq9R3TdPNbcR8"},{"external_urls":{"spotify":"https://open.spotify.com/artist/6AtgLd3rwVPep5RSPWRQ1T"},"href":"https://api.spotify.com/v1/artists/6AtgLd3rwVPep5RSPWRQ1T","id":"6AtgLd3rwVPep5RSPWRQ1T","name":"WUKONG","type":"artist","uri":"spotify:artist:6AtgLd3rwVPep5RSPWRQ1T"},{"external_urls":{"spotify":"https://open.spotify.com/artist/5ZvQPPwdcOmk7rXvPEnJwp"},"href":"https://api.spotify.com/v1/artists/5ZvQPPwdcOmk7rXvPEnJwp","id":"5ZvQPPwdcOmk7rXvPEnJwp","name":"D Jayne","type":"artist","uri":"spotify:artist:5ZvQPPwdcOmk7rXvPEnJwp"}],"available_markets":["AR","AU","AT","BE","BO","BR","BG","CA","CL","CO","CR","CY","CZ","DK","DO","DE","EC","EE","SV","FI","FR","GR","GT","HN","HK","HU","IS","IE","IT","LV","LT","LU","MY","MT","MX","NL","NZ","NI","NO","PA","PY","PE","PH","PL","PT","SG","SK","ES","SE","CH","TW","TR","UY","US","GB","AD","LI","MC","ID","JP","TH","VN","RO","IL","ZA","SA","AE","BH","QA","OM","KW","EG","MA","DZ","TN","LB","JO","PS","IN","BY","KZ","MD","UA","AL","BA","HR","ME","MK","RS","SI","KR","BD","PK","LK","GH","KE","NG","TZ","UG","AG","AM","BS","BB","BZ","BT","BW","BF","CV","CW","DM","FJ","GM","GE","GD","GW","GY","HT","JM","KI","LS","LR","MW","MV","ML","MH","FM","NA","NR","NE","PW","PG","PR","WS","SM","ST","SN","SC","SL","SB","KN","LC","VC","SR","TL","TO","TT","TV","VU","AZ","BN","BI","KH","CM","TD","KM","GQ","SZ","GA","GN","KG","LA","MO","MR","MN","NP","RW","TG","UZ","ZW","BJ","MG","MU","MZ","AO","CI","DJ","ZM","CD","CG","IQ","LY","TJ","VE","ET","XK"],"external_urls":{"spotify":"https://open.spotify.com/album/1AWqGYJ1b3KAYwpck8C3Wm"},"href":"https://api.spotify.com/v1/albums/1AWqGYJ1b3KAYwpck8C3Wm","id":"1AWqGYJ1b3KAYwpck8C3Wm","images":[{"height":300,"url":"https://i.scdn.co/image/ab67616d00001e02584e5e742ddea09b5f4eea7a","width":300},{"height":64,"url":"https://i.scdn.co/image/ab67616d00004851584e5e742ddea09b5f4eea7a","width":64},{"height":640,"url":"https://i.scdn.co/image/ab67616d0000b273584e5e742ddea09b5f4eea7a","width":640}],"name":"I Believe","release_date":"2024-05-17","release_date_precision":"day","total_tracks":1,"type":"album","uri":"spotify:album:1AWqGYJ1b3KAYwpck8C3Wm"},{"album_type":"single","artists":[{"external_urls":{"spotify":"https://open.spotify.com/artist/3AQRLZ9PuTAozP28Skbq8V"},"href":"https://api.spotify.com/v1/artists/3AQRLZ9PuTAozP28Skbq8V","id":"3AQRLZ9PuTAozP28Skbq8V","name":"The Script","type":"artist","uri":"spotify:artist:3AQRLZ9PuTAozP28Skbq8V"}],"available_markets":["AR","AU","AT","BE","BO","BR","BG","CA","CL","CO","CR","CY","CZ","DK","DO","DE","EC","EE","SV","FI","FR","GR","GT","HN","HK","HU","IS","IE","IT","LV","LT","LU","MY","MT","MX","NL","NZ","NI","NO","PA","PY","PE","PH","PL","PT","SG","SK","ES","SE","CH","TW","TR","UY","US","GB","AD","LI","MC","ID","JP","TH","VN","RO","IL","ZA","SA","AE","BH","QA","OM","KW","EG","MA","DZ","TN","LB","JO","PS","IN","BY","KZ","MD","UA","AL","BA","HR","ME","MK","RS","SI","KR","BD","PK","LK","GH","KE","NG","TZ","UG","AG","AM","BS","BB","BZ","BT","BW","BF","CV","CW","DM","FJ","GM","GE","GD","GW","GY","HT","JM","KI","LS","LR","MW","MV","ML","MH","FM","NA","NR","NE","PW","PG","PR","WS","SM","ST","SN","SC","SL","SB","KN","LC","VC","SR","TL","TO","TT","TV","VU","AZ","BN","BI","KH","CM","TD","KM","GQ","SZ","GA","GN","KG","LA","MO","MR","MN","NP","RW","TG","UZ","ZW","BJ","MG","MU","MZ","AO","CI","DJ","ZM","CD","CG","IQ","LY","TJ","VE","ET","XK"],"external_urls":{"spotify":"https://open.spotify.com/album/3eh5lPgtVovNYkSdGlRi5I"},"href":"https://api.spotify.com/v1/albums/3eh5lPgtVovNYkSdGlRi5I","id":"3eh5lPgtVovNYkSdGlRi5I","images":[{"height":300,"url":"https://i.scdn.co/image/ab67616d00001e023002eb3778cb29467866760b","width":300},{"height":64,"url":"https://i.scdn.co/image/ab67616d000048513002eb3778cb29467866760b","width":64},{"height":640,"url":"https://i.scdn.co/image/ab67616d0000b2733002eb3778cb29467866760b","width":640}],"name":"Both Ways","release_date":"2024-05-17","release_date_precision":"day","total_tracks":1,"type":"album","uri":"spotify:album:3eh5lPgtVovNYkSdGlRi5I"}],"limit":20,"next":"https://api.spotify.com/v1/browse/new-releases?offset=20&limit=20","offset":0,"previous":null,"total":100}}
]]></system-out>
  </testcase>
</testsuite>