<?xml version="1.0" encoding="UTF-8"?>
<!-- Generated by org.testng.reporters.JUnitReportReporter -->
<testsuite hostname="Harishyam" failures="0" tests="8" name="webAPI.TestAlbum" time="3.173" errors="0" timestamp="2024-12-12T01:59:03 IST" skipped="0">
  <testcase classname="webAPI.TestAlbum" name="getArtist" time="1.254"/>
  <system-out/>
  <testcase classname="webAPI.TestAlbum" name="getAlbum" time="0.236"/>
  <system-out/>
  <testcase classname="webAPI.TestAlbum" name="getSeveralAlbums" time="0.268"/>
  <system-out/>
  <testcase classname="webAPI.TestAlbum" name="getAlbumTracks" time="0.230"/>
  <system-out/>
  <testcase classname="webAPI.TestAlbum" name="getUserSavedAlbums" time="0.349"/>
  <system-out/>
  <testcase classname="webAPI.TestAlbum" name="saveAlbumForUser" time="0.184"/>
  <system-out/>
  <testcase classname="webAPI.TestAlbum" name="removeAlbumForUser" time="0.176"/>
  <system-out/>
  <testcase classname="webAPI.TestAlbum" name="getNewRelease" time="0.476"/>
  <system-out/>
</testsuite> <!-- webAPI.TestAlbum -->
