<?xml version="1.0" encoding="UTF-8"?>
<!-- Generated by org.testng.reporters.JUnitReportReporter -->
<testsuite hostname="Harishyam" failures="0" tests="1" name="util.AccessToken" time="1.775" errors="0" timestamp="2024-12-05T04:03:35 IST" skipped="0">
  <testcase classname="util.AccessToken" name="refreshUserLibModifyToken" time="1.775"/>
  <system-out/>
</testsuite> <!-- util.AccessToken -->
