<?xml version="1.0" encoding="UTF-8"?>
<!-- Generated by org.testng.reporters.JUnitReportReporter -->
<testsuite hostname="Harishyam" failures="0" tests="8" name="webAPI.TestAlbum" time="5.032" errors="0" timestamp="2024-12-07T06:04:18 IST" skipped="0">
  <testcase classname="webAPI.TestAlbum" name="getArtist" time="2.810"/>
  <system-out/>
  <testcase classname="webAPI.TestAlbum" name="getAlbum" time="0.264"/>
  <system-out/>
  <testcase classname="webAPI.TestAlbum" name="getSeveralAlbums" time="0.374"/>
  <system-out/>
  <testcase classname="webAPI.TestAlbum" name="getAlbumTracks" time="0.244"/>
  <system-out/>
  <testcase classname="webAPI.TestAlbum" name="getUserSavedAlbums" time="0.388"/>
  <system-out/>
  <testcase classname="webAPI.TestAlbum" name="saveAlbumForUser" time="0.205"/>
  <system-out/>
  <testcase classname="webAPI.TestAlbum" name="removeAlbumForUser" time="0.198"/>
  <system-out/>
  <testcase classname="webAPI.TestAlbum" name="getNewRelease" time="0.549"/>
  <system-out/>
</testsuite> <!-- webAPI.TestAlbum -->
