<?xml version="1.0" encoding="UTF-8"?>
<!-- Generated by org.testng.reporters.JUnitReportReporter -->
<testsuite hostname="Harishyam" failures="0" tests="1" name="util.AccessToken" time="2.720" errors="0" timestamp="2024-12-07T03:55:26 IST" skipped="0">
  <testcase classname="util.AccessToken" name="refreshUserLibModifyToken" time="2.720"/>
  <system-out/>
</testsuite> <!-- util.AccessToken -->
