<?xml version="1.0" encoding="UTF-8"?>
<!-- Generated by org.testng.reporters.JUnitReportReporter -->
<testsuite hostname="Harishyam" failures="0" tests="8" name="webAPI.TestAlbum" time="6.117" errors="0" timestamp="2024-12-06T04:07:29 IST" skipped="0">
  <testcase classname="webAPI.TestAlbum" name="getArtist" time="2.457"/>
  <system-out/>
  <testcase classname="webAPI.TestAlbum" name="getAlbum" time="0.257"/>
  <system-out/>
  <testcase classname="webAPI.TestAlbum" name="getSeveralAlbums" time="0.284"/>
  <system-out/>
  <testcase classname="webAPI.TestAlbum" name="getAlbumTracks" time="0.254"/>
  <system-out/>
  <testcase classname="webAPI.TestAlbum" name="getUserSavedAlbums" time="0.385"/>
  <system-out/>
  <testcase classname="webAPI.TestAlbum" name="saveAlbumForUser" time="1.468"/>
  <system-out/>
  <testcase classname="webAPI.TestAlbum" name="removeAlbumForUser" time="0.591"/>
  <system-out/>
  <testcase classname="webAPI.TestAlbum" name="getNewRelease" time="0.421"/>
  <system-out/>
</testsuite> <!-- webAPI.TestAlbum -->
